<?xml version="1.0" encoding="UTF-8"?>
<testng-results ignored="0" total="72" passed="47" failed="25" skipped="0">
  <reporter-output>
  </reporter-output>
  <suite started-at="2024-07-12T12:11:33 CEST" name="Default suite" finished-at="2024-07-12T12:22:08 CEST" duration-ms="635291">
    <groups>
    </groups>
    <test started-at="2024-07-12T12:11:33 CEST" name="Default test" finished-at="2024-07-12T12:22:08 CEST" duration-ms="635291">
      <class name="projectSauceDemo.TestSauceDemoClass">
        <test-method is-config="true" signature="initialization()[pri:0, instance:projectSauceDemo.TestSauceDemoClass@59505b48]" started-at="2024-07-12T12:11:33 CEST" name="initialization" finished-at="2024-07-12T12:11:35 CEST" duration-ms="1841" status="PASS">
          <reporter-output>
          </reporter-output>
        </test-method> <!-- initialization -->
        <test-method is-config="true" signature="setUp()[pri:0, instance:projectSauceDemo.TestSauceDemoClass@59505b48]" started-at="2024-07-12T12:11:35 CEST" name="setUp" finished-at="2024-07-12T12:11:35 CEST" duration-ms="0" status="PASS">
          <reporter-output>
          </reporter-output>
        </test-method> <!-- setUp -->
        <test-method is-config="true" signature="navigation()[pri:0, instance:projectSauceDemo.TestSauceDemoClass@59505b48]" started-at="2024-07-12T12:11:35 CEST" name="navigation" finished-at="2024-07-12T12:11:35 CEST" duration-ms="551" status="PASS">
          <reporter-output>
          </reporter-output>
        </test-method> <!-- navigation -->
        <test-method signature="testCase1()[pri:0, instance:projectSauceDemo.TestSauceDemoClass@59505b48]" started-at="2024-07-12T12:11:35 CEST" name="testCase1" finished-at="2024-07-12T12:11:37 CEST" duration-ms="1763" status="PASS">
          <reporter-output>
          </reporter-output>
        </test-method> <!-- testCase1 -->
        <test-method is-config="true" signature="deleteCookie()[pri:0, instance:projectSauceDemo.TestSauceDemoClass@59505b48]" started-at="2024-07-12T12:11:37 CEST" name="deleteCookie" finished-at="2024-07-12T12:11:37 CEST" duration-ms="15" status="PASS">
          <reporter-output>
          </reporter-output>
        </test-method> <!-- deleteCookie -->
        <test-method is-config="true" signature="navigation()[pri:0, instance:projectSauceDemo.TestSauceDemoClass@59505b48]" started-at="2024-07-12T12:11:37 CEST" name="navigation" finished-at="2024-07-12T12:11:37 CEST" duration-ms="102" status="PASS">
          <reporter-output>
          </reporter-output>
        </test-method> <!-- navigation -->
        <test-method signature="testCase10()[pri:0, instance:projectSauceDemo.TestSauceDemoClass@59505b48]" started-at="2024-07-12T12:11:37 CEST" name="testCase10" finished-at="2024-07-12T12:11:38 CEST" duration-ms="453" status="PASS">
          <reporter-output>
          </reporter-output>
        </test-method> <!-- testCase10 -->
        <test-method is-config="true" signature="deleteCookie()[pri:0, instance:projectSauceDemo.TestSauceDemoClass@59505b48]" started-at="2024-07-12T12:11:38 CEST" name="deleteCookie" finished-at="2024-07-12T12:11:38 CEST" duration-ms="14" status="PASS">
          <reporter-output>
          </reporter-output>
        </test-method> <!-- deleteCookie -->
        <test-method is-config="true" signature="navigation()[pri:0, instance:projectSauceDemo.TestSauceDemoClass@59505b48]" started-at="2024-07-12T12:11:38 CEST" name="navigation" finished-at="2024-07-12T12:11:38 CEST" duration-ms="68" status="PASS">
          <reporter-output>
          </reporter-output>
        </test-method> <!-- navigation -->
        <test-method signature="testCase11()[pri:0, instance:projectSauceDemo.TestSauceDemoClass@59505b48]" started-at="2024-07-12T12:11:38 CEST" name="testCase11" finished-at="2024-07-12T12:11:39 CEST" duration-ms="852" status="FAIL">
          <exception class="java.lang.AssertionError">
            <message>
              <![CDATA[The following asserts failed:
did not expect [$29.99] but found [$29.99]]]>
            </message>
            <full-stacktrace>
              <![CDATA[java.lang.AssertionError: The following asserts failed:
did not expect [$29.99] but found [$29.99]
at org.testng.asserts.SoftAssert.assertAll(SoftAssert.java:47)
at org.testng.asserts.SoftAssert.assertAll(SoftAssert.java:31)
at projectSauceDemo.LoginSauceDemoClass.clickOnTheListPrice6(LoginSauceDemoClass.java:662)
at projectSauceDemo.TestSauceDemoClass.testCase11(TestSauceDemoClass.java:239)
at java.base/jdk.internal.reflect.NativeMethodAccessorImpl.invoke0(Native Method)
at java.base/jdk.internal.reflect.NativeMethodAccessorImpl.invoke(NativeMethodAccessorImpl.java:77)
at java.base/jdk.internal.reflect.DelegatingMethodAccessorImpl.invoke(DelegatingMethodAccessorImpl.java:43)
at java.base/java.lang.reflect.Method.invoke(Method.java:568)
at org.testng.internal.MethodInvocationHelper.invokeMethod(MethodInvocationHelper.java:133)
at org.testng.internal.TestInvoker.invokeMethod(TestInvoker.java:598)
at org.testng.internal.TestInvoker.invokeTestMethod(TestInvoker.java:173)
at org.testng.internal.MethodRunner.runInSequence(MethodRunner.java:46)
at org.testng.internal.TestInvoker$MethodInvocationAgent.invoke(TestInvoker.java:824)
at org.testng.internal.TestInvoker.invokeTestMethods(TestInvoker.java:146)
at org.testng.internal.TestMethodWorker.invokeTestMethods(TestMethodWorker.java:146)
at org.testng.internal.TestMethodWorker.run(TestMethodWorker.java:128)
at java.base/java.util.ArrayList.forEach(ArrayList.java:1511)
at org.testng.TestRunner.privateRun(TestRunner.java:794)
at org.testng.TestRunner.run(TestRunner.java:596)
at org.testng.SuiteRunner.runTest(SuiteRunner.java:377)
at org.testng.SuiteRunner.runSequentially(SuiteRunner.java:371)
at org.testng.SuiteRunner.privateRun(SuiteRunner.java:332)
at org.testng.SuiteRunner.run(SuiteRunner.java:276)
at org.testng.SuiteRunnerWorker.runSuite(SuiteRunnerWorker.java:53)
at org.testng.SuiteRunnerWorker.run(SuiteRunnerWorker.java:96)
at org.testng.TestNG.runSuitesSequentially(TestNG.java:1212)
at org.testng.TestNG.runSuitesLocally(TestNG.java:1134)
at org.testng.TestNG.runSuites(TestNG.java:1063)
at org.testng.TestNG.run(TestNG.java:1031)
at org.testng.remote.AbstractRemoteTestNG.run(AbstractRemoteTestNG.java:115)
at org.testng.remote.RemoteTestNG.initAndRun(RemoteTestNG.java:293)
at org.testng.remote.RemoteTestNG.main(RemoteTestNG.java:91)
]]>
            </full-stacktrace>
          </exception> <!-- java.lang.AssertionError -->
          <reporter-output>
          </reporter-output>
        </test-method> <!-- testCase11 -->
        <test-method is-config="true" signature="deleteCookie()[pri:0, instance:projectSauceDemo.TestSauceDemoClass@59505b48]" started-at="2024-07-12T12:11:39 CEST" name="deleteCookie" finished-at="2024-07-12T12:11:39 CEST" duration-ms="30" status="PASS">
          <reporter-output>
          </reporter-output>
        </test-method> <!-- deleteCookie -->
        <test-method is-config="true" signature="navigation()[pri:0, instance:projectSauceDemo.TestSauceDemoClass@59505b48]" started-at="2024-07-12T12:11:39 CEST" name="navigation" finished-at="2024-07-12T12:11:39 CEST" duration-ms="163" status="PASS">
          <reporter-output>
          </reporter-output>
        </test-method> <!-- navigation -->
        <test-method signature="testCase12()[pri:0, instance:projectSauceDemo.TestSauceDemoClass@59505b48]" started-at="2024-07-12T12:11:39 CEST" name="testCase12" finished-at="2024-07-12T12:11:40 CEST" duration-ms="771" status="FAIL">
          <exception class="java.lang.AssertionError">
            <message>
              <![CDATA[The following asserts failed:
The names are not different expected [Sauce Labs Fleece Jacket] but found [Sauce Labs Backpack],
expected [https://www.saucedemo.com/inventory-item.html?id=4] but found [https://www.saucedemo.com/inventory-item.html?id=5]]]>
            </message>
            <full-stacktrace>
              <![CDATA[java.lang.AssertionError: The following asserts failed:
The names are not different expected [Sauce Labs Fleece Jacket] but found [Sauce Labs Backpack],
expected [https://www.saucedemo.com/inventory-item.html?id=4] but found [https://www.saucedemo.com/inventory-item.html?id=5]
at org.testng.asserts.SoftAssert.assertAll(SoftAssert.java:47)
at org.testng.asserts.SoftAssert.assertAll(SoftAssert.java:31)
at projectSauceDemo.LoginSauceDemoClass.clickOnTheListItems6(LoginSauceDemoClass.java:369)
at projectSauceDemo.TestSauceDemoClass.testCase12(TestSauceDemoClass.java:264)
at java.base/jdk.internal.reflect.NativeMethodAccessorImpl.invoke0(Native Method)
at java.base/jdk.internal.reflect.NativeMethodAccessorImpl.invoke(NativeMethodAccessorImpl.java:77)
at java.base/jdk.internal.reflect.DelegatingMethodAccessorImpl.invoke(DelegatingMethodAccessorImpl.java:43)
at java.base/java.lang.reflect.Method.invoke(Method.java:568)
at org.testng.internal.MethodInvocationHelper.invokeMethod(MethodInvocationHelper.java:133)
at org.testng.internal.TestInvoker.invokeMethod(TestInvoker.java:598)
at org.testng.internal.TestInvoker.invokeTestMethod(TestInvoker.java:173)
at org.testng.internal.MethodRunner.runInSequence(MethodRunner.java:46)
at org.testng.internal.TestInvoker$MethodInvocationAgent.invoke(TestInvoker.java:824)
at org.testng.internal.TestInvoker.invokeTestMethods(TestInvoker.java:146)
at org.testng.internal.TestMethodWorker.invokeTestMethods(TestMethodWorker.java:146)
at org.testng.internal.TestMethodWorker.run(TestMethodWorker.java:128)
at java.base/java.util.ArrayList.forEach(ArrayList.java:1511)
at org.testng.TestRunner.privateRun(TestRunner.java:794)
at org.testng.TestRunner.run(TestRunner.java:596)
at org.testng.SuiteRunner.runTest(SuiteRunner.java:377)
at org.testng.SuiteRunner.runSequentially(SuiteRunner.java:371)
at org.testng.SuiteRunner.privateRun(SuiteRunner.java:332)
at org.testng.SuiteRunner.run(SuiteRunner.java:276)
at org.testng.SuiteRunnerWorker.runSuite(SuiteRunnerWorker.java:53)
at org.testng.SuiteRunnerWorker.run(SuiteRunnerWorker.java:96)
at org.testng.TestNG.runSuitesSequentially(TestNG.java:1212)
at org.testng.TestNG.runSuitesLocally(TestNG.java:1134)
at org.testng.TestNG.runSuites(TestNG.java:1063)
at org.testng.TestNG.run(TestNG.java:1031)
at org.testng.remote.AbstractRemoteTestNG.run(AbstractRemoteTestNG.java:115)
at org.testng.remote.RemoteTestNG.initAndRun(RemoteTestNG.java:293)
at org.testng.remote.RemoteTestNG.main(RemoteTestNG.java:91)
]]>
            </full-stacktrace>
          </exception> <!-- java.lang.AssertionError -->
          <reporter-output>
          </reporter-output>
        </test-method> <!-- testCase12 -->
        <test-method is-config="true" signature="deleteCookie()[pri:0, instance:projectSauceDemo.TestSauceDemoClass@59505b48]" started-at="2024-07-12T12:11:40 CEST" name="deleteCookie" finished-at="2024-07-12T12:11:40 CEST" duration-ms="13" status="PASS">
          <reporter-output>
          </reporter-output>
        </test-method> <!-- deleteCookie -->
        <test-method is-config="true" signature="navigation()[pri:0, instance:projectSauceDemo.TestSauceDemoClass@59505b48]" started-at="2024-07-12T12:11:40 CEST" name="navigation" finished-at="2024-07-12T12:11:40 CEST" duration-ms="79" status="PASS">
          <reporter-output>
          </reporter-output>
        </test-method> <!-- navigation -->
        <test-method signature="testCase13()[pri:0, instance:projectSauceDemo.TestSauceDemoClass@59505b48]" started-at="2024-07-12T12:11:40 CEST" name="testCase13" finished-at="2024-07-12T12:11:41 CEST" duration-ms="825" status="FAIL">
          <exception class="java.lang.AssertionError">
            <message>
              <![CDATA[The following asserts failed:
did not expect [Sauce Labs Bike Light] but found [Sauce Labs Bike Light],
did not expect [$9.99] but found [$9.99],
expected [https://www.saucedemo.com/inventory.html] but found [https://www.saucedemo.com/inventory-item.html?id=1]]]>
            </message>
            <full-stacktrace>
              <![CDATA[java.lang.AssertionError: The following asserts failed:
did not expect [Sauce Labs Bike Light] but found [Sauce Labs Bike Light],
did not expect [$9.99] but found [$9.99],
expected [https://www.saucedemo.com/inventory.html] but found [https://www.saucedemo.com/inventory-item.html?id=1]
at org.testng.asserts.SoftAssert.assertAll(SoftAssert.java:47)
at org.testng.asserts.SoftAssert.assertAll(SoftAssert.java:31)
at projectSauceDemo.LoginSauceDemoClass.clickOnTheListItems7(LoginSauceDemoClass.java:386)
at projectSauceDemo.TestSauceDemoClass.testCase13(TestSauceDemoClass.java:289)
at java.base/jdk.internal.reflect.NativeMethodAccessorImpl.invoke0(Native Method)
at java.base/jdk.internal.reflect.NativeMethodAccessorImpl.invoke(NativeMethodAccessorImpl.java:77)
at java.base/jdk.internal.reflect.DelegatingMethodAccessorImpl.invoke(DelegatingMethodAccessorImpl.java:43)
at java.base/java.lang.reflect.Method.invoke(Method.java:568)
at org.testng.internal.MethodInvocationHelper.invokeMethod(MethodInvocationHelper.java:133)
at org.testng.internal.TestInvoker.invokeMethod(TestInvoker.java:598)
at org.testng.internal.TestInvoker.invokeTestMethod(TestInvoker.java:173)
at org.testng.internal.MethodRunner.runInSequence(MethodRunner.java:46)
at org.testng.internal.TestInvoker$MethodInvocationAgent.invoke(TestInvoker.java:824)
at org.testng.internal.TestInvoker.invokeTestMethods(TestInvoker.java:146)
at org.testng.internal.TestMethodWorker.invokeTestMethods(TestMethodWorker.java:146)
at org.testng.internal.TestMethodWorker.run(TestMethodWorker.java:128)
at java.base/java.util.ArrayList.forEach(ArrayList.java:1511)
at org.testng.TestRunner.privateRun(TestRunner.java:794)
at org.testng.TestRunner.run(TestRunner.java:596)
at org.testng.SuiteRunner.runTest(SuiteRunner.java:377)
at org.testng.SuiteRunner.runSequentially(SuiteRunner.java:371)
at org.testng.SuiteRunner.privateRun(SuiteRunner.java:332)
at org.testng.SuiteRunner.run(SuiteRunner.java:276)
at org.testng.SuiteRunnerWorker.runSuite(SuiteRunnerWorker.java:53)
at org.testng.SuiteRunnerWorker.run(SuiteRunnerWorker.java:96)
at org.testng.TestNG.runSuitesSequentially(TestNG.java:1212)
at org.testng.TestNG.runSuitesLocally(TestNG.java:1134)
at org.testng.TestNG.runSuites(TestNG.java:1063)
at org.testng.TestNG.run(TestNG.java:1031)
at org.testng.remote.AbstractRemoteTestNG.run(AbstractRemoteTestNG.java:115)
at org.testng.remote.RemoteTestNG.initAndRun(RemoteTestNG.java:293)
at org.testng.remote.RemoteTestNG.main(RemoteTestNG.java:91)
]]>
            </full-stacktrace>
          </exception> <!-- java.lang.AssertionError -->
          <reporter-output>
          </reporter-output>
        </test-method> <!-- testCase13 -->
        <test-method is-config="true" signature="deleteCookie()[pri:0, instance:projectSauceDemo.TestSauceDemoClass@59505b48]" started-at="2024-07-12T12:11:41 CEST" name="deleteCookie" finished-at="2024-07-12T12:11:41 CEST" duration-ms="13" status="PASS">
          <reporter-output>
          </reporter-output>
        </test-method> <!-- deleteCookie -->
        <test-method is-config="true" signature="navigation()[pri:0, instance:projectSauceDemo.TestSauceDemoClass@59505b48]" started-at="2024-07-12T12:11:41 CEST" name="navigation" finished-at="2024-07-12T12:11:41 CEST" duration-ms="87" status="PASS">
          <reporter-output>
          </reporter-output>
        </test-method> <!-- navigation -->
        <test-method signature="testCase14()[pri:0, instance:projectSauceDemo.TestSauceDemoClass@59505b48]" started-at="2024-07-12T12:11:41 CEST" name="testCase14" finished-at="2024-07-12T12:11:42 CEST" duration-ms="873" status="FAIL">
          <exception class="java.lang.AssertionError">
            <message>
              <![CDATA[The following asserts failed:
did not expect [Sauce Labs Bolt T-Shirt] but found [Sauce Labs Bolt T-Shirt],
did not expect [$15.99] but found [$15.99],
expected [https://www.saucedemo.com/inventory.html] but found [https://www.saucedemo.com/inventory-item.html?id=2]]]>
            </message>
            <full-stacktrace>
              <![CDATA[java.lang.AssertionError: The following asserts failed:
did not expect [Sauce Labs Bolt T-Shirt] but found [Sauce Labs Bolt T-Shirt],
did not expect [$15.99] but found [$15.99],
expected [https://www.saucedemo.com/inventory.html] but found [https://www.saucedemo.com/inventory-item.html?id=2]
at org.testng.asserts.SoftAssert.assertAll(SoftAssert.java:47)
at org.testng.asserts.SoftAssert.assertAll(SoftAssert.java:31)
at projectSauceDemo.LoginSauceDemoClass.clickOnTheListItems8(LoginSauceDemoClass.java:401)
at projectSauceDemo.TestSauceDemoClass.testCase14(TestSauceDemoClass.java:301)
at java.base/jdk.internal.reflect.NativeMethodAccessorImpl.invoke0(Native Method)
at java.base/jdk.internal.reflect.NativeMethodAccessorImpl.invoke(NativeMethodAccessorImpl.java:77)
at java.base/jdk.internal.reflect.DelegatingMethodAccessorImpl.invoke(DelegatingMethodAccessorImpl.java:43)
at java.base/java.lang.reflect.Method.invoke(Method.java:568)
at org.testng.internal.MethodInvocationHelper.invokeMethod(MethodInvocationHelper.java:133)
at org.testng.internal.TestInvoker.invokeMethod(TestInvoker.java:598)
at org.testng.internal.TestInvoker.invokeTestMethod(TestInvoker.java:173)
at org.testng.internal.MethodRunner.runInSequence(MethodRunner.java:46)
at org.testng.internal.TestInvoker$MethodInvocationAgent.invoke(TestInvoker.java:824)
at org.testng.internal.TestInvoker.invokeTestMethods(TestInvoker.java:146)
at org.testng.internal.TestMethodWorker.invokeTestMethods(TestMethodWorker.java:146)
at org.testng.internal.TestMethodWorker.run(TestMethodWorker.java:128)
at java.base/java.util.ArrayList.forEach(ArrayList.java:1511)
at org.testng.TestRunner.privateRun(TestRunner.java:794)
at org.testng.TestRunner.run(TestRunner.java:596)
at org.testng.SuiteRunner.runTest(SuiteRunner.java:377)
at org.testng.SuiteRunner.runSequentially(SuiteRunner.java:371)
at org.testng.SuiteRunner.privateRun(SuiteRunner.java:332)
at org.testng.SuiteRunner.run(SuiteRunner.java:276)
at org.testng.SuiteRunnerWorker.runSuite(SuiteRunnerWorker.java:53)
at org.testng.SuiteRunnerWorker.run(SuiteRunnerWorker.java:96)
at org.testng.TestNG.runSuitesSequentially(TestNG.java:1212)
at org.testng.TestNG.runSuitesLocally(TestNG.java:1134)
at org.testng.TestNG.runSuites(TestNG.java:1063)
at org.testng.TestNG.run(TestNG.java:1031)
at org.testng.remote.AbstractRemoteTestNG.run(AbstractRemoteTestNG.java:115)
at org.testng.remote.RemoteTestNG.initAndRun(RemoteTestNG.java:293)
at org.testng.remote.RemoteTestNG.main(RemoteTestNG.java:91)
]]>
            </full-stacktrace>
          </exception> <!-- java.lang.AssertionError -->
          <reporter-output>
          </reporter-output>
        </test-method> <!-- testCase14 -->
        <test-method is-config="true" signature="deleteCookie()[pri:0, instance:projectSauceDemo.TestSauceDemoClass@59505b48]" started-at="2024-07-12T12:11:42 CEST" name="deleteCookie" finished-at="2024-07-12T12:11:42 CEST" duration-ms="24" status="PASS">
          <reporter-output>
          </reporter-output>
        </test-method> <!-- deleteCookie -->
        <test-method is-config="true" signature="navigation()[pri:0, instance:projectSauceDemo.TestSauceDemoClass@59505b48]" started-at="2024-07-12T12:11:42 CEST" name="navigation" finished-at="2024-07-12T12:11:42 CEST" duration-ms="86" status="PASS">
          <reporter-output>
          </reporter-output>
        </test-method> <!-- navigation -->
        <test-method signature="testCase15()[pri:0, instance:projectSauceDemo.TestSauceDemoClass@59505b48]" started-at="2024-07-12T12:11:42 CEST" name="testCase15" finished-at="2024-07-12T12:11:43 CEST" duration-ms="865" status="FAIL">
          <exception class="java.lang.AssertionError">
            <message>
              <![CDATA[The following asserts failed:
did not expect [Sauce Labs Fleece Jacket] but found [Sauce Labs Fleece Jacket],
did not expect [$49.99] but found [$49.99],
expected [https://www.saucedemo.com/inventory.html] but found [https://www.saucedemo.com/inventory-item.html?id=6]]]>
            </message>
            <full-stacktrace>
              <![CDATA[java.lang.AssertionError: The following asserts failed:
did not expect [Sauce Labs Fleece Jacket] but found [Sauce Labs Fleece Jacket],
did not expect [$49.99] but found [$49.99],
expected [https://www.saucedemo.com/inventory.html] but found [https://www.saucedemo.com/inventory-item.html?id=6]
at org.testng.asserts.SoftAssert.assertAll(SoftAssert.java:47)
at org.testng.asserts.SoftAssert.assertAll(SoftAssert.java:31)
at projectSauceDemo.LoginSauceDemoClass.clickOnTheListItems9(LoginSauceDemoClass.java:416)
at projectSauceDemo.TestSauceDemoClass.testCase15(TestSauceDemoClass.java:327)
at java.base/jdk.internal.reflect.NativeMethodAccessorImpl.invoke0(Native Method)
at java.base/jdk.internal.reflect.NativeMethodAccessorImpl.invoke(NativeMethodAccessorImpl.java:77)
at java.base/jdk.internal.reflect.DelegatingMethodAccessorImpl.invoke(DelegatingMethodAccessorImpl.java:43)
at java.base/java.lang.reflect.Method.invoke(Method.java:568)
at org.testng.internal.MethodInvocationHelper.invokeMethod(MethodInvocationHelper.java:133)
at org.testng.internal.TestInvoker.invokeMethod(TestInvoker.java:598)
at org.testng.internal.TestInvoker.invokeTestMethod(TestInvoker.java:173)
at org.testng.internal.MethodRunner.runInSequence(MethodRunner.java:46)
at org.testng.internal.TestInvoker$MethodInvocationAgent.invoke(TestInvoker.java:824)
at org.testng.internal.TestInvoker.invokeTestMethods(TestInvoker.java:146)
at org.testng.internal.TestMethodWorker.invokeTestMethods(TestMethodWorker.java:146)
at org.testng.internal.TestMethodWorker.run(TestMethodWorker.java:128)
at java.base/java.util.ArrayList.forEach(ArrayList.java:1511)
at org.testng.TestRunner.privateRun(TestRunner.java:794)
at org.testng.TestRunner.run(TestRunner.java:596)
at org.testng.SuiteRunner.runTest(SuiteRunner.java:377)
at org.testng.SuiteRunner.runSequentially(SuiteRunner.java:371)
at org.testng.SuiteRunner.privateRun(SuiteRunner.java:332)
at org.testng.SuiteRunner.run(SuiteRunner.java:276)
at org.testng.SuiteRunnerWorker.runSuite(SuiteRunnerWorker.java:53)
at org.testng.SuiteRunnerWorker.run(SuiteRunnerWorker.java:96)
at org.testng.TestNG.runSuitesSequentially(TestNG.java:1212)
at org.testng.TestNG.runSuitesLocally(TestNG.java:1134)
at org.testng.TestNG.runSuites(TestNG.java:1063)
at org.testng.TestNG.run(TestNG.java:1031)
at org.testng.remote.AbstractRemoteTestNG.run(AbstractRemoteTestNG.java:115)
at org.testng.remote.RemoteTestNG.initAndRun(RemoteTestNG.java:293)
at org.testng.remote.RemoteTestNG.main(RemoteTestNG.java:91)
]]>
            </full-stacktrace>
          </exception> <!-- java.lang.AssertionError -->
          <reporter-output>
          </reporter-output>
        </test-method> <!-- testCase15 -->
        <test-method is-config="true" signature="deleteCookie()[pri:0, instance:projectSauceDemo.TestSauceDemoClass@59505b48]" started-at="2024-07-12T12:11:43 CEST" name="deleteCookie" finished-at="2024-07-12T12:11:43 CEST" duration-ms="15" status="PASS">
          <reporter-output>
          </reporter-output>
        </test-method> <!-- deleteCookie -->
        <test-method is-config="true" signature="navigation()[pri:0, instance:projectSauceDemo.TestSauceDemoClass@59505b48]" started-at="2024-07-12T12:11:43 CEST" name="navigation" finished-at="2024-07-12T12:11:43 CEST" duration-ms="91" status="PASS">
          <reporter-output>
          </reporter-output>
        </test-method> <!-- navigation -->
        <test-method signature="testCase16()[pri:0, instance:projectSauceDemo.TestSauceDemoClass@59505b48]" started-at="2024-07-12T12:11:43 CEST" name="testCase16" finished-at="2024-07-12T12:11:44 CEST" duration-ms="887" status="FAIL">
          <exception class="java.lang.AssertionError">
            <message>
              <![CDATA[The following asserts failed:
did not expect [Sauce Labs Onesie] but found [Sauce Labs Onesie],
did not expect [$7.99] but found [$7.99],
expected [https://www.saucedemo.com/inventory.html] but found [https://www.saucedemo.com/inventory-item.html?id=3]]]>
            </message>
            <full-stacktrace>
              <![CDATA[java.lang.AssertionError: The following asserts failed:
did not expect [Sauce Labs Onesie] but found [Sauce Labs Onesie],
did not expect [$7.99] but found [$7.99],
expected [https://www.saucedemo.com/inventory.html] but found [https://www.saucedemo.com/inventory-item.html?id=3]
at org.testng.asserts.SoftAssert.assertAll(SoftAssert.java:47)
at org.testng.asserts.SoftAssert.assertAll(SoftAssert.java:31)
at projectSauceDemo.LoginSauceDemoClass.clickOnTheListItems10(LoginSauceDemoClass.java:431)
at projectSauceDemo.TestSauceDemoClass.testCase16(TestSauceDemoClass.java:353)
at java.base/jdk.internal.reflect.NativeMethodAccessorImpl.invoke0(Native Method)
at java.base/jdk.internal.reflect.NativeMethodAccessorImpl.invoke(NativeMethodAccessorImpl.java:77)
at java.base/jdk.internal.reflect.DelegatingMethodAccessorImpl.invoke(DelegatingMethodAccessorImpl.java:43)
at java.base/java.lang.reflect.Method.invoke(Method.java:568)
at org.testng.internal.MethodInvocationHelper.invokeMethod(MethodInvocationHelper.java:133)
at org.testng.internal.TestInvoker.invokeMethod(TestInvoker.java:598)
at org.testng.internal.TestInvoker.invokeTestMethod(TestInvoker.java:173)
at org.testng.internal.MethodRunner.runInSequence(MethodRunner.java:46)
at org.testng.internal.TestInvoker$MethodInvocationAgent.invoke(TestInvoker.java:824)
at org.testng.internal.TestInvoker.invokeTestMethods(TestInvoker.java:146)
at org.testng.internal.TestMethodWorker.invokeTestMethods(TestMethodWorker.java:146)
at org.testng.internal.TestMethodWorker.run(TestMethodWorker.java:128)
at java.base/java.util.ArrayList.forEach(ArrayList.java:1511)
at org.testng.TestRunner.privateRun(TestRunner.java:794)
at org.testng.TestRunner.run(TestRunner.java:596)
at org.testng.SuiteRunner.runTest(SuiteRunner.java:377)
at org.testng.SuiteRunner.runSequentially(SuiteRunner.java:371)
at org.testng.SuiteRunner.privateRun(SuiteRunner.java:332)
at org.testng.SuiteRunner.run(SuiteRunner.java:276)
at org.testng.SuiteRunnerWorker.runSuite(SuiteRunnerWorker.java:53)
at org.testng.SuiteRunnerWorker.run(SuiteRunnerWorker.java:96)
at org.testng.TestNG.runSuitesSequentially(TestNG.java:1212)
at org.testng.TestNG.runSuitesLocally(TestNG.java:1134)
at org.testng.TestNG.runSuites(TestNG.java:1063)
at org.testng.TestNG.run(TestNG.java:1031)
at org.testng.remote.AbstractRemoteTestNG.run(AbstractRemoteTestNG.java:115)
at org.testng.remote.RemoteTestNG.initAndRun(RemoteTestNG.java:293)
at org.testng.remote.RemoteTestNG.main(RemoteTestNG.java:91)
]]>
            </full-stacktrace>
          </exception> <!-- java.lang.AssertionError -->
          <reporter-output>
          </reporter-output>
        </test-method> <!-- testCase16 -->
        <test-method is-config="true" signature="deleteCookie()[pri:0, instance:projectSauceDemo.TestSauceDemoClass@59505b48]" started-at="2024-07-12T12:11:44 CEST" name="deleteCookie" finished-at="2024-07-12T12:11:44 CEST" duration-ms="12" status="PASS">
          <reporter-output>
          </reporter-output>
        </test-method> <!-- deleteCookie -->
        <test-method is-config="true" signature="navigation()[pri:0, instance:projectSauceDemo.TestSauceDemoClass@59505b48]" started-at="2024-07-12T12:11:44 CEST" name="navigation" finished-at="2024-07-12T12:11:44 CEST" duration-ms="81" status="PASS">
          <reporter-output>
          </reporter-output>
        </test-method> <!-- navigation -->
        <test-method signature="testCase17()[pri:0, instance:projectSauceDemo.TestSauceDemoClass@59505b48]" started-at="2024-07-12T12:11:44 CEST" name="testCase17" finished-at="2024-07-12T12:11:45 CEST" duration-ms="901" status="FAIL">
          <exception class="java.lang.AssertionError">
            <message>
              <![CDATA[The following asserts failed:
did not expect [Test.allTheThings() T-Shirt (Red)] but found [Test.allTheThings() T-Shirt (Red)],
did not expect [$15.99] but found [$15.99],
expected [https://www.saucedemo.com/inventory.html] but found [https://www.saucedemo.com/inventory-item.html?id=4]]]>
            </message>
            <full-stacktrace>
              <![CDATA[java.lang.AssertionError: The following asserts failed:
did not expect [Test.allTheThings() T-Shirt (Red)] but found [Test.allTheThings() T-Shirt (Red)],
did not expect [$15.99] but found [$15.99],
expected [https://www.saucedemo.com/inventory.html] but found [https://www.saucedemo.com/inventory-item.html?id=4]
at org.testng.asserts.SoftAssert.assertAll(SoftAssert.java:47)
at org.testng.asserts.SoftAssert.assertAll(SoftAssert.java:31)
at projectSauceDemo.LoginSauceDemoClass.clickOnTheListItems11(LoginSauceDemoClass.java:446)
at projectSauceDemo.TestSauceDemoClass.testCase17(TestSauceDemoClass.java:378)
at java.base/jdk.internal.reflect.NativeMethodAccessorImpl.invoke0(Native Method)
at java.base/jdk.internal.reflect.NativeMethodAccessorImpl.invoke(NativeMethodAccessorImpl.java:77)
at java.base/jdk.internal.reflect.DelegatingMethodAccessorImpl.invoke(DelegatingMethodAccessorImpl.java:43)
at java.base/java.lang.reflect.Method.invoke(Method.java:568)
at org.testng.internal.MethodInvocationHelper.invokeMethod(MethodInvocationHelper.java:133)
at org.testng.internal.TestInvoker.invokeMethod(TestInvoker.java:598)
at org.testng.internal.TestInvoker.invokeTestMethod(TestInvoker.java:173)
at org.testng.internal.MethodRunner.runInSequence(MethodRunner.java:46)
at org.testng.internal.TestInvoker$MethodInvocationAgent.invoke(TestInvoker.java:824)
at org.testng.internal.TestInvoker.invokeTestMethods(TestInvoker.java:146)
at org.testng.internal.TestMethodWorker.invokeTestMethods(TestMethodWorker.java:146)
at org.testng.internal.TestMethodWorker.run(TestMethodWorker.java:128)
at java.base/java.util.ArrayList.forEach(ArrayList.java:1511)
at org.testng.TestRunner.privateRun(TestRunner.java:794)
at org.testng.TestRunner.run(TestRunner.java:596)
at org.testng.SuiteRunner.runTest(SuiteRunner.java:377)
at org.testng.SuiteRunner.runSequentially(SuiteRunner.java:371)
at org.testng.SuiteRunner.privateRun(SuiteRunner.java:332)
at org.testng.SuiteRunner.run(SuiteRunner.java:276)
at org.testng.SuiteRunnerWorker.runSuite(SuiteRunnerWorker.java:53)
at org.testng.SuiteRunnerWorker.run(SuiteRunnerWorker.java:96)
at org.testng.TestNG.runSuitesSequentially(TestNG.java:1212)
at org.testng.TestNG.runSuitesLocally(TestNG.java:1134)
at org.testng.TestNG.runSuites(TestNG.java:1063)
at org.testng.TestNG.run(TestNG.java:1031)
at org.testng.remote.AbstractRemoteTestNG.run(AbstractRemoteTestNG.java:115)
at org.testng.remote.RemoteTestNG.initAndRun(RemoteTestNG.java:293)
at org.testng.remote.RemoteTestNG.main(RemoteTestNG.java:91)
]]>
            </full-stacktrace>
          </exception> <!-- java.lang.AssertionError -->
          <reporter-output>
          </reporter-output>
        </test-method> <!-- testCase17 -->
        <test-method is-config="true" signature="deleteCookie()[pri:0, instance:projectSauceDemo.TestSauceDemoClass@59505b48]" started-at="2024-07-12T12:11:45 CEST" name="deleteCookie" finished-at="2024-07-12T12:11:45 CEST" duration-ms="18" status="PASS">
          <reporter-output>
          </reporter-output>
        </test-method> <!-- deleteCookie -->
        <test-method is-config="true" signature="navigation()[pri:0, instance:projectSauceDemo.TestSauceDemoClass@59505b48]" started-at="2024-07-12T12:11:45 CEST" name="navigation" finished-at="2024-07-12T12:11:45 CEST" duration-ms="87" status="PASS">
          <reporter-output>
          </reporter-output>
        </test-method> <!-- navigation -->
        <test-method signature="testCase18()[pri:0, instance:projectSauceDemo.TestSauceDemoClass@59505b48]" started-at="2024-07-12T12:11:45 CEST" name="testCase18" finished-at="2024-07-12T12:12:21 CEST" duration-ms="36137" status="FAIL">
          <exception class="org.openqa.selenium.TimeoutException">
            <message>
              <![CDATA[Expected condition failed: waiting for element to be clickable: Proxy element for: DefaultElementLocator 'By.id: remove-sauce-labs-backpack' (tried for 15 second(s) with 500 milliseconds interval)]]>
            </message>
            <full-stacktrace>
              <![CDATA[org.openqa.selenium.TimeoutException: Expected condition failed: waiting for element to be clickable: Proxy element for: DefaultElementLocator 'By.id: remove-sauce-labs-backpack' (tried for 15 second(s) with 500 milliseconds interval)
at org.openqa.selenium.support.ui.WebDriverWait.timeoutException(WebDriverWait.java:84)
at org.openqa.selenium.support.ui.FluentWait.until(FluentWait.java:228)
at projectSauceDemo.LoginSauceDemoClass.clickOnTheRemoveButtonIconShopping(LoginSauceDemoClass.java:166)
at projectSauceDemo.TestSauceDemoClass.testCase18(TestSauceDemoClass.java:405)
at java.base/jdk.internal.reflect.NativeMethodAccessorImpl.invoke0(Native Method)
at java.base/jdk.internal.reflect.NativeMethodAccessorImpl.invoke(NativeMethodAccessorImpl.java:77)
at java.base/jdk.internal.reflect.DelegatingMethodAccessorImpl.invoke(DelegatingMethodAccessorImpl.java:43)
at java.base/java.lang.reflect.Method.invoke(Method.java:568)
at org.testng.internal.MethodInvocationHelper.invokeMethod(MethodInvocationHelper.java:133)
at org.testng.internal.TestInvoker.invokeMethod(TestInvoker.java:598)
at org.testng.internal.TestInvoker.invokeTestMethod(TestInvoker.java:173)
at org.testng.internal.MethodRunner.runInSequence(MethodRunner.java:46)
at org.testng.internal.TestInvoker$MethodInvocationAgent.invoke(TestInvoker.java:824)
at org.testng.internal.TestInvoker.invokeTestMethods(TestInvoker.java:146)
at org.testng.internal.TestMethodWorker.invokeTestMethods(TestMethodWorker.java:146)
at org.testng.internal.TestMethodWorker.run(TestMethodWorker.java:128)
at java.base/java.util.ArrayList.forEach(ArrayList.java:1511)
at org.testng.TestRunner.privateRun(TestRunner.java:794)
at org.testng.TestRunner.run(TestRunner.java:596)
at org.testng.SuiteRunner.runTest(SuiteRunner.java:377)
at org.testng.SuiteRunner.runSequentially(SuiteRunner.java:371)
at org.testng.SuiteRunner.privateRun(SuiteRunner.java:332)
at org.testng.SuiteRunner.run(SuiteRunner.java:276)
at org.testng.SuiteRunnerWorker.runSuite(SuiteRunnerWorker.java:53)
at org.testng.SuiteRunnerWorker.run(SuiteRunnerWorker.java:96)
at org.testng.TestNG.runSuitesSequentially(TestNG.java:1212)
at org.testng.TestNG.runSuitesLocally(TestNG.java:1134)
at org.testng.TestNG.runSuites(TestNG.java:1063)
at org.testng.TestNG.run(TestNG.java:1031)
at org.testng.remote.AbstractRemoteTestNG.run(AbstractRemoteTestNG.java:115)
at org.testng.remote.RemoteTestNG.initAndRun(RemoteTestNG.java:293)
at org.testng.remote.RemoteTestNG.main(RemoteTestNG.java:91)
Caused by: org.openqa.selenium.NoSuchElementException: no such element: Unable to locate element: {"method":"css selector","selector":"#remove\-sauce\-labs\-backpack"}
  (Session info: chrome=126.0.6478.127)
For documentation on this error, please visit: https://www.selenium.dev/documentation/webdriver/troubleshooting/errors#no-such-element-exception
Build info: version: '4.22.0', revision: 'c5f3146703*'
System info: os.name: 'Windows 11', os.arch: 'amd64', os.version: '10.0', java.version: '17.0.10'
Driver info: org.openqa.selenium.chrome.ChromeDriver
Command: [34d62224bd4d96119d74943849980d2b, findElement {using=id, value=remove-sauce-labs-backpack}]
Capabilities {acceptInsecureCerts: false, browserName: chrome, browserVersion: 126.0.6478.127, chrome: {chromedriverVersion: 126.0.6478.126 (d36ace6122e..., userDataDir: C:\Users\Damja\AppData\Loca...}, fedcm:accounts: true, goog:chromeOptions: {debuggerAddress: localhost:57040}, networkConnectionEnabled: false, pageLoadStrategy: normal, platformName: windows, proxy: Proxy(), se:cdp: ws://localhost:57040/devtoo..., se:cdpVersion: 126.0.6478.127, setWindowRect: true, strictFileInteractability: false, timeouts: {implicit: 0, pageLoad: 300000, script: 30000}, unhandledPromptBehavior: dismiss and notify, webauthn:extension:credBlob: true, webauthn:extension:largeBlob: true, webauthn:extension:minPinLength: true, webauthn:extension:prf: true, webauthn:virtualAuthenticators: true}
Session ID: 34d62224bd4d96119d74943849980d2b
at java.base/jdk.internal.reflect.NativeConstructorAccessorImpl.newInstance0(Native Method)
at java.base/jdk.internal.reflect.NativeConstructorAccessorImpl.newInstance(NativeConstructorAccessorImpl.java:77)
at java.base/jdk.internal.reflect.DelegatingConstructorAccessorImpl.newInstance(DelegatingConstructorAccessorImpl.java:45)
at java.base/java.lang.reflect.Constructor.newInstanceWithCaller(Constructor.java:499)
at java.base/java.lang.reflect.Constructor.newInstance(Constructor.java:480)
at org.openqa.selenium.remote.ErrorCodec.decode(ErrorCodec.java:167)
at org.openqa.selenium.remote.codec.w3c.W3CHttpResponseCodec.decode(W3CHttpResponseCodec.java:138)
at org.openqa.selenium.remote.codec.w3c.W3CHttpResponseCodec.decode(W3CHttpResponseCodec.java:50)
at org.openqa.selenium.remote.HttpCommandExecutor.execute(HttpCommandExecutor.java:190)
at org.openqa.selenium.remote.service.DriverCommandExecutor.invokeExecute(DriverCommandExecutor.java:216)
at org.openqa.selenium.remote.service.DriverCommandExecutor.execute(DriverCommandExecutor.java:174)
at org.openqa.selenium.remote.RemoteWebDriver.execute(RemoteWebDriver.java:518)
at org.openqa.selenium.remote.ElementLocation$ElementFinder$2.findElement(ElementLocation.java:165)
at org.openqa.selenium.remote.ElementLocation.findElement(ElementLocation.java:59)
at org.openqa.selenium.remote.RemoteWebDriver.findElement(RemoteWebDriver.java:355)
at org.openqa.selenium.remote.RemoteWebDriver.findElement(RemoteWebDriver.java:349)
at org.openqa.selenium.support.pagefactory.DefaultElementLocator.findElement(DefaultElementLocator.java:68)
at org.openqa.selenium.support.pagefactory.internal.LocatingElementHandler.invoke(LocatingElementHandler.java:38)
at jdk.proxy2/jdk.proxy2.$Proxy16.isDisplayed(Unknown Source)
at org.openqa.selenium.support.ui.ExpectedConditions.elementIfVisible(ExpectedConditions.java:304)
at org.openqa.selenium.support.ui.ExpectedConditions$10.apply(ExpectedConditions.java:290)
at org.openqa.selenium.support.ui.ExpectedConditions$10.apply(ExpectedConditions.java:287)
at org.openqa.selenium.support.ui.ExpectedConditions$23.apply(ExpectedConditions.java:656)
at org.openqa.selenium.support.ui.ExpectedConditions$23.apply(ExpectedConditions.java:652)
at org.openqa.selenium.support.ui.FluentWait.until(FluentWait.java:203)
... 30 more
]]>
            </full-stacktrace>
          </exception> <!-- org.openqa.selenium.TimeoutException -->
          <reporter-output>
          </reporter-output>
        </test-method> <!-- testCase18 -->
        <test-method is-config="true" signature="deleteCookie()[pri:0, instance:projectSauceDemo.TestSauceDemoClass@59505b48]" started-at="2024-07-12T12:12:21 CEST" name="deleteCookie" finished-at="2024-07-12T12:12:21 CEST" duration-ms="17" status="PASS">
          <reporter-output>
          </reporter-output>
        </test-method> <!-- deleteCookie -->
        <test-method is-config="true" signature="navigation()[pri:0, instance:projectSauceDemo.TestSauceDemoClass@59505b48]" started-at="2024-07-12T12:12:21 CEST" name="navigation" finished-at="2024-07-12T12:12:21 CEST" duration-ms="509" status="PASS">
          <reporter-output>
          </reporter-output>
        </test-method> <!-- navigation -->
        <test-method signature="testCase19()[pri:0, instance:projectSauceDemo.TestSauceDemoClass@59505b48]" started-at="2024-07-12T12:12:21 CEST" name="testCase19" finished-at="2024-07-12T12:12:39 CEST" duration-ms="17503" status="PASS">
          <reporter-output>
          </reporter-output>
        </test-method> <!-- testCase19 -->
        <test-method is-config="true" signature="deleteCookie()[pri:0, instance:projectSauceDemo.TestSauceDemoClass@59505b48]" started-at="2024-07-12T12:12:39 CEST" name="deleteCookie" finished-at="2024-07-12T12:12:39 CEST" duration-ms="27" status="PASS">
          <reporter-output>
          </reporter-output>
        </test-method> <!-- deleteCookie -->
        <test-method is-config="true" signature="navigation()[pri:0, instance:projectSauceDemo.TestSauceDemoClass@59505b48]" started-at="2024-07-12T12:12:39 CEST" name="navigation" finished-at="2024-07-12T12:12:39 CEST" duration-ms="452" status="PASS">
          <reporter-output>
          </reporter-output>
        </test-method> <!-- navigation -->
        <test-method signature="testCase2()[pri:0, instance:projectSauceDemo.TestSauceDemoClass@59505b48]" started-at="2024-07-12T12:12:39 CEST" name="testCase2" finished-at="2024-07-12T12:12:42 CEST" duration-ms="2269" status="PASS">
          <reporter-output>
          </reporter-output>
        </test-method> <!-- testCase2 -->
        <test-method is-config="true" signature="deleteCookie()[pri:0, instance:projectSauceDemo.TestSauceDemoClass@59505b48]" started-at="2024-07-12T12:12:42 CEST" name="deleteCookie" finished-at="2024-07-12T12:12:42 CEST" duration-ms="21" status="PASS">
          <reporter-output>
          </reporter-output>
        </test-method> <!-- deleteCookie -->
        <test-method is-config="true" signature="navigation()[pri:0, instance:projectSauceDemo.TestSauceDemoClass@59505b48]" started-at="2024-07-12T12:12:42 CEST" name="navigation" finished-at="2024-07-12T12:12:42 CEST" duration-ms="389" status="PASS">
          <reporter-output>
          </reporter-output>
        </test-method> <!-- navigation -->
        <test-method signature="testCase20()[pri:0, instance:projectSauceDemo.TestSauceDemoClass@59505b48]" started-at="2024-07-12T12:12:42 CEST" name="testCase20" finished-at="2024-07-12T12:12:59 CEST" duration-ms="17311" status="PASS">
          <reporter-output>
          </reporter-output>
        </test-method> <!-- testCase20 -->
        <test-method is-config="true" signature="deleteCookie()[pri:0, instance:projectSauceDemo.TestSauceDemoClass@59505b48]" started-at="2024-07-12T12:12:59 CEST" name="deleteCookie" finished-at="2024-07-12T12:12:59 CEST" duration-ms="28" status="PASS">
          <reporter-output>
          </reporter-output>
        </test-method> <!-- deleteCookie -->
        <test-method is-config="true" signature="navigation()[pri:0, instance:projectSauceDemo.TestSauceDemoClass@59505b48]" started-at="2024-07-12T12:12:59 CEST" name="navigation" finished-at="2024-07-12T12:13:00 CEST" duration-ms="455" status="PASS">
          <reporter-output>
          </reporter-output>
        </test-method> <!-- navigation -->
        <test-method signature="testCase21()[pri:0, instance:projectSauceDemo.TestSauceDemoClass@59505b48]" started-at="2024-07-12T12:13:00 CEST" name="testCase21" finished-at="2024-07-12T12:13:17 CEST" duration-ms="17412" status="PASS">
          <reporter-output>
          </reporter-output>
        </test-method> <!-- testCase21 -->
        <test-method is-config="true" signature="deleteCookie()[pri:0, instance:projectSauceDemo.TestSauceDemoClass@59505b48]" started-at="2024-07-12T12:13:17 CEST" name="deleteCookie" finished-at="2024-07-12T12:13:17 CEST" duration-ms="30" status="PASS">
          <reporter-output>
          </reporter-output>
        </test-method> <!-- deleteCookie -->
        <test-method is-config="true" signature="navigation()[pri:0, instance:projectSauceDemo.TestSauceDemoClass@59505b48]" started-at="2024-07-12T12:13:17 CEST" name="navigation" finished-at="2024-07-12T12:13:18 CEST" duration-ms="416" status="PASS">
          <reporter-output>
          </reporter-output>
        </test-method> <!-- navigation -->
        <test-method signature="testCase22()[pri:0, instance:projectSauceDemo.TestSauceDemoClass@59505b48]" started-at="2024-07-12T12:13:18 CEST" name="testCase22" finished-at="2024-07-12T12:13:54 CEST" duration-ms="36548" status="FAIL">
          <exception class="org.openqa.selenium.TimeoutException">
            <message>
              <![CDATA[Expected condition failed: waiting for element to be clickable: Proxy element for: DefaultElementLocator 'By.id: remove' (tried for 15 second(s) with 500 milliseconds interval)]]>
            </message>
            <full-stacktrace>
              <![CDATA[org.openqa.selenium.TimeoutException: Expected condition failed: waiting for element to be clickable: Proxy element for: DefaultElementLocator 'By.id: remove' (tried for 15 second(s) with 500 milliseconds interval)
at org.openqa.selenium.support.ui.WebDriverWait.timeoutException(WebDriverWait.java:84)
at org.openqa.selenium.support.ui.FluentWait.until(FluentWait.java:228)
at projectSauceDemo.LoginSauceDemoClass.clickOnTheButtonRemove(LoginSauceDemoClass.java:172)
at projectSauceDemo.TestSauceDemoClass.testCase22(TestSauceDemoClass.java:532)
at java.base/jdk.internal.reflect.NativeMethodAccessorImpl.invoke0(Native Method)
at java.base/jdk.internal.reflect.NativeMethodAccessorImpl.invoke(NativeMethodAccessorImpl.java:77)
at java.base/jdk.internal.reflect.DelegatingMethodAccessorImpl.invoke(DelegatingMethodAccessorImpl.java:43)
at java.base/java.lang.reflect.Method.invoke(Method.java:568)
at org.testng.internal.MethodInvocationHelper.invokeMethod(MethodInvocationHelper.java:133)
at org.testng.internal.TestInvoker.invokeMethod(TestInvoker.java:598)
at org.testng.internal.TestInvoker.invokeTestMethod(TestInvoker.java:173)
at org.testng.internal.MethodRunner.runInSequence(MethodRunner.java:46)
at org.testng.internal.TestInvoker$MethodInvocationAgent.invoke(TestInvoker.java:824)
at org.testng.internal.TestInvoker.invokeTestMethods(TestInvoker.java:146)
at org.testng.internal.TestMethodWorker.invokeTestMethods(TestMethodWorker.java:146)
at org.testng.internal.TestMethodWorker.run(TestMethodWorker.java:128)
at java.base/java.util.ArrayList.forEach(ArrayList.java:1511)
at org.testng.TestRunner.privateRun(TestRunner.java:794)
at org.testng.TestRunner.run(TestRunner.java:596)
at org.testng.SuiteRunner.runTest(SuiteRunner.java:377)
at org.testng.SuiteRunner.runSequentially(SuiteRunner.java:371)
at org.testng.SuiteRunner.privateRun(SuiteRunner.java:332)
at org.testng.SuiteRunner.run(SuiteRunner.java:276)
at org.testng.SuiteRunnerWorker.runSuite(SuiteRunnerWorker.java:53)
at org.testng.SuiteRunnerWorker.run(SuiteRunnerWorker.java:96)
at org.testng.TestNG.runSuitesSequentially(TestNG.java:1212)
at org.testng.TestNG.runSuitesLocally(TestNG.java:1134)
at org.testng.TestNG.runSuites(TestNG.java:1063)
at org.testng.TestNG.run(TestNG.java:1031)
at org.testng.remote.AbstractRemoteTestNG.run(AbstractRemoteTestNG.java:115)
at org.testng.remote.RemoteTestNG.initAndRun(RemoteTestNG.java:293)
at org.testng.remote.RemoteTestNG.main(RemoteTestNG.java:91)
Caused by: org.openqa.selenium.NoSuchElementException: no such element: Unable to locate element: {"method":"css selector","selector":"#remove"}
  (Session info: chrome=126.0.6478.127)
For documentation on this error, please visit: https://www.selenium.dev/documentation/webdriver/troubleshooting/errors#no-such-element-exception
Build info: version: '4.22.0', revision: 'c5f3146703*'
System info: os.name: 'Windows 11', os.arch: 'amd64', os.version: '10.0', java.version: '17.0.10'
Driver info: org.openqa.selenium.chrome.ChromeDriver
Command: [34d62224bd4d96119d74943849980d2b, findElement {using=id, value=remove}]
Capabilities {acceptInsecureCerts: false, browserName: chrome, browserVersion: 126.0.6478.127, chrome: {chromedriverVersion: 126.0.6478.126 (d36ace6122e..., userDataDir: C:\Users\Damja\AppData\Loca...}, fedcm:accounts: true, goog:chromeOptions: {debuggerAddress: localhost:57040}, networkConnectionEnabled: false, pageLoadStrategy: normal, platformName: windows, proxy: Proxy(), se:cdp: ws://localhost:57040/devtoo..., se:cdpVersion: 126.0.6478.127, setWindowRect: true, strictFileInteractability: false, timeouts: {implicit: 0, pageLoad: 300000, script: 30000}, unhandledPromptBehavior: dismiss and notify, webauthn:extension:credBlob: true, webauthn:extension:largeBlob: true, webauthn:extension:minPinLength: true, webauthn:extension:prf: true, webauthn:virtualAuthenticators: true}
Session ID: 34d62224bd4d96119d74943849980d2b
at java.base/jdk.internal.reflect.NativeConstructorAccessorImpl.newInstance0(Native Method)
at java.base/jdk.internal.reflect.NativeConstructorAccessorImpl.newInstance(NativeConstructorAccessorImpl.java:77)
at java.base/jdk.internal.reflect.DelegatingConstructorAccessorImpl.newInstance(DelegatingConstructorAccessorImpl.java:45)
at java.base/java.lang.reflect.Constructor.newInstanceWithCaller(Constructor.java:499)
at java.base/java.lang.reflect.Constructor.newInstance(Constructor.java:480)
at org.openqa.selenium.remote.ErrorCodec.decode(ErrorCodec.java:167)
at org.openqa.selenium.remote.codec.w3c.W3CHttpResponseCodec.decode(W3CHttpResponseCodec.java:138)
at org.openqa.selenium.remote.codec.w3c.W3CHttpResponseCodec.decode(W3CHttpResponseCodec.java:50)
at org.openqa.selenium.remote.HttpCommandExecutor.execute(HttpCommandExecutor.java:190)
at org.openqa.selenium.remote.service.DriverCommandExecutor.invokeExecute(DriverCommandExecutor.java:216)
at org.openqa.selenium.remote.service.DriverCommandExecutor.execute(DriverCommandExecutor.java:174)
at org.openqa.selenium.remote.RemoteWebDriver.execute(RemoteWebDriver.java:518)
at org.openqa.selenium.remote.ElementLocation$ElementFinder$2.findElement(ElementLocation.java:165)
at org.openqa.selenium.remote.ElementLocation.findElement(ElementLocation.java:59)
at org.openqa.selenium.remote.RemoteWebDriver.findElement(RemoteWebDriver.java:355)
at org.openqa.selenium.remote.RemoteWebDriver.findElement(RemoteWebDriver.java:349)
at org.openqa.selenium.support.pagefactory.DefaultElementLocator.findElement(DefaultElementLocator.java:68)
at org.openqa.selenium.support.pagefactory.internal.LocatingElementHandler.invoke(LocatingElementHandler.java:38)
at jdk.proxy2/jdk.proxy2.$Proxy16.isDisplayed(Unknown Source)
at org.openqa.selenium.support.ui.ExpectedConditions.elementIfVisible(ExpectedConditions.java:304)
at org.openqa.selenium.support.ui.ExpectedConditions$10.apply(ExpectedConditions.java:290)
at org.openqa.selenium.support.ui.ExpectedConditions$10.apply(ExpectedConditions.java:287)
at org.openqa.selenium.support.ui.ExpectedConditions$23.apply(ExpectedConditions.java:656)
at org.openqa.selenium.support.ui.ExpectedConditions$23.apply(ExpectedConditions.java:652)
at org.openqa.selenium.support.ui.FluentWait.until(FluentWait.java:203)
... 30 more
]]>
            </full-stacktrace>
          </exception> <!-- org.openqa.selenium.TimeoutException -->
          <reporter-output>
          </reporter-output>
        </test-method> <!-- testCase22 -->
        <test-method is-config="true" signature="deleteCookie()[pri:0, instance:projectSauceDemo.TestSauceDemoClass@59505b48]" started-at="2024-07-12T12:13:54 CEST" name="deleteCookie" finished-at="2024-07-12T12:13:54 CEST" duration-ms="33" status="PASS">
          <reporter-output>
          </reporter-output>
        </test-method> <!-- deleteCookie -->
        <test-method is-config="true" signature="navigation()[pri:0, instance:projectSauceDemo.TestSauceDemoClass@59505b48]" started-at="2024-07-12T12:13:54 CEST" name="navigation" finished-at="2024-07-12T12:13:55 CEST" duration-ms="437" status="PASS">
          <reporter-output>
          </reporter-output>
        </test-method> <!-- navigation -->
        <test-method signature="testCase23()[pri:0, instance:projectSauceDemo.TestSauceDemoClass@59505b48]" started-at="2024-07-12T12:13:55 CEST" name="testCase23" finished-at="2024-07-12T12:14:13 CEST" duration-ms="17944" status="PASS">
          <reporter-output>
          </reporter-output>
        </test-method> <!-- testCase23 -->
        <test-method is-config="true" signature="deleteCookie()[pri:0, instance:projectSauceDemo.TestSauceDemoClass@59505b48]" started-at="2024-07-12T12:14:13 CEST" name="deleteCookie" finished-at="2024-07-12T12:14:13 CEST" duration-ms="19" status="PASS">
          <reporter-output>
          </reporter-output>
        </test-method> <!-- deleteCookie -->
        <test-method is-config="true" signature="navigation()[pri:0, instance:projectSauceDemo.TestSauceDemoClass@59505b48]" started-at="2024-07-12T12:14:13 CEST" name="navigation" finished-at="2024-07-12T12:14:13 CEST" duration-ms="426" status="PASS">
          <reporter-output>
          </reporter-output>
        </test-method> <!-- navigation -->
        <test-method signature="testCase24()[pri:0, instance:projectSauceDemo.TestSauceDemoClass@59505b48]" started-at="2024-07-12T12:14:13 CEST" name="testCase24" finished-at="2024-07-12T12:14:17 CEST" duration-ms="3835" status="PASS">
          <reporter-output>
          </reporter-output>
        </test-method> <!-- testCase24 -->
        <test-method is-config="true" signature="deleteCookie()[pri:0, instance:projectSauceDemo.TestSauceDemoClass@59505b48]" started-at="2024-07-12T12:14:17 CEST" name="deleteCookie" finished-at="2024-07-12T12:14:17 CEST" duration-ms="43" status="PASS">
          <reporter-output>
          </reporter-output>
        </test-method> <!-- deleteCookie -->
        <test-method is-config="true" signature="navigation()[pri:0, instance:projectSauceDemo.TestSauceDemoClass@59505b48]" started-at="2024-07-12T12:14:17 CEST" name="navigation" finished-at="2024-07-12T12:14:17 CEST" duration-ms="378" status="PASS">
          <reporter-output>
          </reporter-output>
        </test-method> <!-- navigation -->
        <test-method signature="testCase25()[pri:0, instance:projectSauceDemo.TestSauceDemoClass@59505b48]" started-at="2024-07-12T12:14:17 CEST" name="testCase25" finished-at="2024-07-12T12:14:21 CEST" duration-ms="3490" status="PASS">
          <reporter-output>
          </reporter-output>
        </test-method> <!-- testCase25 -->
        <test-method is-config="true" signature="deleteCookie()[pri:0, instance:projectSauceDemo.TestSauceDemoClass@59505b48]" started-at="2024-07-12T12:14:21 CEST" name="deleteCookie" finished-at="2024-07-12T12:14:21 CEST" duration-ms="22" status="PASS">
          <reporter-output>
          </reporter-output>
        </test-method> <!-- deleteCookie -->
        <test-method is-config="true" signature="navigation()[pri:0, instance:projectSauceDemo.TestSauceDemoClass@59505b48]" started-at="2024-07-12T12:14:21 CEST" name="navigation" finished-at="2024-07-12T12:14:21 CEST" duration-ms="386" status="PASS">
          <reporter-output>
          </reporter-output>
        </test-method> <!-- navigation -->
        <test-method signature="testCase26()[pri:0, instance:projectSauceDemo.TestSauceDemoClass@59505b48]" started-at="2024-07-12T12:14:21 CEST" name="testCase26" finished-at="2024-07-12T12:14:52 CEST" duration-ms="31144" status="FAIL">
          <exception class="org.openqa.selenium.TimeoutException">
            <message>
              <![CDATA[Expected condition failed: waiting for element to be clickable: Proxy element for: DefaultElementLocator 'By.id: remove' (tried for 15 second(s) with 500 milliseconds interval)]]>
            </message>
            <full-stacktrace>
              <![CDATA[org.openqa.selenium.TimeoutException: Expected condition failed: waiting for element to be clickable: Proxy element for: DefaultElementLocator 'By.id: remove' (tried for 15 second(s) with 500 milliseconds interval)
at org.openqa.selenium.support.ui.WebDriverWait.timeoutException(WebDriverWait.java:84)
at org.openqa.selenium.support.ui.FluentWait.until(FluentWait.java:228)
at projectSauceDemo.LoginSauceDemoClass.clickOnTheButtonRemove(LoginSauceDemoClass.java:172)
at projectSauceDemo.TestSauceDemoClass.testCase26(TestSauceDemoClass.java:659)
at java.base/jdk.internal.reflect.NativeMethodAccessorImpl.invoke0(Native Method)
at java.base/jdk.internal.reflect.NativeMethodAccessorImpl.invoke(NativeMethodAccessorImpl.java:77)
at java.base/jdk.internal.reflect.DelegatingMethodAccessorImpl.invoke(DelegatingMethodAccessorImpl.java:43)
at java.base/java.lang.reflect.Method.invoke(Method.java:568)
at org.testng.internal.MethodInvocationHelper.invokeMethod(MethodInvocationHelper.java:133)
at org.testng.internal.TestInvoker.invokeMethod(TestInvoker.java:598)
at org.testng.internal.TestInvoker.invokeTestMethod(TestInvoker.java:173)
at org.testng.internal.MethodRunner.runInSequence(MethodRunner.java:46)
at org.testng.internal.TestInvoker$MethodInvocationAgent.invoke(TestInvoker.java:824)
at org.testng.internal.TestInvoker.invokeTestMethods(TestInvoker.java:146)
at org.testng.internal.TestMethodWorker.invokeTestMethods(TestMethodWorker.java:146)
at org.testng.internal.TestMethodWorker.run(TestMethodWorker.java:128)
at java.base/java.util.ArrayList.forEach(ArrayList.java:1511)
at org.testng.TestRunner.privateRun(TestRunner.java:794)
at org.testng.TestRunner.run(TestRunner.java:596)
at org.testng.SuiteRunner.runTest(SuiteRunner.java:377)
at org.testng.SuiteRunner.runSequentially(SuiteRunner.java:371)
at org.testng.SuiteRunner.privateRun(SuiteRunner.java:332)
at org.testng.SuiteRunner.run(SuiteRunner.java:276)
at org.testng.SuiteRunnerWorker.runSuite(SuiteRunnerWorker.java:53)
at org.testng.SuiteRunnerWorker.run(SuiteRunnerWorker.java:96)
at org.testng.TestNG.runSuitesSequentially(TestNG.java:1212)
at org.testng.TestNG.runSuitesLocally(TestNG.java:1134)
at org.testng.TestNG.runSuites(TestNG.java:1063)
at org.testng.TestNG.run(TestNG.java:1031)
at org.testng.remote.AbstractRemoteTestNG.run(AbstractRemoteTestNG.java:115)
at org.testng.remote.RemoteTestNG.initAndRun(RemoteTestNG.java:293)
at org.testng.remote.RemoteTestNG.main(RemoteTestNG.java:91)
Caused by: org.openqa.selenium.NoSuchElementException: no such element: Unable to locate element: {"method":"css selector","selector":"#remove"}
  (Session info: chrome=126.0.6478.127)
For documentation on this error, please visit: https://www.selenium.dev/documentation/webdriver/troubleshooting/errors#no-such-element-exception
Build info: version: '4.22.0', revision: 'c5f3146703*'
System info: os.name: 'Windows 11', os.arch: 'amd64', os.version: '10.0', java.version: '17.0.10'
Driver info: org.openqa.selenium.chrome.ChromeDriver
Command: [34d62224bd4d96119d74943849980d2b, findElement {using=id, value=remove}]
Capabilities {acceptInsecureCerts: false, browserName: chrome, browserVersion: 126.0.6478.127, chrome: {chromedriverVersion: 126.0.6478.126 (d36ace6122e..., userDataDir: C:\Users\Damja\AppData\Loca...}, fedcm:accounts: true, goog:chromeOptions: {debuggerAddress: localhost:57040}, networkConnectionEnabled: false, pageLoadStrategy: normal, platformName: windows, proxy: Proxy(), se:cdp: ws://localhost:57040/devtoo..., se:cdpVersion: 126.0.6478.127, setWindowRect: true, strictFileInteractability: false, timeouts: {implicit: 0, pageLoad: 300000, script: 30000}, unhandledPromptBehavior: dismiss and notify, webauthn:extension:credBlob: true, webauthn:extension:largeBlob: true, webauthn:extension:minPinLength: true, webauthn:extension:prf: true, webauthn:virtualAuthenticators: true}
Session ID: 34d62224bd4d96119d74943849980d2b
at java.base/jdk.internal.reflect.NativeConstructorAccessorImpl.newInstance0(Native Method)
at java.base/jdk.internal.reflect.NativeConstructorAccessorImpl.newInstance(NativeConstructorAccessorImpl.java:77)
at java.base/jdk.internal.reflect.DelegatingConstructorAccessorImpl.newInstance(DelegatingConstructorAccessorImpl.java:45)
at java.base/java.lang.reflect.Constructor.newInstanceWithCaller(Constructor.java:499)
at java.base/java.lang.reflect.Constructor.newInstance(Constructor.java:480)
at org.openqa.selenium.remote.ErrorCodec.decode(ErrorCodec.java:167)
at org.openqa.selenium.remote.codec.w3c.W3CHttpResponseCodec.decode(W3CHttpResponseCodec.java:138)
at org.openqa.selenium.remote.codec.w3c.W3CHttpResponseCodec.decode(W3CHttpResponseCodec.java:50)
at org.openqa.selenium.remote.HttpCommandExecutor.execute(HttpCommandExecutor.java:190)
at org.openqa.selenium.remote.service.DriverCommandExecutor.invokeExecute(DriverCommandExecutor.java:216)
at org.openqa.selenium.remote.service.DriverCommandExecutor.execute(DriverCommandExecutor.java:174)
at org.openqa.selenium.remote.RemoteWebDriver.execute(RemoteWebDriver.java:518)
at org.openqa.selenium.remote.ElementLocation$ElementFinder$2.findElement(ElementLocation.java:165)
at org.openqa.selenium.remote.ElementLocation.findElement(ElementLocation.java:59)
at org.openqa.selenium.remote.RemoteWebDriver.findElement(RemoteWebDriver.java:355)
at org.openqa.selenium.remote.RemoteWebDriver.findElement(RemoteWebDriver.java:349)
at org.openqa.selenium.support.pagefactory.DefaultElementLocator.findElement(DefaultElementLocator.java:68)
at org.openqa.selenium.support.pagefactory.internal.LocatingElementHandler.invoke(LocatingElementHandler.java:38)
at jdk.proxy2/jdk.proxy2.$Proxy16.isDisplayed(Unknown Source)
at org.openqa.selenium.support.ui.ExpectedConditions.elementIfVisible(ExpectedConditions.java:304)
at org.openqa.selenium.support.ui.ExpectedConditions$10.apply(ExpectedConditions.java:290)
at org.openqa.selenium.support.ui.ExpectedConditions$10.apply(ExpectedConditions.java:287)
at org.openqa.selenium.support.ui.ExpectedConditions$23.apply(ExpectedConditions.java:656)
at org.openqa.selenium.support.ui.ExpectedConditions$23.apply(ExpectedConditions.java:652)
at org.openqa.selenium.support.ui.FluentWait.until(FluentWait.java:203)
... 30 more
]]>
            </full-stacktrace>
          </exception> <!-- org.openqa.selenium.TimeoutException -->
          <reporter-output>
          </reporter-output>
        </test-method> <!-- testCase26 -->
        <test-method is-config="true" signature="deleteCookie()[pri:0, instance:projectSauceDemo.TestSauceDemoClass@59505b48]" started-at="2024-07-12T12:14:52 CEST" name="deleteCookie" finished-at="2024-07-12T12:14:52 CEST" duration-ms="36" status="PASS">
          <reporter-output>
          </reporter-output>
        </test-method> <!-- deleteCookie -->
        <test-method is-config="true" signature="navigation()[pri:0, instance:projectSauceDemo.TestSauceDemoClass@59505b48]" started-at="2024-07-12T12:14:52 CEST" name="navigation" finished-at="2024-07-12T12:14:53 CEST" duration-ms="468" status="PASS">
          <reporter-output>
          </reporter-output>
        </test-method> <!-- navigation -->
        <test-method signature="testCase27()[pri:0, instance:projectSauceDemo.TestSauceDemoClass@59505b48]" started-at="2024-07-12T12:14:53 CEST" name="testCase27" finished-at="2024-07-12T12:15:26 CEST" duration-ms="32693" status="FAIL">
          <exception class="org.openqa.selenium.TimeoutException">
            <message>
              <![CDATA[Expected condition failed: waiting for element to be clickable: Proxy element for: DefaultElementLocator 'By.id: remove' (tried for 15 second(s) with 500 milliseconds interval)]]>
            </message>
            <full-stacktrace>
              <![CDATA[org.openqa.selenium.TimeoutException: Expected condition failed: waiting for element to be clickable: Proxy element for: DefaultElementLocator 'By.id: remove' (tried for 15 second(s) with 500 milliseconds interval)
at org.openqa.selenium.support.ui.WebDriverWait.timeoutException(WebDriverWait.java:84)
at org.openqa.selenium.support.ui.FluentWait.until(FluentWait.java:228)
at projectSauceDemo.LoginSauceDemoClass.clickOnTheButtonRemove(LoginSauceDemoClass.java:172)
at projectSauceDemo.TestSauceDemoClass.testCase27(TestSauceDemoClass.java:689)
at java.base/jdk.internal.reflect.NativeMethodAccessorImpl.invoke0(Native Method)
at java.base/jdk.internal.reflect.NativeMethodAccessorImpl.invoke(NativeMethodAccessorImpl.java:77)
at java.base/jdk.internal.reflect.DelegatingMethodAccessorImpl.invoke(DelegatingMethodAccessorImpl.java:43)
at java.base/java.lang.reflect.Method.invoke(Method.java:568)
at org.testng.internal.MethodInvocationHelper.invokeMethod(MethodInvocationHelper.java:133)
at org.testng.internal.TestInvoker.invokeMethod(TestInvoker.java:598)
at org.testng.internal.TestInvoker.invokeTestMethod(TestInvoker.java:173)
at org.testng.internal.MethodRunner.runInSequence(MethodRunner.java:46)
at org.testng.internal.TestInvoker$MethodInvocationAgent.invoke(TestInvoker.java:824)
at org.testng.internal.TestInvoker.invokeTestMethods(TestInvoker.java:146)
at org.testng.internal.TestMethodWorker.invokeTestMethods(TestMethodWorker.java:146)
at org.testng.internal.TestMethodWorker.run(TestMethodWorker.java:128)
at java.base/java.util.ArrayList.forEach(ArrayList.java:1511)
at org.testng.TestRunner.privateRun(TestRunner.java:794)
at org.testng.TestRunner.run(TestRunner.java:596)
at org.testng.SuiteRunner.runTest(SuiteRunner.java:377)
at org.testng.SuiteRunner.runSequentially(SuiteRunner.java:371)
at org.testng.SuiteRunner.privateRun(SuiteRunner.java:332)
at org.testng.SuiteRunner.run(SuiteRunner.java:276)
at org.testng.SuiteRunnerWorker.runSuite(SuiteRunnerWorker.java:53)
at org.testng.SuiteRunnerWorker.run(SuiteRunnerWorker.java:96)
at org.testng.TestNG.runSuitesSequentially(TestNG.java:1212)
at org.testng.TestNG.runSuitesLocally(TestNG.java:1134)
at org.testng.TestNG.runSuites(TestNG.java:1063)
at org.testng.TestNG.run(TestNG.java:1031)
at org.testng.remote.AbstractRemoteTestNG.run(AbstractRemoteTestNG.java:115)
at org.testng.remote.RemoteTestNG.initAndRun(RemoteTestNG.java:293)
at org.testng.remote.RemoteTestNG.main(RemoteTestNG.java:91)
Caused by: org.openqa.selenium.NoSuchElementException: no such element: Unable to locate element: {"method":"css selector","selector":"#remove"}
  (Session info: chrome=126.0.6478.127)
For documentation on this error, please visit: https://www.selenium.dev/documentation/webdriver/troubleshooting/errors#no-such-element-exception
Build info: version: '4.22.0', revision: 'c5f3146703*'
System info: os.name: 'Windows 11', os.arch: 'amd64', os.version: '10.0', java.version: '17.0.10'
Driver info: org.openqa.selenium.chrome.ChromeDriver
Command: [34d62224bd4d96119d74943849980d2b, findElement {using=id, value=remove}]
Capabilities {acceptInsecureCerts: false, browserName: chrome, browserVersion: 126.0.6478.127, chrome: {chromedriverVersion: 126.0.6478.126 (d36ace6122e..., userDataDir: C:\Users\Damja\AppData\Loca...}, fedcm:accounts: true, goog:chromeOptions: {debuggerAddress: localhost:57040}, networkConnectionEnabled: false, pageLoadStrategy: normal, platformName: windows, proxy: Proxy(), se:cdp: ws://localhost:57040/devtoo..., se:cdpVersion: 126.0.6478.127, setWindowRect: true, strictFileInteractability: false, timeouts: {implicit: 0, pageLoad: 300000, script: 30000}, unhandledPromptBehavior: dismiss and notify, webauthn:extension:credBlob: true, webauthn:extension:largeBlob: true, webauthn:extension:minPinLength: true, webauthn:extension:prf: true, webauthn:virtualAuthenticators: true}
Session ID: 34d62224bd4d96119d74943849980d2b
at java.base/jdk.internal.reflect.NativeConstructorAccessorImpl.newInstance0(Native Method)
at java.base/jdk.internal.reflect.NativeConstructorAccessorImpl.newInstance(NativeConstructorAccessorImpl.java:77)
at java.base/jdk.internal.reflect.DelegatingConstructorAccessorImpl.newInstance(DelegatingConstructorAccessorImpl.java:45)
at java.base/java.lang.reflect.Constructor.newInstanceWithCaller(Constructor.java:499)
at java.base/java.lang.reflect.Constructor.newInstance(Constructor.java:480)
at org.openqa.selenium.remote.ErrorCodec.decode(ErrorCodec.java:167)
at org.openqa.selenium.remote.codec.w3c.W3CHttpResponseCodec.decode(W3CHttpResponseCodec.java:138)
at org.openqa.selenium.remote.codec.w3c.W3CHttpResponseCodec.decode(W3CHttpResponseCodec.java:50)
at org.openqa.selenium.remote.HttpCommandExecutor.execute(HttpCommandExecutor.java:190)
at org.openqa.selenium.remote.service.DriverCommandExecutor.invokeExecute(DriverCommandExecutor.java:216)
at org.openqa.selenium.remote.service.DriverCommandExecutor.execute(DriverCommandExecutor.java:174)
at org.openqa.selenium.remote.RemoteWebDriver.execute(RemoteWebDriver.java:518)
at org.openqa.selenium.remote.ElementLocation$ElementFinder$2.findElement(ElementLocation.java:165)
at org.openqa.selenium.remote.ElementLocation.findElement(ElementLocation.java:59)
at org.openqa.selenium.remote.RemoteWebDriver.findElement(RemoteWebDriver.java:355)
at org.openqa.selenium.remote.RemoteWebDriver.findElement(RemoteWebDriver.java:349)
at org.openqa.selenium.support.pagefactory.DefaultElementLocator.findElement(DefaultElementLocator.java:68)
at org.openqa.selenium.support.pagefactory.internal.LocatingElementHandler.invoke(LocatingElementHandler.java:38)
at jdk.proxy2/jdk.proxy2.$Proxy16.isDisplayed(Unknown Source)
at org.openqa.selenium.support.ui.ExpectedConditions.elementIfVisible(ExpectedConditions.java:304)
at org.openqa.selenium.support.ui.ExpectedConditions$10.apply(ExpectedConditions.java:290)
at org.openqa.selenium.support.ui.ExpectedConditions$10.apply(ExpectedConditions.java:287)
at org.openqa.selenium.support.ui.ExpectedConditions$23.apply(ExpectedConditions.java:656)
at org.openqa.selenium.support.ui.ExpectedConditions$23.apply(ExpectedConditions.java:652)
at org.openqa.selenium.support.ui.FluentWait.until(FluentWait.java:203)
... 30 more
]]>
            </full-stacktrace>
          </exception> <!-- org.openqa.selenium.TimeoutException -->
          <reporter-output>
          </reporter-output>
        </test-method> <!-- testCase27 -->
        <test-method is-config="true" signature="deleteCookie()[pri:0, instance:projectSauceDemo.TestSauceDemoClass@59505b48]" started-at="2024-07-12T12:15:26 CEST" name="deleteCookie" finished-at="2024-07-12T12:15:26 CEST" duration-ms="24" status="PASS">
          <reporter-output>
          </reporter-output>
        </test-method> <!-- deleteCookie -->
        <test-method is-config="true" signature="navigation()[pri:0, instance:projectSauceDemo.TestSauceDemoClass@59505b48]" started-at="2024-07-12T12:15:26 CEST" name="navigation" finished-at="2024-07-12T12:15:26 CEST" duration-ms="506" status="PASS">
          <reporter-output>
          </reporter-output>
        </test-method> <!-- navigation -->
        <test-method signature="testCase28()[pri:0, instance:projectSauceDemo.TestSauceDemoClass@59505b48]" started-at="2024-07-12T12:15:26 CEST" name="testCase28" finished-at="2024-07-12T12:15:30 CEST" duration-ms="3983" status="PASS">
          <reporter-output>
          </reporter-output>
        </test-method> <!-- testCase28 -->
        <test-method is-config="true" signature="deleteCookie()[pri:0, instance:projectSauceDemo.TestSauceDemoClass@59505b48]" started-at="2024-07-12T12:15:30 CEST" name="deleteCookie" finished-at="2024-07-12T12:15:30 CEST" duration-ms="22" status="PASS">
          <reporter-output>
          </reporter-output>
        </test-method> <!-- deleteCookie -->
        <test-method is-config="true" signature="navigation()[pri:0, instance:projectSauceDemo.TestSauceDemoClass@59505b48]" started-at="2024-07-12T12:15:30 CEST" name="navigation" finished-at="2024-07-12T12:15:31 CEST" duration-ms="568" status="PASS">
          <reporter-output>
          </reporter-output>
        </test-method> <!-- navigation -->
        <test-method signature="testCase29()[pri:0, instance:projectSauceDemo.TestSauceDemoClass@59505b48]" started-at="2024-07-12T12:15:31 CEST" name="testCase29" finished-at="2024-07-12T12:16:03 CEST" duration-ms="32005" status="FAIL">
          <exception class="org.openqa.selenium.TimeoutException">
            <message>
              <![CDATA[Expected condition failed: waiting for element to be clickable: Proxy element for: DefaultElementLocator 'By.id: remove' (tried for 15 second(s) with 500 milliseconds interval)]]>
            </message>
            <full-stacktrace>
              <![CDATA[org.openqa.selenium.TimeoutException: Expected condition failed: waiting for element to be clickable: Proxy element for: DefaultElementLocator 'By.id: remove' (tried for 15 second(s) with 500 milliseconds interval)
at org.openqa.selenium.support.ui.WebDriverWait.timeoutException(WebDriverWait.java:84)
at org.openqa.selenium.support.ui.FluentWait.until(FluentWait.java:228)
at projectSauceDemo.LoginSauceDemoClass.clickOnTheButtonRemove(LoginSauceDemoClass.java:172)
at projectSauceDemo.TestSauceDemoClass.testCase29(TestSauceDemoClass.java:753)
at java.base/jdk.internal.reflect.NativeMethodAccessorImpl.invoke0(Native Method)
at java.base/jdk.internal.reflect.NativeMethodAccessorImpl.invoke(NativeMethodAccessorImpl.java:77)
at java.base/jdk.internal.reflect.DelegatingMethodAccessorImpl.invoke(DelegatingMethodAccessorImpl.java:43)
at java.base/java.lang.reflect.Method.invoke(Method.java:568)
at org.testng.internal.MethodInvocationHelper.invokeMethod(MethodInvocationHelper.java:133)
at org.testng.internal.TestInvoker.invokeMethod(TestInvoker.java:598)
at org.testng.internal.TestInvoker.invokeTestMethod(TestInvoker.java:173)
at org.testng.internal.MethodRunner.runInSequence(MethodRunner.java:46)
at org.testng.internal.TestInvoker$MethodInvocationAgent.invoke(TestInvoker.java:824)
at org.testng.internal.TestInvoker.invokeTestMethods(TestInvoker.java:146)
at org.testng.internal.TestMethodWorker.invokeTestMethods(TestMethodWorker.java:146)
at org.testng.internal.TestMethodWorker.run(TestMethodWorker.java:128)
at java.base/java.util.ArrayList.forEach(ArrayList.java:1511)
at org.testng.TestRunner.privateRun(TestRunner.java:794)
at org.testng.TestRunner.run(TestRunner.java:596)
at org.testng.SuiteRunner.runTest(SuiteRunner.java:377)
at org.testng.SuiteRunner.runSequentially(SuiteRunner.java:371)
at org.testng.SuiteRunner.privateRun(SuiteRunner.java:332)
at org.testng.SuiteRunner.run(SuiteRunner.java:276)
at org.testng.SuiteRunnerWorker.runSuite(SuiteRunnerWorker.java:53)
at org.testng.SuiteRunnerWorker.run(SuiteRunnerWorker.java:96)
at org.testng.TestNG.runSuitesSequentially(TestNG.java:1212)
at org.testng.TestNG.runSuitesLocally(TestNG.java:1134)
at org.testng.TestNG.runSuites(TestNG.java:1063)
at org.testng.TestNG.run(TestNG.java:1031)
at org.testng.remote.AbstractRemoteTestNG.run(AbstractRemoteTestNG.java:115)
at org.testng.remote.RemoteTestNG.initAndRun(RemoteTestNG.java:293)
at org.testng.remote.RemoteTestNG.main(RemoteTestNG.java:91)
Caused by: org.openqa.selenium.NoSuchElementException: no such element: Unable to locate element: {"method":"css selector","selector":"#remove"}
  (Session info: chrome=126.0.6478.127)
For documentation on this error, please visit: https://www.selenium.dev/documentation/webdriver/troubleshooting/errors#no-such-element-exception
Build info: version: '4.22.0', revision: 'c5f3146703*'
System info: os.name: 'Windows 11', os.arch: 'amd64', os.version: '10.0', java.version: '17.0.10'
Driver info: org.openqa.selenium.chrome.ChromeDriver
Command: [34d62224bd4d96119d74943849980d2b, findElement {using=id, value=remove}]
Capabilities {acceptInsecureCerts: false, browserName: chrome, browserVersion: 126.0.6478.127, chrome: {chromedriverVersion: 126.0.6478.126 (d36ace6122e..., userDataDir: C:\Users\Damja\AppData\Loca...}, fedcm:accounts: true, goog:chromeOptions: {debuggerAddress: localhost:57040}, networkConnectionEnabled: false, pageLoadStrategy: normal, platformName: windows, proxy: Proxy(), se:cdp: ws://localhost:57040/devtoo..., se:cdpVersion: 126.0.6478.127, setWindowRect: true, strictFileInteractability: false, timeouts: {implicit: 0, pageLoad: 300000, script: 30000}, unhandledPromptBehavior: dismiss and notify, webauthn:extension:credBlob: true, webauthn:extension:largeBlob: true, webauthn:extension:minPinLength: true, webauthn:extension:prf: true, webauthn:virtualAuthenticators: true}
Session ID: 34d62224bd4d96119d74943849980d2b
at java.base/jdk.internal.reflect.NativeConstructorAccessorImpl.newInstance0(Native Method)
at java.base/jdk.internal.reflect.NativeConstructorAccessorImpl.newInstance(NativeConstructorAccessorImpl.java:77)
at java.base/jdk.internal.reflect.DelegatingConstructorAccessorImpl.newInstance(DelegatingConstructorAccessorImpl.java:45)
at java.base/java.lang.reflect.Constructor.newInstanceWithCaller(Constructor.java:499)
at java.base/java.lang.reflect.Constructor.newInstance(Constructor.java:480)
at org.openqa.selenium.remote.ErrorCodec.decode(ErrorCodec.java:167)
at org.openqa.selenium.remote.codec.w3c.W3CHttpResponseCodec.decode(W3CHttpResponseCodec.java:138)
at org.openqa.selenium.remote.codec.w3c.W3CHttpResponseCodec.decode(W3CHttpResponseCodec.java:50)
at org.openqa.selenium.remote.HttpCommandExecutor.execute(HttpCommandExecutor.java:190)
at org.openqa.selenium.remote.service.DriverCommandExecutor.invokeExecute(DriverCommandExecutor.java:216)
at org.openqa.selenium.remote.service.DriverCommandExecutor.execute(DriverCommandExecutor.java:174)
at org.openqa.selenium.remote.RemoteWebDriver.execute(RemoteWebDriver.java:518)
at org.openqa.selenium.remote.ElementLocation$ElementFinder$2.findElement(ElementLocation.java:165)
at org.openqa.selenium.remote.ElementLocation.findElement(ElementLocation.java:59)
at org.openqa.selenium.remote.RemoteWebDriver.findElement(RemoteWebDriver.java:355)
at org.openqa.selenium.remote.RemoteWebDriver.findElement(RemoteWebDriver.java:349)
at org.openqa.selenium.support.pagefactory.DefaultElementLocator.findElement(DefaultElementLocator.java:68)
at org.openqa.selenium.support.pagefactory.internal.LocatingElementHandler.invoke(LocatingElementHandler.java:38)
at jdk.proxy2/jdk.proxy2.$Proxy16.isDisplayed(Unknown Source)
at org.openqa.selenium.support.ui.ExpectedConditions.elementIfVisible(ExpectedConditions.java:304)
at org.openqa.selenium.support.ui.ExpectedConditions$10.apply(ExpectedConditions.java:290)
at org.openqa.selenium.support.ui.ExpectedConditions$10.apply(ExpectedConditions.java:287)
at org.openqa.selenium.support.ui.ExpectedConditions$23.apply(ExpectedConditions.java:656)
at org.openqa.selenium.support.ui.ExpectedConditions$23.apply(ExpectedConditions.java:652)
at org.openqa.selenium.support.ui.FluentWait.until(FluentWait.java:203)
... 30 more
]]>
            </full-stacktrace>
          </exception> <!-- org.openqa.selenium.TimeoutException -->
          <reporter-output>
          </reporter-output>
        </test-method> <!-- testCase29 -->
        <test-method is-config="true" signature="deleteCookie()[pri:0, instance:projectSauceDemo.TestSauceDemoClass@59505b48]" started-at="2024-07-12T12:16:03 CEST" name="deleteCookie" finished-at="2024-07-12T12:16:03 CEST" duration-ms="24" status="PASS">
          <reporter-output>
          </reporter-output>
        </test-method> <!-- deleteCookie -->
        <test-method is-config="true" signature="navigation()[pri:0, instance:projectSauceDemo.TestSauceDemoClass@59505b48]" started-at="2024-07-12T12:16:03 CEST" name="navigation" finished-at="2024-07-12T12:16:03 CEST" duration-ms="477" status="PASS">
          <reporter-output>
          </reporter-output>
        </test-method> <!-- navigation -->
        <test-method signature="testCase3()[pri:0, instance:projectSauceDemo.TestSauceDemoClass@59505b48]" started-at="2024-07-12T12:16:03 CEST" name="testCase3" finished-at="2024-07-12T12:16:07 CEST" duration-ms="3616" status="PASS">
          <reporter-output>
          </reporter-output>
        </test-method> <!-- testCase3 -->
        <test-method is-config="true" signature="deleteCookie()[pri:0, instance:projectSauceDemo.TestSauceDemoClass@59505b48]" started-at="2024-07-12T12:16:07 CEST" name="deleteCookie" finished-at="2024-07-12T12:16:07 CEST" duration-ms="14" status="PASS">
          <reporter-output>
          </reporter-output>
        </test-method> <!-- deleteCookie -->
        <test-method is-config="true" signature="navigation()[pri:0, instance:projectSauceDemo.TestSauceDemoClass@59505b48]" started-at="2024-07-12T12:16:07 CEST" name="navigation" finished-at="2024-07-12T12:16:07 CEST" duration-ms="510" status="PASS">
          <reporter-output>
          </reporter-output>
        </test-method> <!-- navigation -->
        <test-method signature="testCase30()[pri:0, instance:projectSauceDemo.TestSauceDemoClass@59505b48]" started-at="2024-07-12T12:16:07 CEST" name="testCase30" finished-at="2024-07-12T12:16:24 CEST" duration-ms="16385" status="PASS">
          <reporter-output>
          </reporter-output>
        </test-method> <!-- testCase30 -->
        <test-method is-config="true" signature="deleteCookie()[pri:0, instance:projectSauceDemo.TestSauceDemoClass@59505b48]" started-at="2024-07-12T12:16:24 CEST" name="deleteCookie" finished-at="2024-07-12T12:16:24 CEST" duration-ms="34" status="PASS">
          <reporter-output>
          </reporter-output>
        </test-method> <!-- deleteCookie -->
        <test-method is-config="true" signature="navigation()[pri:0, instance:projectSauceDemo.TestSauceDemoClass@59505b48]" started-at="2024-07-12T12:16:24 CEST" name="navigation" finished-at="2024-07-12T12:16:24 CEST" duration-ms="570" status="PASS">
          <reporter-output>
          </reporter-output>
        </test-method> <!-- navigation -->
        <test-method signature="testCase31()[pri:0, instance:projectSauceDemo.TestSauceDemoClass@59505b48]" started-at="2024-07-12T12:16:24 CEST" name="testCase31" finished-at="2024-07-12T12:16:35 CEST" duration-ms="10620" status="PASS">
          <reporter-output>
          </reporter-output>
        </test-method> <!-- testCase31 -->
        <test-method is-config="true" signature="deleteCookie()[pri:0, instance:projectSauceDemo.TestSauceDemoClass@59505b48]" started-at="2024-07-12T12:16:35 CEST" name="deleteCookie" finished-at="2024-07-12T12:16:35 CEST" duration-ms="13" status="PASS">
          <reporter-output>
          </reporter-output>
        </test-method> <!-- deleteCookie -->
        <test-method is-config="true" signature="navigation()[pri:0, instance:projectSauceDemo.TestSauceDemoClass@59505b48]" started-at="2024-07-12T12:16:35 CEST" name="navigation" finished-at="2024-07-12T12:16:35 CEST" duration-ms="362" status="PASS">
          <reporter-output>
          </reporter-output>
        </test-method> <!-- navigation -->
        <test-method signature="testCase32()[pri:0, instance:projectSauceDemo.TestSauceDemoClass@59505b48]" started-at="2024-07-12T12:16:35 CEST" name="testCase32" finished-at="2024-07-12T12:17:14 CEST" duration-ms="39026" status="FAIL">
          <exception class="org.openqa.selenium.NoSuchElementException">
            <message>
              <![CDATA[no such element: Unable to locate element: {"method":"css selector","selector":"[href="https://www.facebook.com/saucelabs"]"}
  (Session info: chrome=126.0.6478.127)
For documentation on this error, please visit: https://www.selenium.dev/documentation/webdriver/troubleshooting/errors#no-such-element-exception
Build info: version: '4.22.0', revision: 'c5f3146703*'
System info: os.name: 'Windows 11', os.arch: 'amd64', os.version: '10.0', java.version: '17.0.10'
Driver info: org.openqa.selenium.chrome.ChromeDriver
Command: [34d62224bd4d96119d74943849980d2b, findElement {using=css selector, value=[href="https://www.facebook.com/saucelabs"]}]
Capabilities {acceptInsecureCerts: false, browserName: chrome, browserVersion: 126.0.6478.127, chrome: {chromedriverVersion: 126.0.6478.126 (d36ace6122e..., userDataDir: C:\Users\Damja\AppData\Loca...}, fedcm:accounts: true, goog:chromeOptions: {debuggerAddress: localhost:57040}, networkConnectionEnabled: false, pageLoadStrategy: normal, platformName: windows, proxy: Proxy(), se:cdp: ws://localhost:57040/devtoo..., se:cdpVersion: 126.0.6478.127, setWindowRect: true, strictFileInteractability: false, timeouts: {implicit: 0, pageLoad: 300000, script: 30000}, unhandledPromptBehavior: dismiss and notify, webauthn:extension:credBlob: true, webauthn:extension:largeBlob: true, webauthn:extension:minPinLength: true, webauthn:extension:prf: true, webauthn:virtualAuthenticators: true}
Session ID: 34d62224bd4d96119d74943849980d2b]]>
            </message>
            <full-stacktrace>
              <![CDATA[org.openqa.selenium.NoSuchElementException: no such element: Unable to locate element: {"method":"css selector","selector":"[href="https://www.facebook.com/saucelabs"]"}
  (Session info: chrome=126.0.6478.127)
For documentation on this error, please visit: https://www.selenium.dev/documentation/webdriver/troubleshooting/errors#no-such-element-exception
Build info: version: '4.22.0', revision: 'c5f3146703*'
System info: os.name: 'Windows 11', os.arch: 'amd64', os.version: '10.0', java.version: '17.0.10'
Driver info: org.openqa.selenium.chrome.ChromeDriver
Command: [34d62224bd4d96119d74943849980d2b, findElement {using=css selector, value=[href="https://www.facebook.com/saucelabs"]}]
Capabilities {acceptInsecureCerts: false, browserName: chrome, browserVersion: 126.0.6478.127, chrome: {chromedriverVersion: 126.0.6478.126 (d36ace6122e..., userDataDir: C:\Users\Damja\AppData\Loca...}, fedcm:accounts: true, goog:chromeOptions: {debuggerAddress: localhost:57040}, networkConnectionEnabled: false, pageLoadStrategy: normal, platformName: windows, proxy: Proxy(), se:cdp: ws://localhost:57040/devtoo..., se:cdpVersion: 126.0.6478.127, setWindowRect: true, strictFileInteractability: false, timeouts: {implicit: 0, pageLoad: 300000, script: 30000}, unhandledPromptBehavior: dismiss and notify, webauthn:extension:credBlob: true, webauthn:extension:largeBlob: true, webauthn:extension:minPinLength: true, webauthn:extension:prf: true, webauthn:virtualAuthenticators: true}
Session ID: 34d62224bd4d96119d74943849980d2b
at java.base/jdk.internal.reflect.NativeConstructorAccessorImpl.newInstance0(Native Method)
at java.base/jdk.internal.reflect.NativeConstructorAccessorImpl.newInstance(NativeConstructorAccessorImpl.java:77)
at java.base/jdk.internal.reflect.DelegatingConstructorAccessorImpl.newInstance(DelegatingConstructorAccessorImpl.java:45)
at java.base/java.lang.reflect.Constructor.newInstanceWithCaller(Constructor.java:499)
at java.base/java.lang.reflect.Constructor.newInstance(Constructor.java:480)
at org.openqa.selenium.remote.ErrorCodec.decode(ErrorCodec.java:167)
at org.openqa.selenium.remote.codec.w3c.W3CHttpResponseCodec.decode(W3CHttpResponseCodec.java:138)
at org.openqa.selenium.remote.codec.w3c.W3CHttpResponseCodec.decode(W3CHttpResponseCodec.java:50)
at org.openqa.selenium.remote.HttpCommandExecutor.execute(HttpCommandExecutor.java:190)
at org.openqa.selenium.remote.service.DriverCommandExecutor.invokeExecute(DriverCommandExecutor.java:216)
at org.openqa.selenium.remote.service.DriverCommandExecutor.execute(DriverCommandExecutor.java:174)
at org.openqa.selenium.remote.RemoteWebDriver.execute(RemoteWebDriver.java:518)
at org.openqa.selenium.remote.ElementLocation$ElementFinder$2.findElement(ElementLocation.java:165)
at org.openqa.selenium.remote.ElementLocation.findElement(ElementLocation.java:59)
at org.openqa.selenium.remote.RemoteWebDriver.findElement(RemoteWebDriver.java:355)
at org.openqa.selenium.remote.RemoteWebDriver.findElement(RemoteWebDriver.java:349)
at org.openqa.selenium.support.pagefactory.DefaultElementLocator.findElement(DefaultElementLocator.java:68)
at org.openqa.selenium.support.pagefactory.internal.LocatingElementHandler.invoke(LocatingElementHandler.java:38)
at jdk.proxy2/jdk.proxy2.$Proxy16.getWrappedElement(Unknown Source)
at org.openqa.selenium.remote.WebElementToJsonConverter.apply(WebElementToJsonConverter.java:48)
at java.base/java.util.stream.ReferencePipeline$3$1.accept(ReferencePipeline.java:197)
at java.base/java.util.Spliterators$ArraySpliterator.forEachRemaining(Spliterators.java:992)
at java.base/java.util.stream.AbstractPipeline.copyInto(AbstractPipeline.java:509)
at java.base/java.util.stream.AbstractPipeline.wrapAndCopyInto(AbstractPipeline.java:499)
at java.base/java.util.stream.ReduceOps$ReduceOp.evaluateSequential(ReduceOps.java:921)
at java.base/java.util.stream.AbstractPipeline.evaluate(AbstractPipeline.java:234)
at java.base/java.util.stream.ReferencePipeline.collect(ReferencePipeline.java:682)
at org.openqa.selenium.remote.RemoteWebDriver.executeScript(RemoteWebDriver.java:461)
at projectSauceDemo.LoginSauceDemoClass.verifySettings(LoginSauceDemoClass.java:219)
at projectSauceDemo.TestSauceDemoClass.testCase32(TestSauceDemoClass.java:795)
at java.base/jdk.internal.reflect.NativeMethodAccessorImpl.invoke0(Native Method)
at java.base/jdk.internal.reflect.NativeMethodAccessorImpl.invoke(NativeMethodAccessorImpl.java:77)
at java.base/jdk.internal.reflect.DelegatingMethodAccessorImpl.invoke(DelegatingMethodAccessorImpl.java:43)
at java.base/java.lang.reflect.Method.invoke(Method.java:568)
at org.testng.internal.MethodInvocationHelper.invokeMethod(MethodInvocationHelper.java:133)
at org.testng.internal.TestInvoker.invokeMethod(TestInvoker.java:598)
at org.testng.internal.TestInvoker.invokeTestMethod(TestInvoker.java:173)
at org.testng.internal.MethodRunner.runInSequence(MethodRunner.java:46)
at org.testng.internal.TestInvoker$MethodInvocationAgent.invoke(TestInvoker.java:824)
at org.testng.internal.TestInvoker.invokeTestMethods(TestInvoker.java:146)
at org.testng.internal.TestMethodWorker.invokeTestMethods(TestMethodWorker.java:146)
at org.testng.internal.TestMethodWorker.run(TestMethodWorker.java:128)
at java.base/java.util.ArrayList.forEach(ArrayList.java:1511)
at org.testng.TestRunner.privateRun(TestRunner.java:794)
at org.testng.TestRunner.run(TestRunner.java:596)
at org.testng.SuiteRunner.runTest(SuiteRunner.java:377)
at org.testng.SuiteRunner.runSequentially(SuiteRunner.java:371)
at org.testng.SuiteRunner.privateRun(SuiteRunner.java:332)
at org.testng.SuiteRunner.run(SuiteRunner.java:276)
at org.testng.SuiteRunnerWorker.runSuite(SuiteRunnerWorker.java:53)
at org.testng.SuiteRunnerWorker.run(SuiteRunnerWorker.java:96)
at org.testng.TestNG.runSuitesSequentially(TestNG.java:1212)
at org.testng.TestNG.runSuitesLocally(TestNG.java:1134)
at org.testng.TestNG.runSuites(TestNG.java:1063)
at org.testng.TestNG.run(TestNG.java:1031)
at org.testng.remote.AbstractRemoteTestNG.run(AbstractRemoteTestNG.java:115)
at org.testng.remote.RemoteTestNG.initAndRun(RemoteTestNG.java:293)
at org.testng.remote.RemoteTestNG.main(RemoteTestNG.java:91)
]]>
            </full-stacktrace>
          </exception> <!-- org.openqa.selenium.NoSuchElementException -->
          <reporter-output>
          </reporter-output>
        </test-method> <!-- testCase32 -->
        <test-method is-config="true" signature="deleteCookie()[pri:0, instance:projectSauceDemo.TestSauceDemoClass@59505b48]" started-at="2024-07-12T12:17:14 CEST" name="deleteCookie" finished-at="2024-07-12T12:17:14 CEST" duration-ms="52" status="PASS">
          <reporter-output>
          </reporter-output>
        </test-method> <!-- deleteCookie -->
        <test-method is-config="true" signature="navigation()[pri:0, instance:projectSauceDemo.TestSauceDemoClass@59505b48]" started-at="2024-07-12T12:17:14 CEST" name="navigation" finished-at="2024-07-12T12:17:15 CEST" duration-ms="530" status="PASS">
          <reporter-output>
          </reporter-output>
        </test-method> <!-- navigation -->
        <test-method signature="testCase33()[pri:0, instance:projectSauceDemo.TestSauceDemoClass@59505b48]" started-at="2024-07-12T12:17:15 CEST" name="testCase33" finished-at="2024-07-12T12:17:16 CEST" duration-ms="1027" status="FAIL">
          <exception class="java.lang.AssertionError">
            <message>
              <![CDATA[The following asserts failed:
did not expect [Sauce Labs Backpack] but found [Sauce Labs Backpack],
expected [https://www.saucedemo.com/inventory.html] but found [https://www.saucedemo.com/inventory-item.html?id=4]]]>
            </message>
            <full-stacktrace>
              <![CDATA[java.lang.AssertionError: The following asserts failed:
did not expect [Sauce Labs Backpack] but found [Sauce Labs Backpack],
expected [https://www.saucedemo.com/inventory.html] but found [https://www.saucedemo.com/inventory-item.html?id=4]
at org.testng.asserts.SoftAssert.assertAll(SoftAssert.java:47)
at org.testng.asserts.SoftAssert.assertAll(SoftAssert.java:31)
at projectSauceDemo.LoginSauceDemoClass.clickOnTheListItems12(LoginSauceDemoClass.java:458)
at projectSauceDemo.TestSauceDemoClass.testCase33(TestSauceDemoClass.java:804)
at java.base/jdk.internal.reflect.NativeMethodAccessorImpl.invoke0(Native Method)
at java.base/jdk.internal.reflect.NativeMethodAccessorImpl.invoke(NativeMethodAccessorImpl.java:77)
at java.base/jdk.internal.reflect.DelegatingMethodAccessorImpl.invoke(DelegatingMethodAccessorImpl.java:43)
at java.base/java.lang.reflect.Method.invoke(Method.java:568)
at org.testng.internal.MethodInvocationHelper.invokeMethod(MethodInvocationHelper.java:133)
at org.testng.internal.TestInvoker.invokeMethod(TestInvoker.java:598)
at org.testng.internal.TestInvoker.invokeTestMethod(TestInvoker.java:173)
at org.testng.internal.MethodRunner.runInSequence(MethodRunner.java:46)
at org.testng.internal.TestInvoker$MethodInvocationAgent.invoke(TestInvoker.java:824)
at org.testng.internal.TestInvoker.invokeTestMethods(TestInvoker.java:146)
at org.testng.internal.TestMethodWorker.invokeTestMethods(TestMethodWorker.java:146)
at org.testng.internal.TestMethodWorker.run(TestMethodWorker.java:128)
at java.base/java.util.ArrayList.forEach(ArrayList.java:1511)
at org.testng.TestRunner.privateRun(TestRunner.java:794)
at org.testng.TestRunner.run(TestRunner.java:596)
at org.testng.SuiteRunner.runTest(SuiteRunner.java:377)
at org.testng.SuiteRunner.runSequentially(SuiteRunner.java:371)
at org.testng.SuiteRunner.privateRun(SuiteRunner.java:332)
at org.testng.SuiteRunner.run(SuiteRunner.java:276)
at org.testng.SuiteRunnerWorker.runSuite(SuiteRunnerWorker.java:53)
at org.testng.SuiteRunnerWorker.run(SuiteRunnerWorker.java:96)
at org.testng.TestNG.runSuitesSequentially(TestNG.java:1212)
at org.testng.TestNG.runSuitesLocally(TestNG.java:1134)
at org.testng.TestNG.runSuites(TestNG.java:1063)
at org.testng.TestNG.run(TestNG.java:1031)
at org.testng.remote.AbstractRemoteTestNG.run(AbstractRemoteTestNG.java:115)
at org.testng.remote.RemoteTestNG.initAndRun(RemoteTestNG.java:293)
at org.testng.remote.RemoteTestNG.main(RemoteTestNG.java:91)
]]>
            </full-stacktrace>
          </exception> <!-- java.lang.AssertionError -->
          <reporter-output>
          </reporter-output>
        </test-method> <!-- testCase33 -->
        <test-method is-config="true" signature="deleteCookie()[pri:0, instance:projectSauceDemo.TestSauceDemoClass@59505b48]" started-at="2024-07-12T12:17:16 CEST" name="deleteCookie" finished-at="2024-07-12T12:17:16 CEST" duration-ms="19" status="PASS">
          <reporter-output>
          </reporter-output>
        </test-method> <!-- deleteCookie -->
        <test-method is-config="true" signature="navigation()[pri:0, instance:projectSauceDemo.TestSauceDemoClass@59505b48]" started-at="2024-07-12T12:17:16 CEST" name="navigation" finished-at="2024-07-12T12:17:16 CEST" duration-ms="347" status="PASS">
          <reporter-output>
          </reporter-output>
        </test-method> <!-- navigation -->
        <test-method signature="testCase34()[pri:0, instance:projectSauceDemo.TestSauceDemoClass@59505b48]" started-at="2024-07-12T12:17:16 CEST" name="testCase34" finished-at="2024-07-12T12:17:48 CEST" duration-ms="31341" status="FAIL">
          <exception class="org.openqa.selenium.TimeoutException">
            <message>
              <![CDATA[Expected condition failed: waiting for element to be clickable: Proxy element for: DefaultElementLocator 'By.id: remove-sauce-labs-backpack' (tried for 15 second(s) with 500 milliseconds interval)]]>
            </message>
            <full-stacktrace>
              <![CDATA[org.openqa.selenium.TimeoutException: Expected condition failed: waiting for element to be clickable: Proxy element for: DefaultElementLocator 'By.id: remove-sauce-labs-backpack' (tried for 15 second(s) with 500 milliseconds interval)
at org.openqa.selenium.support.ui.WebDriverWait.timeoutException(WebDriverWait.java:84)
at org.openqa.selenium.support.ui.FluentWait.until(FluentWait.java:228)
at projectSauceDemo.LoginSauceDemoClass.clickOnTheButtonRemoveHomePage(LoginSauceDemoClass.java:175)
at projectSauceDemo.TestSauceDemoClass.testCase34(TestSauceDemoClass.java:828)
at java.base/jdk.internal.reflect.NativeMethodAccessorImpl.invoke0(Native Method)
at java.base/jdk.internal.reflect.NativeMethodAccessorImpl.invoke(NativeMethodAccessorImpl.java:77)
at java.base/jdk.internal.reflect.DelegatingMethodAccessorImpl.invoke(DelegatingMethodAccessorImpl.java:43)
at java.base/java.lang.reflect.Method.invoke(Method.java:568)
at org.testng.internal.MethodInvocationHelper.invokeMethod(MethodInvocationHelper.java:133)
at org.testng.internal.TestInvoker.invokeMethod(TestInvoker.java:598)
at org.testng.internal.TestInvoker.invokeTestMethod(TestInvoker.java:173)
at org.testng.internal.MethodRunner.runInSequence(MethodRunner.java:46)
at org.testng.internal.TestInvoker$MethodInvocationAgent.invoke(TestInvoker.java:824)
at org.testng.internal.TestInvoker.invokeTestMethods(TestInvoker.java:146)
at org.testng.internal.TestMethodWorker.invokeTestMethods(TestMethodWorker.java:146)
at org.testng.internal.TestMethodWorker.run(TestMethodWorker.java:128)
at java.base/java.util.ArrayList.forEach(ArrayList.java:1511)
at org.testng.TestRunner.privateRun(TestRunner.java:794)
at org.testng.TestRunner.run(TestRunner.java:596)
at org.testng.SuiteRunner.runTest(SuiteRunner.java:377)
at org.testng.SuiteRunner.runSequentially(SuiteRunner.java:371)
at org.testng.SuiteRunner.privateRun(SuiteRunner.java:332)
at org.testng.SuiteRunner.run(SuiteRunner.java:276)
at org.testng.SuiteRunnerWorker.runSuite(SuiteRunnerWorker.java:53)
at org.testng.SuiteRunnerWorker.run(SuiteRunnerWorker.java:96)
at org.testng.TestNG.runSuitesSequentially(TestNG.java:1212)
at org.testng.TestNG.runSuitesLocally(TestNG.java:1134)
at org.testng.TestNG.runSuites(TestNG.java:1063)
at org.testng.TestNG.run(TestNG.java:1031)
at org.testng.remote.AbstractRemoteTestNG.run(AbstractRemoteTestNG.java:115)
at org.testng.remote.RemoteTestNG.initAndRun(RemoteTestNG.java:293)
at org.testng.remote.RemoteTestNG.main(RemoteTestNG.java:91)
Caused by: org.openqa.selenium.NoSuchElementException: no such element: Unable to locate element: {"method":"css selector","selector":"#remove\-sauce\-labs\-backpack"}
  (Session info: chrome=126.0.6478.127)
For documentation on this error, please visit: https://www.selenium.dev/documentation/webdriver/troubleshooting/errors#no-such-element-exception
Build info: version: '4.22.0', revision: 'c5f3146703*'
System info: os.name: 'Windows 11', os.arch: 'amd64', os.version: '10.0', java.version: '17.0.10'
Driver info: org.openqa.selenium.chrome.ChromeDriver
Command: [34d62224bd4d96119d74943849980d2b, findElement {using=id, value=remove-sauce-labs-backpack}]
Capabilities {acceptInsecureCerts: false, browserName: chrome, browserVersion: 126.0.6478.127, chrome: {chromedriverVersion: 126.0.6478.126 (d36ace6122e..., userDataDir: C:\Users\Damja\AppData\Loca...}, fedcm:accounts: true, goog:chromeOptions: {debuggerAddress: localhost:57040}, networkConnectionEnabled: false, pageLoadStrategy: normal, platformName: windows, proxy: Proxy(), se:cdp: ws://localhost:57040/devtoo..., se:cdpVersion: 126.0.6478.127, setWindowRect: true, strictFileInteractability: false, timeouts: {implicit: 0, pageLoad: 300000, script: 30000}, unhandledPromptBehavior: dismiss and notify, webauthn:extension:credBlob: true, webauthn:extension:largeBlob: true, webauthn:extension:minPinLength: true, webauthn:extension:prf: true, webauthn:virtualAuthenticators: true}
Session ID: 34d62224bd4d96119d74943849980d2b
at java.base/jdk.internal.reflect.NativeConstructorAccessorImpl.newInstance0(Native Method)
at java.base/jdk.internal.reflect.NativeConstructorAccessorImpl.newInstance(NativeConstructorAccessorImpl.java:77)
at java.base/jdk.internal.reflect.DelegatingConstructorAccessorImpl.newInstance(DelegatingConstructorAccessorImpl.java:45)
at java.base/java.lang.reflect.Constructor.newInstanceWithCaller(Constructor.java:499)
at java.base/java.lang.reflect.Constructor.newInstance(Constructor.java:480)
at org.openqa.selenium.remote.ErrorCodec.decode(ErrorCodec.java:167)
at org.openqa.selenium.remote.codec.w3c.W3CHttpResponseCodec.decode(W3CHttpResponseCodec.java:138)
at org.openqa.selenium.remote.codec.w3c.W3CHttpResponseCodec.decode(W3CHttpResponseCodec.java:50)
at org.openqa.selenium.remote.HttpCommandExecutor.execute(HttpCommandExecutor.java:190)
at org.openqa.selenium.remote.service.DriverCommandExecutor.invokeExecute(DriverCommandExecutor.java:216)
at org.openqa.selenium.remote.service.DriverCommandExecutor.execute(DriverCommandExecutor.java:174)
at org.openqa.selenium.remote.RemoteWebDriver.execute(RemoteWebDriver.java:518)
at org.openqa.selenium.remote.ElementLocation$ElementFinder$2.findElement(ElementLocation.java:165)
at org.openqa.selenium.remote.ElementLocation.findElement(ElementLocation.java:59)
at org.openqa.selenium.remote.RemoteWebDriver.findElement(RemoteWebDriver.java:355)
at org.openqa.selenium.remote.RemoteWebDriver.findElement(RemoteWebDriver.java:349)
at org.openqa.selenium.support.pagefactory.DefaultElementLocator.findElement(DefaultElementLocator.java:68)
at org.openqa.selenium.support.pagefactory.internal.LocatingElementHandler.invoke(LocatingElementHandler.java:38)
at jdk.proxy2/jdk.proxy2.$Proxy16.isDisplayed(Unknown Source)
at org.openqa.selenium.support.ui.ExpectedConditions.elementIfVisible(ExpectedConditions.java:304)
at org.openqa.selenium.support.ui.ExpectedConditions$10.apply(ExpectedConditions.java:290)
at org.openqa.selenium.support.ui.ExpectedConditions$10.apply(ExpectedConditions.java:287)
at org.openqa.selenium.support.ui.ExpectedConditions$23.apply(ExpectedConditions.java:656)
at org.openqa.selenium.support.ui.ExpectedConditions$23.apply(ExpectedConditions.java:652)
at org.openqa.selenium.support.ui.FluentWait.until(FluentWait.java:203)
... 30 more
]]>
            </full-stacktrace>
          </exception> <!-- org.openqa.selenium.TimeoutException -->
          <reporter-output>
          </reporter-output>
        </test-method> <!-- testCase34 -->
        <test-method is-config="true" signature="deleteCookie()[pri:0, instance:projectSauceDemo.TestSauceDemoClass@59505b48]" started-at="2024-07-12T12:17:48 CEST" name="deleteCookie" finished-at="2024-07-12T12:17:48 CEST" duration-ms="26" status="PASS">
          <reporter-output>
          </reporter-output>
        </test-method> <!-- deleteCookie -->
        <test-method is-config="true" signature="navigation()[pri:0, instance:projectSauceDemo.TestSauceDemoClass@59505b48]" started-at="2024-07-12T12:17:48 CEST" name="navigation" finished-at="2024-07-12T12:17:48 CEST" duration-ms="516" status="PASS">
          <reporter-output>
          </reporter-output>
        </test-method> <!-- navigation -->
        <test-method signature="testCase35()[pri:0, instance:projectSauceDemo.TestSauceDemoClass@59505b48]" started-at="2024-07-12T12:17:48 CEST" name="testCase35" finished-at="2024-07-12T12:17:50 CEST" duration-ms="1372" status="FAIL">
          <exception class="java.lang.AssertionError">
            <message>
              <![CDATA[The following asserts failed:
did not expect [Sauce Labs Bike Light] but found [Sauce Labs Bike Light],
expected [https://www.saucedemo.com/inventory.html] but found [https://www.saucedemo.com/inventory-item.html?id=0]]]>
            </message>
            <full-stacktrace>
              <![CDATA[java.lang.AssertionError: The following asserts failed:
did not expect [Sauce Labs Bike Light] but found [Sauce Labs Bike Light],
expected [https://www.saucedemo.com/inventory.html] but found [https://www.saucedemo.com/inventory-item.html?id=0]
at org.testng.asserts.SoftAssert.assertAll(SoftAssert.java:47)
at org.testng.asserts.SoftAssert.assertAll(SoftAssert.java:31)
at projectSauceDemo.LoginSauceDemoClass.clickOnTheListItems13(LoginSauceDemoClass.java:473)
at projectSauceDemo.TestSauceDemoClass.testCase35(TestSauceDemoClass.java:838)
at java.base/jdk.internal.reflect.NativeMethodAccessorImpl.invoke0(Native Method)
at java.base/jdk.internal.reflect.NativeMethodAccessorImpl.invoke(NativeMethodAccessorImpl.java:77)
at java.base/jdk.internal.reflect.DelegatingMethodAccessorImpl.invoke(DelegatingMethodAccessorImpl.java:43)
at java.base/java.lang.reflect.Method.invoke(Method.java:568)
at org.testng.internal.MethodInvocationHelper.invokeMethod(MethodInvocationHelper.java:133)
at org.testng.internal.TestInvoker.invokeMethod(TestInvoker.java:598)
at org.testng.internal.TestInvoker.invokeTestMethod(TestInvoker.java:173)
at org.testng.internal.MethodRunner.runInSequence(MethodRunner.java:46)
at org.testng.internal.TestInvoker$MethodInvocationAgent.invoke(TestInvoker.java:824)
at org.testng.internal.TestInvoker.invokeTestMethods(TestInvoker.java:146)
at org.testng.internal.TestMethodWorker.invokeTestMethods(TestMethodWorker.java:146)
at org.testng.internal.TestMethodWorker.run(TestMethodWorker.java:128)
at java.base/java.util.ArrayList.forEach(ArrayList.java:1511)
at org.testng.TestRunner.privateRun(TestRunner.java:794)
at org.testng.TestRunner.run(TestRunner.java:596)
at org.testng.SuiteRunner.runTest(SuiteRunner.java:377)
at org.testng.SuiteRunner.runSequentially(SuiteRunner.java:371)
at org.testng.SuiteRunner.privateRun(SuiteRunner.java:332)
at org.testng.SuiteRunner.run(SuiteRunner.java:276)
at org.testng.SuiteRunnerWorker.runSuite(SuiteRunnerWorker.java:53)
at org.testng.SuiteRunnerWorker.run(SuiteRunnerWorker.java:96)
at org.testng.TestNG.runSuitesSequentially(TestNG.java:1212)
at org.testng.TestNG.runSuitesLocally(TestNG.java:1134)
at org.testng.TestNG.runSuites(TestNG.java:1063)
at org.testng.TestNG.run(TestNG.java:1031)
at org.testng.remote.AbstractRemoteTestNG.run(AbstractRemoteTestNG.java:115)
at org.testng.remote.RemoteTestNG.initAndRun(RemoteTestNG.java:293)
at org.testng.remote.RemoteTestNG.main(RemoteTestNG.java:91)
]]>
            </full-stacktrace>
          </exception> <!-- java.lang.AssertionError -->
          <reporter-output>
          </reporter-output>
        </test-method> <!-- testCase35 -->
        <test-method is-config="true" signature="deleteCookie()[pri:0, instance:projectSauceDemo.TestSauceDemoClass@59505b48]" started-at="2024-07-12T12:17:50 CEST" name="deleteCookie" finished-at="2024-07-12T12:17:50 CEST" duration-ms="22" status="PASS">
          <reporter-output>
          </reporter-output>
        </test-method> <!-- deleteCookie -->
        <test-method is-config="true" signature="navigation()[pri:0, instance:projectSauceDemo.TestSauceDemoClass@59505b48]" started-at="2024-07-12T12:17:50 CEST" name="navigation" finished-at="2024-07-12T12:17:50 CEST" duration-ms="469" status="PASS">
          <reporter-output>
          </reporter-output>
        </test-method> <!-- navigation -->
        <test-method signature="testCase36()[pri:0, instance:projectSauceDemo.TestSauceDemoClass@59505b48]" started-at="2024-07-12T12:17:50 CEST" name="testCase36" finished-at="2024-07-12T12:18:22 CEST" duration-ms="31506" status="FAIL">
          <exception class="org.openqa.selenium.TimeoutException">
            <message>
              <![CDATA[Expected condition failed: waiting for element to be clickable: Proxy element for: DefaultElementLocator 'By.id: remove-sauce-labs-bike-light' (tried for 15 second(s) with 500 milliseconds interval)]]>
            </message>
            <full-stacktrace>
              <![CDATA[org.openqa.selenium.TimeoutException: Expected condition failed: waiting for element to be clickable: Proxy element for: DefaultElementLocator 'By.id: remove-sauce-labs-bike-light' (tried for 15 second(s) with 500 milliseconds interval)
at org.openqa.selenium.support.ui.WebDriverWait.timeoutException(WebDriverWait.java:84)
at org.openqa.selenium.support.ui.FluentWait.until(FluentWait.java:228)
at projectSauceDemo.LoginSauceDemoClass.clickOnTheButtonRemoveSauce(LoginSauceDemoClass.java:143)
at projectSauceDemo.TestSauceDemoClass.testCase36(TestSauceDemoClass.java:862)
at java.base/jdk.internal.reflect.NativeMethodAccessorImpl.invoke0(Native Method)
at java.base/jdk.internal.reflect.NativeMethodAccessorImpl.invoke(NativeMethodAccessorImpl.java:77)
at java.base/jdk.internal.reflect.DelegatingMethodAccessorImpl.invoke(DelegatingMethodAccessorImpl.java:43)
at java.base/java.lang.reflect.Method.invoke(Method.java:568)
at org.testng.internal.MethodInvocationHelper.invokeMethod(MethodInvocationHelper.java:133)
at org.testng.internal.TestInvoker.invokeMethod(TestInvoker.java:598)
at org.testng.internal.TestInvoker.invokeTestMethod(TestInvoker.java:173)
at org.testng.internal.MethodRunner.runInSequence(MethodRunner.java:46)
at org.testng.internal.TestInvoker$MethodInvocationAgent.invoke(TestInvoker.java:824)
at org.testng.internal.TestInvoker.invokeTestMethods(TestInvoker.java:146)
at org.testng.internal.TestMethodWorker.invokeTestMethods(TestMethodWorker.java:146)
at org.testng.internal.TestMethodWorker.run(TestMethodWorker.java:128)
at java.base/java.util.ArrayList.forEach(ArrayList.java:1511)
at org.testng.TestRunner.privateRun(TestRunner.java:794)
at org.testng.TestRunner.run(TestRunner.java:596)
at org.testng.SuiteRunner.runTest(SuiteRunner.java:377)
at org.testng.SuiteRunner.runSequentially(SuiteRunner.java:371)
at org.testng.SuiteRunner.privateRun(SuiteRunner.java:332)
at org.testng.SuiteRunner.run(SuiteRunner.java:276)
at org.testng.SuiteRunnerWorker.runSuite(SuiteRunnerWorker.java:53)
at org.testng.SuiteRunnerWorker.run(SuiteRunnerWorker.java:96)
at org.testng.TestNG.runSuitesSequentially(TestNG.java:1212)
at org.testng.TestNG.runSuitesLocally(TestNG.java:1134)
at org.testng.TestNG.runSuites(TestNG.java:1063)
at org.testng.TestNG.run(TestNG.java:1031)
at org.testng.remote.AbstractRemoteTestNG.run(AbstractRemoteTestNG.java:115)
at org.testng.remote.RemoteTestNG.initAndRun(RemoteTestNG.java:293)
at org.testng.remote.RemoteTestNG.main(RemoteTestNG.java:91)
Caused by: org.openqa.selenium.NoSuchElementException: no such element: Unable to locate element: {"method":"css selector","selector":"#remove\-sauce\-labs\-bike\-light"}
  (Session info: chrome=126.0.6478.127)
For documentation on this error, please visit: https://www.selenium.dev/documentation/webdriver/troubleshooting/errors#no-such-element-exception
Build info: version: '4.22.0', revision: 'c5f3146703*'
System info: os.name: 'Windows 11', os.arch: 'amd64', os.version: '10.0', java.version: '17.0.10'
Driver info: org.openqa.selenium.chrome.ChromeDriver
Command: [34d62224bd4d96119d74943849980d2b, findElement {using=id, value=remove-sauce-labs-bike-light}]
Capabilities {acceptInsecureCerts: false, browserName: chrome, browserVersion: 126.0.6478.127, chrome: {chromedriverVersion: 126.0.6478.126 (d36ace6122e..., userDataDir: C:\Users\Damja\AppData\Loca...}, fedcm:accounts: true, goog:chromeOptions: {debuggerAddress: localhost:57040}, networkConnectionEnabled: false, pageLoadStrategy: normal, platformName: windows, proxy: Proxy(), se:cdp: ws://localhost:57040/devtoo..., se:cdpVersion: 126.0.6478.127, setWindowRect: true, strictFileInteractability: false, timeouts: {implicit: 0, pageLoad: 300000, script: 30000}, unhandledPromptBehavior: dismiss and notify, webauthn:extension:credBlob: true, webauthn:extension:largeBlob: true, webauthn:extension:minPinLength: true, webauthn:extension:prf: true, webauthn:virtualAuthenticators: true}
Session ID: 34d62224bd4d96119d74943849980d2b
at java.base/jdk.internal.reflect.NativeConstructorAccessorImpl.newInstance0(Native Method)
at java.base/jdk.internal.reflect.NativeConstructorAccessorImpl.newInstance(NativeConstructorAccessorImpl.java:77)
at java.base/jdk.internal.reflect.DelegatingConstructorAccessorImpl.newInstance(DelegatingConstructorAccessorImpl.java:45)
at java.base/java.lang.reflect.Constructor.newInstanceWithCaller(Constructor.java:499)
at java.base/java.lang.reflect.Constructor.newInstance(Constructor.java:480)
at org.openqa.selenium.remote.ErrorCodec.decode(ErrorCodec.java:167)
at org.openqa.selenium.remote.codec.w3c.W3CHttpResponseCodec.decode(W3CHttpResponseCodec.java:138)
at org.openqa.selenium.remote.codec.w3c.W3CHttpResponseCodec.decode(W3CHttpResponseCodec.java:50)
at org.openqa.selenium.remote.HttpCommandExecutor.execute(HttpCommandExecutor.java:190)
at org.openqa.selenium.remote.service.DriverCommandExecutor.invokeExecute(DriverCommandExecutor.java:216)
at org.openqa.selenium.remote.service.DriverCommandExecutor.execute(DriverCommandExecutor.java:174)
at org.openqa.selenium.remote.RemoteWebDriver.execute(RemoteWebDriver.java:518)
at org.openqa.selenium.remote.ElementLocation$ElementFinder$2.findElement(ElementLocation.java:165)
at org.openqa.selenium.remote.ElementLocation.findElement(ElementLocation.java:59)
at org.openqa.selenium.remote.RemoteWebDriver.findElement(RemoteWebDriver.java:355)
at org.openqa.selenium.remote.RemoteWebDriver.findElement(RemoteWebDriver.java:349)
at org.openqa.selenium.support.pagefactory.DefaultElementLocator.findElement(DefaultElementLocator.java:68)
at org.openqa.selenium.support.pagefactory.internal.LocatingElementHandler.invoke(LocatingElementHandler.java:38)
at jdk.proxy2/jdk.proxy2.$Proxy16.isDisplayed(Unknown Source)
at org.openqa.selenium.support.ui.ExpectedConditions.elementIfVisible(ExpectedConditions.java:304)
at org.openqa.selenium.support.ui.ExpectedConditions$10.apply(ExpectedConditions.java:290)
at org.openqa.selenium.support.ui.ExpectedConditions$10.apply(ExpectedConditions.java:287)
at org.openqa.selenium.support.ui.ExpectedConditions$23.apply(ExpectedConditions.java:656)
at org.openqa.selenium.support.ui.ExpectedConditions$23.apply(ExpectedConditions.java:652)
at org.openqa.selenium.support.ui.FluentWait.until(FluentWait.java:203)
... 30 more
]]>
            </full-stacktrace>
          </exception> <!-- org.openqa.selenium.TimeoutException -->
          <reporter-output>
          </reporter-output>
        </test-method> <!-- testCase36 -->
        <test-method is-config="true" signature="deleteCookie()[pri:0, instance:projectSauceDemo.TestSauceDemoClass@59505b48]" started-at="2024-07-12T12:18:22 CEST" name="deleteCookie" finished-at="2024-07-12T12:18:22 CEST" duration-ms="42" status="PASS">
          <reporter-output>
          </reporter-output>
        </test-method> <!-- deleteCookie -->
        <test-method is-config="true" signature="navigation()[pri:0, instance:projectSauceDemo.TestSauceDemoClass@59505b48]" started-at="2024-07-12T12:18:22 CEST" name="navigation" finished-at="2024-07-12T12:18:22 CEST" duration-ms="621" status="PASS">
          <reporter-output>
          </reporter-output>
        </test-method> <!-- navigation -->
        <test-method signature="testCase37()[pri:0, instance:projectSauceDemo.TestSauceDemoClass@59505b48]" started-at="2024-07-12T12:18:22 CEST" name="testCase37" finished-at="2024-07-12T12:18:24 CEST" duration-ms="2137" status="FAIL">
          <exception class="java.lang.AssertionError">
            <message>
              <![CDATA[The following asserts failed:
did not expect [Sauce Labs Bolt T-Shirt] but found [Sauce Labs Bolt T-Shirt],
expected [https://www.saucedemo.com/inventory.html] but found [https://www.saucedemo.com/inventory-item.html?id=1]]]>
            </message>
            <full-stacktrace>
              <![CDATA[java.lang.AssertionError: The following asserts failed:
did not expect [Sauce Labs Bolt T-Shirt] but found [Sauce Labs Bolt T-Shirt],
expected [https://www.saucedemo.com/inventory.html] but found [https://www.saucedemo.com/inventory-item.html?id=1]
at org.testng.asserts.SoftAssert.assertAll(SoftAssert.java:47)
at org.testng.asserts.SoftAssert.assertAll(SoftAssert.java:31)
at projectSauceDemo.LoginSauceDemoClass.clickOnTheListItems14(LoginSauceDemoClass.java:488)
at projectSauceDemo.TestSauceDemoClass.testCase37(TestSauceDemoClass.java:872)
at java.base/jdk.internal.reflect.NativeMethodAccessorImpl.invoke0(Native Method)
at java.base/jdk.internal.reflect.NativeMethodAccessorImpl.invoke(NativeMethodAccessorImpl.java:77)
at java.base/jdk.internal.reflect.DelegatingMethodAccessorImpl.invoke(DelegatingMethodAccessorImpl.java:43)
at java.base/java.lang.reflect.Method.invoke(Method.java:568)
at org.testng.internal.MethodInvocationHelper.invokeMethod(MethodInvocationHelper.java:133)
at org.testng.internal.TestInvoker.invokeMethod(TestInvoker.java:598)
at org.testng.internal.TestInvoker.invokeTestMethod(TestInvoker.java:173)
at org.testng.internal.MethodRunner.runInSequence(MethodRunner.java:46)
at org.testng.internal.TestInvoker$MethodInvocationAgent.invoke(TestInvoker.java:824)
at org.testng.internal.TestInvoker.invokeTestMethods(TestInvoker.java:146)
at org.testng.internal.TestMethodWorker.invokeTestMethods(TestMethodWorker.java:146)
at org.testng.internal.TestMethodWorker.run(TestMethodWorker.java:128)
at java.base/java.util.ArrayList.forEach(ArrayList.java:1511)
at org.testng.TestRunner.privateRun(TestRunner.java:794)
at org.testng.TestRunner.run(TestRunner.java:596)
at org.testng.SuiteRunner.runTest(SuiteRunner.java:377)
at org.testng.SuiteRunner.runSequentially(SuiteRunner.java:371)
at org.testng.SuiteRunner.privateRun(SuiteRunner.java:332)
at org.testng.SuiteRunner.run(SuiteRunner.java:276)
at org.testng.SuiteRunnerWorker.runSuite(SuiteRunnerWorker.java:53)
at org.testng.SuiteRunnerWorker.run(SuiteRunnerWorker.java:96)
at org.testng.TestNG.runSuitesSequentially(TestNG.java:1212)
at org.testng.TestNG.runSuitesLocally(TestNG.java:1134)
at org.testng.TestNG.runSuites(TestNG.java:1063)
at org.testng.TestNG.run(TestNG.java:1031)
at org.testng.remote.AbstractRemoteTestNG.run(AbstractRemoteTestNG.java:115)
at org.testng.remote.RemoteTestNG.initAndRun(RemoteTestNG.java:293)
at org.testng.remote.RemoteTestNG.main(RemoteTestNG.java:91)
]]>
            </full-stacktrace>
          </exception> <!-- java.lang.AssertionError -->
          <reporter-output>
          </reporter-output>
        </test-method> <!-- testCase37 -->
        <test-method is-config="true" signature="deleteCookie()[pri:0, instance:projectSauceDemo.TestSauceDemoClass@59505b48]" started-at="2024-07-12T12:18:24 CEST" name="deleteCookie" finished-at="2024-07-12T12:18:24 CEST" duration-ms="42" status="PASS">
          <reporter-output>
          </reporter-output>
        </test-method> <!-- deleteCookie -->
        <test-method is-config="true" signature="navigation()[pri:0, instance:projectSauceDemo.TestSauceDemoClass@59505b48]" started-at="2024-07-12T12:18:24 CEST" name="navigation" finished-at="2024-07-12T12:18:25 CEST" duration-ms="516" status="PASS">
          <reporter-output>
          </reporter-output>
        </test-method> <!-- navigation -->
        <test-method signature="testCase38()[pri:0, instance:projectSauceDemo.TestSauceDemoClass@59505b48]" started-at="2024-07-12T12:18:25 CEST" name="testCase38" finished-at="2024-07-12T12:18:57 CEST" duration-ms="32284" status="FAIL">
          <exception class="org.openqa.selenium.TimeoutException">
            <message>
              <![CDATA[Expected condition failed: waiting for element to be clickable: Proxy element for: DefaultElementLocator 'By.id: remove-sauce-labs-bolt-t-shirt' (tried for 15 second(s) with 500 milliseconds interval)]]>
            </message>
            <full-stacktrace>
              <![CDATA[org.openqa.selenium.TimeoutException: Expected condition failed: waiting for element to be clickable: Proxy element for: DefaultElementLocator 'By.id: remove-sauce-labs-bolt-t-shirt' (tried for 15 second(s) with 500 milliseconds interval)
at org.openqa.selenium.support.ui.WebDriverWait.timeoutException(WebDriverWait.java:84)
at org.openqa.selenium.support.ui.FluentWait.until(FluentWait.java:228)
at projectSauceDemo.LoginSauceDemoClass.clickOnTheButtonRemoveTshirt(LoginSauceDemoClass.java:149)
at projectSauceDemo.TestSauceDemoClass.testCase38(TestSauceDemoClass.java:896)
at java.base/jdk.internal.reflect.NativeMethodAccessorImpl.invoke0(Native Method)
at java.base/jdk.internal.reflect.NativeMethodAccessorImpl.invoke(NativeMethodAccessorImpl.java:77)
at java.base/jdk.internal.reflect.DelegatingMethodAccessorImpl.invoke(DelegatingMethodAccessorImpl.java:43)
at java.base/java.lang.reflect.Method.invoke(Method.java:568)
at org.testng.internal.MethodInvocationHelper.invokeMethod(MethodInvocationHelper.java:133)
at org.testng.internal.TestInvoker.invokeMethod(TestInvoker.java:598)
at org.testng.internal.TestInvoker.invokeTestMethod(TestInvoker.java:173)
at org.testng.internal.MethodRunner.runInSequence(MethodRunner.java:46)
at org.testng.internal.TestInvoker$MethodInvocationAgent.invoke(TestInvoker.java:824)
at org.testng.internal.TestInvoker.invokeTestMethods(TestInvoker.java:146)
at org.testng.internal.TestMethodWorker.invokeTestMethods(TestMethodWorker.java:146)
at org.testng.internal.TestMethodWorker.run(TestMethodWorker.java:128)
at java.base/java.util.ArrayList.forEach(ArrayList.java:1511)
at org.testng.TestRunner.privateRun(TestRunner.java:794)
at org.testng.TestRunner.run(TestRunner.java:596)
at org.testng.SuiteRunner.runTest(SuiteRunner.java:377)
at org.testng.SuiteRunner.runSequentially(SuiteRunner.java:371)
at org.testng.SuiteRunner.privateRun(SuiteRunner.java:332)
at org.testng.SuiteRunner.run(SuiteRunner.java:276)
at org.testng.SuiteRunnerWorker.runSuite(SuiteRunnerWorker.java:53)
at org.testng.SuiteRunnerWorker.run(SuiteRunnerWorker.java:96)
at org.testng.TestNG.runSuitesSequentially(TestNG.java:1212)
at org.testng.TestNG.runSuitesLocally(TestNG.java:1134)
at org.testng.TestNG.runSuites(TestNG.java:1063)
at org.testng.TestNG.run(TestNG.java:1031)
at org.testng.remote.AbstractRemoteTestNG.run(AbstractRemoteTestNG.java:115)
at org.testng.remote.RemoteTestNG.initAndRun(RemoteTestNG.java:293)
at org.testng.remote.RemoteTestNG.main(RemoteTestNG.java:91)
Caused by: org.openqa.selenium.NoSuchElementException: no such element: Unable to locate element: {"method":"css selector","selector":"#remove\-sauce\-labs\-bolt\-t\-shirt"}
  (Session info: chrome=126.0.6478.127)
For documentation on this error, please visit: https://www.selenium.dev/documentation/webdriver/troubleshooting/errors#no-such-element-exception
Build info: version: '4.22.0', revision: 'c5f3146703*'
System info: os.name: 'Windows 11', os.arch: 'amd64', os.version: '10.0', java.version: '17.0.10'
Driver info: org.openqa.selenium.chrome.ChromeDriver
Command: [34d62224bd4d96119d74943849980d2b, findElement {using=id, value=remove-sauce-labs-bolt-t-shirt}]
Capabilities {acceptInsecureCerts: false, browserName: chrome, browserVersion: 126.0.6478.127, chrome: {chromedriverVersion: 126.0.6478.126 (d36ace6122e..., userDataDir: C:\Users\Damja\AppData\Loca...}, fedcm:accounts: true, goog:chromeOptions: {debuggerAddress: localhost:57040}, networkConnectionEnabled: false, pageLoadStrategy: normal, platformName: windows, proxy: Proxy(), se:cdp: ws://localhost:57040/devtoo..., se:cdpVersion: 126.0.6478.127, setWindowRect: true, strictFileInteractability: false, timeouts: {implicit: 0, pageLoad: 300000, script: 30000}, unhandledPromptBehavior: dismiss and notify, webauthn:extension:credBlob: true, webauthn:extension:largeBlob: true, webauthn:extension:minPinLength: true, webauthn:extension:prf: true, webauthn:virtualAuthenticators: true}
Session ID: 34d62224bd4d96119d74943849980d2b
at java.base/jdk.internal.reflect.NativeConstructorAccessorImpl.newInstance0(Native Method)
at java.base/jdk.internal.reflect.NativeConstructorAccessorImpl.newInstance(NativeConstructorAccessorImpl.java:77)
at java.base/jdk.internal.reflect.DelegatingConstructorAccessorImpl.newInstance(DelegatingConstructorAccessorImpl.java:45)
at java.base/java.lang.reflect.Constructor.newInstanceWithCaller(Constructor.java:499)
at java.base/java.lang.reflect.Constructor.newInstance(Constructor.java:480)
at org.openqa.selenium.remote.ErrorCodec.decode(ErrorCodec.java:167)
at org.openqa.selenium.remote.codec.w3c.W3CHttpResponseCodec.decode(W3CHttpResponseCodec.java:138)
at org.openqa.selenium.remote.codec.w3c.W3CHttpResponseCodec.decode(W3CHttpResponseCodec.java:50)
at org.openqa.selenium.remote.HttpCommandExecutor.execute(HttpCommandExecutor.java:190)
at org.openqa.selenium.remote.service.DriverCommandExecutor.invokeExecute(DriverCommandExecutor.java:216)
at org.openqa.selenium.remote.service.DriverCommandExecutor.execute(DriverCommandExecutor.java:174)
at org.openqa.selenium.remote.RemoteWebDriver.execute(RemoteWebDriver.java:518)
at org.openqa.selenium.remote.ElementLocation$ElementFinder$2.findElement(ElementLocation.java:165)
at org.openqa.selenium.remote.ElementLocation.findElement(ElementLocation.java:59)
at org.openqa.selenium.remote.RemoteWebDriver.findElement(RemoteWebDriver.java:355)
at org.openqa.selenium.remote.RemoteWebDriver.findElement(RemoteWebDriver.java:349)
at org.openqa.selenium.support.pagefactory.DefaultElementLocator.findElement(DefaultElementLocator.java:68)
at org.openqa.selenium.support.pagefactory.internal.LocatingElementHandler.invoke(LocatingElementHandler.java:38)
at jdk.proxy2/jdk.proxy2.$Proxy16.isDisplayed(Unknown Source)
at org.openqa.selenium.support.ui.ExpectedConditions.elementIfVisible(ExpectedConditions.java:304)
at org.openqa.selenium.support.ui.ExpectedConditions$10.apply(ExpectedConditions.java:290)
at org.openqa.selenium.support.ui.ExpectedConditions$10.apply(ExpectedConditions.java:287)
at org.openqa.selenium.support.ui.ExpectedConditions$23.apply(ExpectedConditions.java:656)
at org.openqa.selenium.support.ui.ExpectedConditions$23.apply(ExpectedConditions.java:652)
at org.openqa.selenium.support.ui.FluentWait.until(FluentWait.java:203)
... 30 more
]]>
            </full-stacktrace>
          </exception> <!-- org.openqa.selenium.TimeoutException -->
          <reporter-output>
          </reporter-output>
        </test-method> <!-- testCase38 -->
        <test-method is-config="true" signature="deleteCookie()[pri:0, instance:projectSauceDemo.TestSauceDemoClass@59505b48]" started-at="2024-07-12T12:18:57 CEST" name="deleteCookie" finished-at="2024-07-12T12:18:57 CEST" duration-ms="57" status="PASS">
          <reporter-output>
          </reporter-output>
        </test-method> <!-- deleteCookie -->
        <test-method is-config="true" signature="navigation()[pri:0, instance:projectSauceDemo.TestSauceDemoClass@59505b48]" started-at="2024-07-12T12:18:57 CEST" name="navigation" finished-at="2024-07-12T12:18:58 CEST" duration-ms="770" status="PASS">
          <reporter-output>
          </reporter-output>
        </test-method> <!-- navigation -->
        <test-method signature="testCase39()[pri:0, instance:projectSauceDemo.TestSauceDemoClass@59505b48]" started-at="2024-07-12T12:18:58 CEST" name="testCase39" finished-at="2024-07-12T12:19:01 CEST" duration-ms="3305" status="FAIL">
          <exception class="java.lang.AssertionError">
            <message>
              <![CDATA[The following asserts failed:
did not expect [Sauce Labs Fleece Jacket] but found [Sauce Labs Fleece Jacket],
expected [https://www.saucedemo.com/inventory.html] but found [https://www.saucedemo.com/inventory-item.html?id=5]]]>
            </message>
            <full-stacktrace>
              <![CDATA[java.lang.AssertionError: The following asserts failed:
did not expect [Sauce Labs Fleece Jacket] but found [Sauce Labs Fleece Jacket],
expected [https://www.saucedemo.com/inventory.html] but found [https://www.saucedemo.com/inventory-item.html?id=5]
at org.testng.asserts.SoftAssert.assertAll(SoftAssert.java:47)
at org.testng.asserts.SoftAssert.assertAll(SoftAssert.java:31)
at projectSauceDemo.LoginSauceDemoClass.clickOnTheListItems15(LoginSauceDemoClass.java:503)
at projectSauceDemo.TestSauceDemoClass.testCase39(TestSauceDemoClass.java:919)
at java.base/jdk.internal.reflect.NativeMethodAccessorImpl.invoke0(Native Method)
at java.base/jdk.internal.reflect.NativeMethodAccessorImpl.invoke(NativeMethodAccessorImpl.java:77)
at java.base/jdk.internal.reflect.DelegatingMethodAccessorImpl.invoke(DelegatingMethodAccessorImpl.java:43)
at java.base/java.lang.reflect.Method.invoke(Method.java:568)
at org.testng.internal.MethodInvocationHelper.invokeMethod(MethodInvocationHelper.java:133)
at org.testng.internal.TestInvoker.invokeMethod(TestInvoker.java:598)
at org.testng.internal.TestInvoker.invokeTestMethod(TestInvoker.java:173)
at org.testng.internal.MethodRunner.runInSequence(MethodRunner.java:46)
at org.testng.internal.TestInvoker$MethodInvocationAgent.invoke(TestInvoker.java:824)
at org.testng.internal.TestInvoker.invokeTestMethods(TestInvoker.java:146)
at org.testng.internal.TestMethodWorker.invokeTestMethods(TestMethodWorker.java:146)
at org.testng.internal.TestMethodWorker.run(TestMethodWorker.java:128)
at java.base/java.util.ArrayList.forEach(ArrayList.java:1511)
at org.testng.TestRunner.privateRun(TestRunner.java:794)
at org.testng.TestRunner.run(TestRunner.java:596)
at org.testng.SuiteRunner.runTest(SuiteRunner.java:377)
at org.testng.SuiteRunner.runSequentially(SuiteRunner.java:371)
at org.testng.SuiteRunner.privateRun(SuiteRunner.java:332)
at org.testng.SuiteRunner.run(SuiteRunner.java:276)
at org.testng.SuiteRunnerWorker.runSuite(SuiteRunnerWorker.java:53)
at org.testng.SuiteRunnerWorker.run(SuiteRunnerWorker.java:96)
at org.testng.TestNG.runSuitesSequentially(TestNG.java:1212)
at org.testng.TestNG.runSuitesLocally(TestNG.java:1134)
at org.testng.TestNG.runSuites(TestNG.java:1063)
at org.testng.TestNG.run(TestNG.java:1031)
at org.testng.remote.AbstractRemoteTestNG.run(AbstractRemoteTestNG.java:115)
at org.testng.remote.RemoteTestNG.initAndRun(RemoteTestNG.java:293)
at org.testng.remote.RemoteTestNG.main(RemoteTestNG.java:91)
]]>
            </full-stacktrace>
          </exception> <!-- java.lang.AssertionError -->
          <reporter-output>
          </reporter-output>
        </test-method> <!-- testCase39 -->
        <test-method is-config="true" signature="deleteCookie()[pri:0, instance:projectSauceDemo.TestSauceDemoClass@59505b48]" started-at="2024-07-12T12:19:01 CEST" name="deleteCookie" finished-at="2024-07-12T12:19:01 CEST" duration-ms="57" status="PASS">
          <reporter-output>
          </reporter-output>
        </test-method> <!-- deleteCookie -->
        <test-method is-config="true" signature="navigation()[pri:0, instance:projectSauceDemo.TestSauceDemoClass@59505b48]" started-at="2024-07-12T12:19:01 CEST" name="navigation" finished-at="2024-07-12T12:19:02 CEST" duration-ms="619" status="PASS">
          <reporter-output>
          </reporter-output>
        </test-method> <!-- navigation -->
        <test-method signature="testCase4()[pri:0, instance:projectSauceDemo.TestSauceDemoClass@59505b48]" started-at="2024-07-12T12:19:02 CEST" name="testCase4" finished-at="2024-07-12T12:19:34 CEST" duration-ms="31536" status="FAIL">
          <exception class="org.openqa.selenium.TimeoutException">
            <message>
              <![CDATA[Expected condition failed: waiting for element to be clickable: Proxy element for: DefaultElementLocator 'By.id: remove' (tried for 15 second(s) with 500 milliseconds interval)]]>
            </message>
            <full-stacktrace>
              <![CDATA[org.openqa.selenium.TimeoutException: Expected condition failed: waiting for element to be clickable: Proxy element for: DefaultElementLocator 'By.id: remove' (tried for 15 second(s) with 500 milliseconds interval)
at org.openqa.selenium.support.ui.WebDriverWait.timeoutException(WebDriverWait.java:84)
at org.openqa.selenium.support.ui.FluentWait.until(FluentWait.java:228)
at projectSauceDemo.LoginSauceDemoClass.clickOnTheButtonRemove(LoginSauceDemoClass.java:172)
at projectSauceDemo.TestSauceDemoClass.testCase4(TestSauceDemoClass.java:128)
at java.base/jdk.internal.reflect.NativeMethodAccessorImpl.invoke0(Native Method)
at java.base/jdk.internal.reflect.NativeMethodAccessorImpl.invoke(NativeMethodAccessorImpl.java:77)
at java.base/jdk.internal.reflect.DelegatingMethodAccessorImpl.invoke(DelegatingMethodAccessorImpl.java:43)
at java.base/java.lang.reflect.Method.invoke(Method.java:568)
at org.testng.internal.MethodInvocationHelper.invokeMethod(MethodInvocationHelper.java:133)
at org.testng.internal.TestInvoker.invokeMethod(TestInvoker.java:598)
at org.testng.internal.TestInvoker.invokeTestMethod(TestInvoker.java:173)
at org.testng.internal.MethodRunner.runInSequence(MethodRunner.java:46)
at org.testng.internal.TestInvoker$MethodInvocationAgent.invoke(TestInvoker.java:824)
at org.testng.internal.TestInvoker.invokeTestMethods(TestInvoker.java:146)
at org.testng.internal.TestMethodWorker.invokeTestMethods(TestMethodWorker.java:146)
at org.testng.internal.TestMethodWorker.run(TestMethodWorker.java:128)
at java.base/java.util.ArrayList.forEach(ArrayList.java:1511)
at org.testng.TestRunner.privateRun(TestRunner.java:794)
at org.testng.TestRunner.run(TestRunner.java:596)
at org.testng.SuiteRunner.runTest(SuiteRunner.java:377)
at org.testng.SuiteRunner.runSequentially(SuiteRunner.java:371)
at org.testng.SuiteRunner.privateRun(SuiteRunner.java:332)
at org.testng.SuiteRunner.run(SuiteRunner.java:276)
at org.testng.SuiteRunnerWorker.runSuite(SuiteRunnerWorker.java:53)
at org.testng.SuiteRunnerWorker.run(SuiteRunnerWorker.java:96)
at org.testng.TestNG.runSuitesSequentially(TestNG.java:1212)
at org.testng.TestNG.runSuitesLocally(TestNG.java:1134)
at org.testng.TestNG.runSuites(TestNG.java:1063)
at org.testng.TestNG.run(TestNG.java:1031)
at org.testng.remote.AbstractRemoteTestNG.run(AbstractRemoteTestNG.java:115)
at org.testng.remote.RemoteTestNG.initAndRun(RemoteTestNG.java:293)
at org.testng.remote.RemoteTestNG.main(RemoteTestNG.java:91)
Caused by: org.openqa.selenium.NoSuchElementException: no such element: Unable to locate element: {"method":"css selector","selector":"#remove"}
  (Session info: chrome=126.0.6478.127)
For documentation on this error, please visit: https://www.selenium.dev/documentation/webdriver/troubleshooting/errors#no-such-element-exception
Build info: version: '4.22.0', revision: 'c5f3146703*'
System info: os.name: 'Windows 11', os.arch: 'amd64', os.version: '10.0', java.version: '17.0.10'
Driver info: org.openqa.selenium.chrome.ChromeDriver
Command: [34d62224bd4d96119d74943849980d2b, findElement {using=id, value=remove}]
Capabilities {acceptInsecureCerts: false, browserName: chrome, browserVersion: 126.0.6478.127, chrome: {chromedriverVersion: 126.0.6478.126 (d36ace6122e..., userDataDir: C:\Users\Damja\AppData\Loca...}, fedcm:accounts: true, goog:chromeOptions: {debuggerAddress: localhost:57040}, networkConnectionEnabled: false, pageLoadStrategy: normal, platformName: windows, proxy: Proxy(), se:cdp: ws://localhost:57040/devtoo..., se:cdpVersion: 126.0.6478.127, setWindowRect: true, strictFileInteractability: false, timeouts: {implicit: 0, pageLoad: 300000, script: 30000}, unhandledPromptBehavior: dismiss and notify, webauthn:extension:credBlob: true, webauthn:extension:largeBlob: true, webauthn:extension:minPinLength: true, webauthn:extension:prf: true, webauthn:virtualAuthenticators: true}
Session ID: 34d62224bd4d96119d74943849980d2b
at jdk.internal.reflect.GeneratedConstructorAccessor17.newInstance(Unknown Source)
at java.base/jdk.internal.reflect.DelegatingConstructorAccessorImpl.newInstance(DelegatingConstructorAccessorImpl.java:45)
at java.base/java.lang.reflect.Constructor.newInstanceWithCaller(Constructor.java:499)
at java.base/java.lang.reflect.Constructor.newInstance(Constructor.java:480)
at org.openqa.selenium.remote.ErrorCodec.decode(ErrorCodec.java:167)
at org.openqa.selenium.remote.codec.w3c.W3CHttpResponseCodec.decode(W3CHttpResponseCodec.java:138)
at org.openqa.selenium.remote.codec.w3c.W3CHttpResponseCodec.decode(W3CHttpResponseCodec.java:50)
at org.openqa.selenium.remote.HttpCommandExecutor.execute(HttpCommandExecutor.java:190)
at org.openqa.selenium.remote.service.DriverCommandExecutor.invokeExecute(DriverCommandExecutor.java:216)
at org.openqa.selenium.remote.service.DriverCommandExecutor.execute(DriverCommandExecutor.java:174)
at org.openqa.selenium.remote.RemoteWebDriver.execute(RemoteWebDriver.java:518)
at org.openqa.selenium.remote.ElementLocation$ElementFinder$2.findElement(ElementLocation.java:165)
at org.openqa.selenium.remote.ElementLocation.findElement(ElementLocation.java:59)
at org.openqa.selenium.remote.RemoteWebDriver.findElement(RemoteWebDriver.java:355)
at org.openqa.selenium.remote.RemoteWebDriver.findElement(RemoteWebDriver.java:349)
at org.openqa.selenium.support.pagefactory.DefaultElementLocator.findElement(DefaultElementLocator.java:68)
at org.openqa.selenium.support.pagefactory.internal.LocatingElementHandler.invoke(LocatingElementHandler.java:38)
at jdk.proxy2/jdk.proxy2.$Proxy16.isDisplayed(Unknown Source)
at org.openqa.selenium.support.ui.ExpectedConditions.elementIfVisible(ExpectedConditions.java:304)
at org.openqa.selenium.support.ui.ExpectedConditions$10.apply(ExpectedConditions.java:290)
at org.openqa.selenium.support.ui.ExpectedConditions$10.apply(ExpectedConditions.java:287)
at org.openqa.selenium.support.ui.ExpectedConditions$23.apply(ExpectedConditions.java:656)
at org.openqa.selenium.support.ui.ExpectedConditions$23.apply(ExpectedConditions.java:652)
at org.openqa.selenium.support.ui.FluentWait.until(FluentWait.java:203)
... 30 more
]]>
            </full-stacktrace>
          </exception> <!-- org.openqa.selenium.TimeoutException -->
          <reporter-output>
          </reporter-output>
        </test-method> <!-- testCase4 -->
        <test-method is-config="true" signature="deleteCookie()[pri:0, instance:projectSauceDemo.TestSauceDemoClass@59505b48]" started-at="2024-07-12T12:19:34 CEST" name="deleteCookie" finished-at="2024-07-12T12:19:34 CEST" duration-ms="21" status="PASS">
          <reporter-output>
          </reporter-output>
        </test-method> <!-- deleteCookie -->
        <test-method is-config="true" signature="navigation()[pri:0, instance:projectSauceDemo.TestSauceDemoClass@59505b48]" started-at="2024-07-12T12:19:34 CEST" name="navigation" finished-at="2024-07-12T12:19:34 CEST" duration-ms="809" status="PASS">
          <reporter-output>
          </reporter-output>
        </test-method> <!-- navigation -->
        <test-method signature="testCase40()[pri:0, instance:projectSauceDemo.TestSauceDemoClass@59505b48]" started-at="2024-07-12T12:19:34 CEST" name="testCase40" finished-at="2024-07-12T12:19:38 CEST" duration-ms="3169" status="PASS">
          <reporter-output>
          </reporter-output>
        </test-method> <!-- testCase40 -->
        <test-method is-config="true" signature="deleteCookie()[pri:0, instance:projectSauceDemo.TestSauceDemoClass@59505b48]" started-at="2024-07-12T12:19:38 CEST" name="deleteCookie" finished-at="2024-07-12T12:19:38 CEST" duration-ms="22" status="PASS">
          <reporter-output>
          </reporter-output>
        </test-method> <!-- deleteCookie -->
        <test-method is-config="true" signature="navigation()[pri:0, instance:projectSauceDemo.TestSauceDemoClass@59505b48]" started-at="2024-07-12T12:19:38 CEST" name="navigation" finished-at="2024-07-12T12:19:38 CEST" duration-ms="641" status="PASS">
          <reporter-output>
          </reporter-output>
        </test-method> <!-- navigation -->
        <test-method signature="testCase41()[pri:0, instance:projectSauceDemo.TestSauceDemoClass@59505b48]" started-at="2024-07-12T12:19:38 CEST" name="testCase41" finished-at="2024-07-12T12:19:41 CEST" duration-ms="2905" status="FAIL">
          <exception class="java.lang.AssertionError">
            <message>
              <![CDATA[The following asserts failed:
did not expect [Sauce Labs Onesie] but found [Sauce Labs Onesie],
expected [https://www.saucedemo.com/inventory.html] but found [https://www.saucedemo.com/inventory-item.html?id=2]]]>
            </message>
            <full-stacktrace>
              <![CDATA[java.lang.AssertionError: The following asserts failed:
did not expect [Sauce Labs Onesie] but found [Sauce Labs Onesie],
expected [https://www.saucedemo.com/inventory.html] but found [https://www.saucedemo.com/inventory-item.html?id=2]
at org.testng.asserts.SoftAssert.assertAll(SoftAssert.java:47)
at org.testng.asserts.SoftAssert.assertAll(SoftAssert.java:31)
at projectSauceDemo.LoginSauceDemoClass.clickOnTheListItems16(LoginSauceDemoClass.java:518)
at projectSauceDemo.TestSauceDemoClass.testCase41(TestSauceDemoClass.java:940)
at java.base/jdk.internal.reflect.NativeMethodAccessorImpl.invoke0(Native Method)
at java.base/jdk.internal.reflect.NativeMethodAccessorImpl.invoke(NativeMethodAccessorImpl.java:77)
at java.base/jdk.internal.reflect.DelegatingMethodAccessorImpl.invoke(DelegatingMethodAccessorImpl.java:43)
at java.base/java.lang.reflect.Method.invoke(Method.java:568)
at org.testng.internal.MethodInvocationHelper.invokeMethod(MethodInvocationHelper.java:133)
at org.testng.internal.TestInvoker.invokeMethod(TestInvoker.java:598)
at org.testng.internal.TestInvoker.invokeTestMethod(TestInvoker.java:173)
at org.testng.internal.MethodRunner.runInSequence(MethodRunner.java:46)
at org.testng.internal.TestInvoker$MethodInvocationAgent.invoke(TestInvoker.java:824)
at org.testng.internal.TestInvoker.invokeTestMethods(TestInvoker.java:146)
at org.testng.internal.TestMethodWorker.invokeTestMethods(TestMethodWorker.java:146)
at org.testng.internal.TestMethodWorker.run(TestMethodWorker.java:128)
at java.base/java.util.ArrayList.forEach(ArrayList.java:1511)
at org.testng.TestRunner.privateRun(TestRunner.java:794)
at org.testng.TestRunner.run(TestRunner.java:596)
at org.testng.SuiteRunner.runTest(SuiteRunner.java:377)
at org.testng.SuiteRunner.runSequentially(SuiteRunner.java:371)
at org.testng.SuiteRunner.privateRun(SuiteRunner.java:332)
at org.testng.SuiteRunner.run(SuiteRunner.java:276)
at org.testng.SuiteRunnerWorker.runSuite(SuiteRunnerWorker.java:53)
at org.testng.SuiteRunnerWorker.run(SuiteRunnerWorker.java:96)
at org.testng.TestNG.runSuitesSequentially(TestNG.java:1212)
at org.testng.TestNG.runSuitesLocally(TestNG.java:1134)
at org.testng.TestNG.runSuites(TestNG.java:1063)
at org.testng.TestNG.run(TestNG.java:1031)
at org.testng.remote.AbstractRemoteTestNG.run(AbstractRemoteTestNG.java:115)
at org.testng.remote.RemoteTestNG.initAndRun(RemoteTestNG.java:293)
at org.testng.remote.RemoteTestNG.main(RemoteTestNG.java:91)
]]>
            </full-stacktrace>
          </exception> <!-- java.lang.AssertionError -->
          <reporter-output>
          </reporter-output>
        </test-method> <!-- testCase41 -->
        <test-method is-config="true" signature="deleteCookie()[pri:0, instance:projectSauceDemo.TestSauceDemoClass@59505b48]" started-at="2024-07-12T12:19:41 CEST" name="deleteCookie" finished-at="2024-07-12T12:19:41 CEST" duration-ms="18" status="PASS">
          <reporter-output>
          </reporter-output>
        </test-method> <!-- deleteCookie -->
        <test-method is-config="true" signature="navigation()[pri:0, instance:projectSauceDemo.TestSauceDemoClass@59505b48]" started-at="2024-07-12T12:19:41 CEST" name="navigation" finished-at="2024-07-12T12:19:42 CEST" duration-ms="683" status="PASS">
          <reporter-output>
          </reporter-output>
        </test-method> <!-- navigation -->
        <test-method signature="testCase42()[pri:0, instance:projectSauceDemo.TestSauceDemoClass@59505b48]" started-at="2024-07-12T12:19:42 CEST" name="testCase42" finished-at="2024-07-12T12:19:46 CEST" duration-ms="3905" status="PASS">
          <reporter-output>
          </reporter-output>
        </test-method> <!-- testCase42 -->
        <test-method is-config="true" signature="deleteCookie()[pri:0, instance:projectSauceDemo.TestSauceDemoClass@59505b48]" started-at="2024-07-12T12:19:46 CEST" name="deleteCookie" finished-at="2024-07-12T12:19:46 CEST" duration-ms="82" status="PASS">
          <reporter-output>
          </reporter-output>
        </test-method> <!-- deleteCookie -->
        <test-method is-config="true" signature="navigation()[pri:0, instance:projectSauceDemo.TestSauceDemoClass@59505b48]" started-at="2024-07-12T12:19:46 CEST" name="navigation" finished-at="2024-07-12T12:19:47 CEST" duration-ms="759" status="PASS">
          <reporter-output>
          </reporter-output>
        </test-method> <!-- navigation -->
        <test-method signature="testCase43()[pri:0, instance:projectSauceDemo.TestSauceDemoClass@59505b48]" started-at="2024-07-12T12:19:47 CEST" name="testCase43" finished-at="2024-07-12T12:19:50 CEST" duration-ms="3045" status="FAIL">
          <exception class="java.lang.AssertionError">
            <message>
              <![CDATA[The following asserts failed:
did not expect [Test.allTheThings() T-Shirt (Red)] but found [Test.allTheThings() T-Shirt (Red)],
expected [https://www.saucedemo.com/inventory.html] but found [https://www.saucedemo.com/inventory-item.html?id=3]]]>
            </message>
            <full-stacktrace>
              <![CDATA[java.lang.AssertionError: The following asserts failed:
did not expect [Test.allTheThings() T-Shirt (Red)] but found [Test.allTheThings() T-Shirt (Red)],
expected [https://www.saucedemo.com/inventory.html] but found [https://www.saucedemo.com/inventory-item.html?id=3]
at org.testng.asserts.SoftAssert.assertAll(SoftAssert.java:47)
at org.testng.asserts.SoftAssert.assertAll(SoftAssert.java:31)
at projectSauceDemo.LoginSauceDemoClass.clickOnTheListItems17(LoginSauceDemoClass.java:533)
at projectSauceDemo.TestSauceDemoClass.testCase43(TestSauceDemoClass.java:973)
at java.base/jdk.internal.reflect.NativeMethodAccessorImpl.invoke0(Native Method)
at java.base/jdk.internal.reflect.NativeMethodAccessorImpl.invoke(NativeMethodAccessorImpl.java:77)
at java.base/jdk.internal.reflect.DelegatingMethodAccessorImpl.invoke(DelegatingMethodAccessorImpl.java:43)
at java.base/java.lang.reflect.Method.invoke(Method.java:568)
at org.testng.internal.MethodInvocationHelper.invokeMethod(MethodInvocationHelper.java:133)
at org.testng.internal.TestInvoker.invokeMethod(TestInvoker.java:598)
at org.testng.internal.TestInvoker.invokeTestMethod(TestInvoker.java:173)
at org.testng.internal.MethodRunner.runInSequence(MethodRunner.java:46)
at org.testng.internal.TestInvoker$MethodInvocationAgent.invoke(TestInvoker.java:824)
at org.testng.internal.TestInvoker.invokeTestMethods(TestInvoker.java:146)
at org.testng.internal.TestMethodWorker.invokeTestMethods(TestMethodWorker.java:146)
at org.testng.internal.TestMethodWorker.run(TestMethodWorker.java:128)
at java.base/java.util.ArrayList.forEach(ArrayList.java:1511)
at org.testng.TestRunner.privateRun(TestRunner.java:794)
at org.testng.TestRunner.run(TestRunner.java:596)
at org.testng.SuiteRunner.runTest(SuiteRunner.java:377)
at org.testng.SuiteRunner.runSequentially(SuiteRunner.java:371)
at org.testng.SuiteRunner.privateRun(SuiteRunner.java:332)
at org.testng.SuiteRunner.run(SuiteRunner.java:276)
at org.testng.SuiteRunnerWorker.runSuite(SuiteRunnerWorker.java:53)
at org.testng.SuiteRunnerWorker.run(SuiteRunnerWorker.java:96)
at org.testng.TestNG.runSuitesSequentially(TestNG.java:1212)
at org.testng.TestNG.runSuitesLocally(TestNG.java:1134)
at org.testng.TestNG.runSuites(TestNG.java:1063)
at org.testng.TestNG.run(TestNG.java:1031)
at org.testng.remote.AbstractRemoteTestNG.run(AbstractRemoteTestNG.java:115)
at org.testng.remote.RemoteTestNG.initAndRun(RemoteTestNG.java:293)
at org.testng.remote.RemoteTestNG.main(RemoteTestNG.java:91)
]]>
            </full-stacktrace>
          </exception> <!-- java.lang.AssertionError -->
          <reporter-output>
          </reporter-output>
        </test-method> <!-- testCase43 -->
        <test-method is-config="true" signature="deleteCookie()[pri:0, instance:projectSauceDemo.TestSauceDemoClass@59505b48]" started-at="2024-07-12T12:19:50 CEST" name="deleteCookie" finished-at="2024-07-12T12:19:50 CEST" duration-ms="77" status="PASS">
          <reporter-output>
          </reporter-output>
        </test-method> <!-- deleteCookie -->
        <test-method is-config="true" signature="navigation()[pri:0, instance:projectSauceDemo.TestSauceDemoClass@59505b48]" started-at="2024-07-12T12:19:50 CEST" name="navigation" finished-at="2024-07-12T12:19:50 CEST" duration-ms="731" status="PASS">
          <reporter-output>
          </reporter-output>
        </test-method> <!-- navigation -->
        <test-method signature="testCase44()[pri:0, instance:projectSauceDemo.TestSauceDemoClass@59505b48]" started-at="2024-07-12T12:19:50 CEST" name="testCase44" finished-at="2024-07-12T12:20:25 CEST" duration-ms="34873" status="FAIL">
          <exception class="org.openqa.selenium.TimeoutException">
            <message>
              <![CDATA[Expected condition failed: waiting for element to be clickable: Proxy element for: DefaultElementLocator 'By.id: remove-test.allthethings()-t-shirt-(red)' (tried for 15 second(s) with 500 milliseconds interval)]]>
            </message>
            <full-stacktrace>
              <![CDATA[org.openqa.selenium.TimeoutException: Expected condition failed: waiting for element to be clickable: Proxy element for: DefaultElementLocator 'By.id: remove-test.allthethings()-t-shirt-(red)' (tried for 15 second(s) with 500 milliseconds interval)
at org.openqa.selenium.support.ui.WebDriverWait.timeoutException(WebDriverWait.java:84)
at org.openqa.selenium.support.ui.FluentWait.until(FluentWait.java:228)
at projectSauceDemo.LoginSauceDemoClass.clickOnTheButtonAllthings(LoginSauceDemoClass.java:154)
at projectSauceDemo.TestSauceDemoClass.testCase44(TestSauceDemoClass.java:999)
at java.base/jdk.internal.reflect.NativeMethodAccessorImpl.invoke0(Native Method)
at java.base/jdk.internal.reflect.NativeMethodAccessorImpl.invoke(NativeMethodAccessorImpl.java:77)
at java.base/jdk.internal.reflect.DelegatingMethodAccessorImpl.invoke(DelegatingMethodAccessorImpl.java:43)
at java.base/java.lang.reflect.Method.invoke(Method.java:568)
at org.testng.internal.MethodInvocationHelper.invokeMethod(MethodInvocationHelper.java:133)
at org.testng.internal.TestInvoker.invokeMethod(TestInvoker.java:598)
at org.testng.internal.TestInvoker.invokeTestMethod(TestInvoker.java:173)
at org.testng.internal.MethodRunner.runInSequence(MethodRunner.java:46)
at org.testng.internal.TestInvoker$MethodInvocationAgent.invoke(TestInvoker.java:824)
at org.testng.internal.TestInvoker.invokeTestMethods(TestInvoker.java:146)
at org.testng.internal.TestMethodWorker.invokeTestMethods(TestMethodWorker.java:146)
at org.testng.internal.TestMethodWorker.run(TestMethodWorker.java:128)
at java.base/java.util.ArrayList.forEach(ArrayList.java:1511)
at org.testng.TestRunner.privateRun(TestRunner.java:794)
at org.testng.TestRunner.run(TestRunner.java:596)
at org.testng.SuiteRunner.runTest(SuiteRunner.java:377)
at org.testng.SuiteRunner.runSequentially(SuiteRunner.java:371)
at org.testng.SuiteRunner.privateRun(SuiteRunner.java:332)
at org.testng.SuiteRunner.run(SuiteRunner.java:276)
at org.testng.SuiteRunnerWorker.runSuite(SuiteRunnerWorker.java:53)
at org.testng.SuiteRunnerWorker.run(SuiteRunnerWorker.java:96)
at org.testng.TestNG.runSuitesSequentially(TestNG.java:1212)
at org.testng.TestNG.runSuitesLocally(TestNG.java:1134)
at org.testng.TestNG.runSuites(TestNG.java:1063)
at org.testng.TestNG.run(TestNG.java:1031)
at org.testng.remote.AbstractRemoteTestNG.run(AbstractRemoteTestNG.java:115)
at org.testng.remote.RemoteTestNG.initAndRun(RemoteTestNG.java:293)
at org.testng.remote.RemoteTestNG.main(RemoteTestNG.java:91)
Caused by: org.openqa.selenium.NoSuchElementException: no such element: Unable to locate element: {"method":"css selector","selector":"#remove\-test\.allthethings\(\)\-t\-shirt\-\(red\)"}
  (Session info: chrome=126.0.6478.127)
For documentation on this error, please visit: https://www.selenium.dev/documentation/webdriver/troubleshooting/errors#no-such-element-exception
Build info: version: '4.22.0', revision: 'c5f3146703*'
System info: os.name: 'Windows 11', os.arch: 'amd64', os.version: '10.0', java.version: '17.0.10'
Driver info: org.openqa.selenium.chrome.ChromeDriver
Command: [34d62224bd4d96119d74943849980d2b, findElement {using=id, value=remove-test.allthethings()-t-shirt-(red)}]
Capabilities {acceptInsecureCerts: false, browserName: chrome, browserVersion: 126.0.6478.127, chrome: {chromedriverVersion: 126.0.6478.126 (d36ace6122e..., userDataDir: C:\Users\Damja\AppData\Loca...}, fedcm:accounts: true, goog:chromeOptions: {debuggerAddress: localhost:57040}, networkConnectionEnabled: false, pageLoadStrategy: normal, platformName: windows, proxy: Proxy(), se:cdp: ws://localhost:57040/devtoo..., se:cdpVersion: 126.0.6478.127, setWindowRect: true, strictFileInteractability: false, timeouts: {implicit: 0, pageLoad: 300000, script: 30000}, unhandledPromptBehavior: dismiss and notify, webauthn:extension:credBlob: true, webauthn:extension:largeBlob: true, webauthn:extension:minPinLength: true, webauthn:extension:prf: true, webauthn:virtualAuthenticators: true}
Session ID: 34d62224bd4d96119d74943849980d2b
at jdk.internal.reflect.GeneratedConstructorAccessor17.newInstance(Unknown Source)
at java.base/jdk.internal.reflect.DelegatingConstructorAccessorImpl.newInstance(DelegatingConstructorAccessorImpl.java:45)
at java.base/java.lang.reflect.Constructor.newInstanceWithCaller(Constructor.java:499)
at java.base/java.lang.reflect.Constructor.newInstance(Constructor.java:480)
at org.openqa.selenium.remote.ErrorCodec.decode(ErrorCodec.java:167)
at org.openqa.selenium.remote.codec.w3c.W3CHttpResponseCodec.decode(W3CHttpResponseCodec.java:138)
at org.openqa.selenium.remote.codec.w3c.W3CHttpResponseCodec.decode(W3CHttpResponseCodec.java:50)
at org.openqa.selenium.remote.HttpCommandExecutor.execute(HttpCommandExecutor.java:190)
at org.openqa.selenium.remote.service.DriverCommandExecutor.invokeExecute(DriverCommandExecutor.java:216)
at org.openqa.selenium.remote.service.DriverCommandExecutor.execute(DriverCommandExecutor.java:174)
at org.openqa.selenium.remote.RemoteWebDriver.execute(RemoteWebDriver.java:518)
at org.openqa.selenium.remote.ElementLocation$ElementFinder$2.findElement(ElementLocation.java:165)
at org.openqa.selenium.remote.ElementLocation.findElement(ElementLocation.java:59)
at org.openqa.selenium.remote.RemoteWebDriver.findElement(RemoteWebDriver.java:355)
at org.openqa.selenium.remote.RemoteWebDriver.findElement(RemoteWebDriver.java:349)
at org.openqa.selenium.support.pagefactory.DefaultElementLocator.findElement(DefaultElementLocator.java:68)
at org.openqa.selenium.support.pagefactory.internal.LocatingElementHandler.invoke(LocatingElementHandler.java:38)
at jdk.proxy2/jdk.proxy2.$Proxy16.isDisplayed(Unknown Source)
at org.openqa.selenium.support.ui.ExpectedConditions.elementIfVisible(ExpectedConditions.java:304)
at org.openqa.selenium.support.ui.ExpectedConditions$10.apply(ExpectedConditions.java:290)
at org.openqa.selenium.support.ui.ExpectedConditions$10.apply(ExpectedConditions.java:287)
at org.openqa.selenium.support.ui.ExpectedConditions$23.apply(ExpectedConditions.java:656)
at org.openqa.selenium.support.ui.ExpectedConditions$23.apply(ExpectedConditions.java:652)
at org.openqa.selenium.support.ui.FluentWait.until(FluentWait.java:203)
... 30 more
]]>
            </full-stacktrace>
          </exception> <!-- org.openqa.selenium.TimeoutException -->
          <reporter-output>
          </reporter-output>
        </test-method> <!-- testCase44 -->
        <test-method is-config="true" signature="deleteCookie()[pri:0, instance:projectSauceDemo.TestSauceDemoClass@59505b48]" started-at="2024-07-12T12:20:25 CEST" name="deleteCookie" finished-at="2024-07-12T12:20:25 CEST" duration-ms="31" status="PASS">
          <reporter-output>
          </reporter-output>
        </test-method> <!-- deleteCookie -->
        <test-method is-config="true" signature="navigation()[pri:0, instance:projectSauceDemo.TestSauceDemoClass@59505b48]" started-at="2024-07-12T12:20:25 CEST" name="navigation" finished-at="2024-07-12T12:20:26 CEST" duration-ms="857" status="PASS">
          <reporter-output>
          </reporter-output>
        </test-method> <!-- navigation -->
        <test-method signature="testCase5()[pri:0, instance:projectSauceDemo.TestSauceDemoClass@59505b48]" started-at="2024-07-12T12:20:26 CEST" name="testCase5" finished-at="2024-07-12T12:20:30 CEST" duration-ms="4086" status="PASS">
          <reporter-output>
          </reporter-output>
        </test-method> <!-- testCase5 -->
        <test-method is-config="true" signature="deleteCookie()[pri:0, instance:projectSauceDemo.TestSauceDemoClass@59505b48]" started-at="2024-07-12T12:20:30 CEST" name="deleteCookie" finished-at="2024-07-12T12:20:30 CEST" duration-ms="23" status="PASS">
          <reporter-output>
          </reporter-output>
        </test-method> <!-- deleteCookie -->
        <test-method is-config="true" signature="navigation()[pri:0, instance:projectSauceDemo.TestSauceDemoClass@59505b48]" started-at="2024-07-12T12:20:30 CEST" name="navigation" finished-at="2024-07-12T12:20:31 CEST" duration-ms="824" status="PASS">
          <reporter-output>
          </reporter-output>
        </test-method> <!-- navigation -->
        <test-method signature="testCase6()[pri:0, instance:projectSauceDemo.TestSauceDemoClass@59505b48]" started-at="2024-07-12T12:20:31 CEST" name="testCase6" finished-at="2024-07-12T12:20:35 CEST" duration-ms="3933" status="PASS">
          <reporter-output>
          </reporter-output>
        </test-method> <!-- testCase6 -->
        <test-method is-config="true" signature="deleteCookie()[pri:0, instance:projectSauceDemo.TestSauceDemoClass@59505b48]" started-at="2024-07-12T12:20:35 CEST" name="deleteCookie" finished-at="2024-07-12T12:20:35 CEST" duration-ms="26" status="PASS">
          <reporter-output>
          </reporter-output>
        </test-method> <!-- deleteCookie -->
        <test-method is-config="true" signature="navigation()[pri:0, instance:projectSauceDemo.TestSauceDemoClass@59505b48]" started-at="2024-07-12T12:20:35 CEST" name="navigation" finished-at="2024-07-12T12:20:36 CEST" duration-ms="780" status="PASS">
          <reporter-output>
          </reporter-output>
        </test-method> <!-- navigation -->
        <test-method signature="testCase7()[pri:0, instance:projectSauceDemo.TestSauceDemoClass@59505b48]" started-at="2024-07-12T12:20:36 CEST" name="testCase7" finished-at="2024-07-12T12:20:52 CEST" duration-ms="15965" status="PASS">
          <reporter-output>
          </reporter-output>
        </test-method> <!-- testCase7 -->
        <test-method is-config="true" signature="deleteCookie()[pri:0, instance:projectSauceDemo.TestSauceDemoClass@59505b48]" started-at="2024-07-12T12:20:52 CEST" name="deleteCookie" finished-at="2024-07-12T12:20:52 CEST" duration-ms="22" status="PASS">
          <reporter-output>
          </reporter-output>
        </test-method> <!-- deleteCookie -->
        <test-method is-config="true" signature="navigation()[pri:0, instance:projectSauceDemo.TestSauceDemoClass@59505b48]" started-at="2024-07-12T12:20:52 CEST" name="navigation" finished-at="2024-07-12T12:20:53 CEST" duration-ms="742" status="PASS">
          <reporter-output>
          </reporter-output>
        </test-method> <!-- navigation -->
        <test-method signature="testCaseDodatakImage()[pri:0, instance:projectSauceDemo.TestSauceDemoClass@59505b48]" started-at="2024-07-12T12:20:53 CEST" name="testCaseDodatakImage" finished-at="2024-07-12T12:20:55 CEST" duration-ms="2170" status="PASS">
          <reporter-output>
          </reporter-output>
        </test-method> <!-- testCaseDodatakImage -->
        <test-method is-config="true" signature="deleteCookie()[pri:0, instance:projectSauceDemo.TestSauceDemoClass@59505b48]" started-at="2024-07-12T12:20:55 CEST" name="deleteCookie" finished-at="2024-07-12T12:20:55 CEST" duration-ms="36" status="PASS">
          <reporter-output>
          </reporter-output>
        </test-method> <!-- deleteCookie -->
        <test-method is-config="true" signature="navigation()[pri:0, instance:projectSauceDemo.TestSauceDemoClass@59505b48]" started-at="2024-07-12T12:20:55 CEST" name="navigation" finished-at="2024-07-12T12:20:56 CEST" duration-ms="991" status="PASS">
          <reporter-output>
          </reporter-output>
        </test-method> <!-- navigation -->
        <test-method signature="testCaseDodatakImage0()[pri:0, instance:projectSauceDemo.TestSauceDemoClass@59505b48]" started-at="2024-07-12T12:20:56 CEST" name="testCaseDodatakImage0" finished-at="2024-07-12T12:20:58 CEST" duration-ms="1758" status="PASS">
          <reporter-output>
          </reporter-output>
        </test-method> <!-- testCaseDodatakImage0 -->
        <test-method is-config="true" signature="deleteCookie()[pri:0, instance:projectSauceDemo.TestSauceDemoClass@59505b48]" started-at="2024-07-12T12:20:58 CEST" name="deleteCookie" finished-at="2024-07-12T12:20:58 CEST" duration-ms="39" status="PASS">
          <reporter-output>
          </reporter-output>
        </test-method> <!-- deleteCookie -->
        <test-method is-config="true" signature="navigation()[pri:0, instance:projectSauceDemo.TestSauceDemoClass@59505b48]" started-at="2024-07-12T12:20:58 CEST" name="navigation" finished-at="2024-07-12T12:20:58 CEST" duration-ms="908" status="PASS">
          <reporter-output>
          </reporter-output>
        </test-method> <!-- navigation -->
        <test-method signature="testCaseDodatakImage1()[pri:0, instance:projectSauceDemo.TestSauceDemoClass@59505b48]" started-at="2024-07-12T12:20:58 CEST" name="testCaseDodatakImage1" finished-at="2024-07-12T12:21:01 CEST" duration-ms="2106" status="PASS">
          <reporter-output>
          </reporter-output>
        </test-method> <!-- testCaseDodatakImage1 -->
        <test-method is-config="true" signature="deleteCookie()[pri:0, instance:projectSauceDemo.TestSauceDemoClass@59505b48]" started-at="2024-07-12T12:21:01 CEST" name="deleteCookie" finished-at="2024-07-12T12:21:01 CEST" duration-ms="74" status="PASS">
          <reporter-output>
          </reporter-output>
        </test-method> <!-- deleteCookie -->
        <test-method is-config="true" signature="navigation()[pri:0, instance:projectSauceDemo.TestSauceDemoClass@59505b48]" started-at="2024-07-12T12:21:01 CEST" name="navigation" finished-at="2024-07-12T12:21:01 CEST" duration-ms="791" status="PASS">
          <reporter-output>
          </reporter-output>
        </test-method> <!-- navigation -->
        <test-method signature="testCaseDodatakImage2()[pri:0, instance:projectSauceDemo.TestSauceDemoClass@59505b48]" started-at="2024-07-12T12:21:01 CEST" name="testCaseDodatakImage2" finished-at="2024-07-12T12:21:03 CEST" duration-ms="1292" status="PASS">
          <reporter-output>
          </reporter-output>
        </test-method> <!-- testCaseDodatakImage2 -->
        <test-method is-config="true" signature="deleteCookie()[pri:0, instance:projectSauceDemo.TestSauceDemoClass@59505b48]" started-at="2024-07-12T12:21:03 CEST" name="deleteCookie" finished-at="2024-07-12T12:21:03 CEST" duration-ms="12" status="PASS">
          <reporter-output>
          </reporter-output>
        </test-method> <!-- deleteCookie -->
        <test-method is-config="true" signature="navigation()[pri:0, instance:projectSauceDemo.TestSauceDemoClass@59505b48]" started-at="2024-07-12T12:21:03 CEST" name="navigation" finished-at="2024-07-12T12:21:03 CEST" duration-ms="381" status="PASS">
          <reporter-output>
          </reporter-output>
        </test-method> <!-- navigation -->
        <test-method signature="testCaseDodatakImage3()[pri:0, instance:projectSauceDemo.TestSauceDemoClass@59505b48]" started-at="2024-07-12T12:21:03 CEST" name="testCaseDodatakImage3" finished-at="2024-07-12T12:21:04 CEST" duration-ms="844" status="PASS">
          <reporter-output>
          </reporter-output>
        </test-method> <!-- testCaseDodatakImage3 -->
        <test-method is-config="true" signature="deleteCookie()[pri:0, instance:projectSauceDemo.TestSauceDemoClass@59505b48]" started-at="2024-07-12T12:21:04 CEST" name="deleteCookie" finished-at="2024-07-12T12:21:04 CEST" duration-ms="16" status="PASS">
          <reporter-output>
          </reporter-output>
        </test-method> <!-- deleteCookie -->
        <test-method is-config="true" signature="navigation()[pri:0, instance:projectSauceDemo.TestSauceDemoClass@59505b48]" started-at="2024-07-12T12:21:04 CEST" name="navigation" finished-at="2024-07-12T12:21:04 CEST" duration-ms="324" status="PASS">
          <reporter-output>
          </reporter-output>
        </test-method> <!-- navigation -->
        <test-method signature="testCaseDodatakImage4()[pri:0, instance:projectSauceDemo.TestSauceDemoClass@59505b48]" started-at="2024-07-12T12:21:04 CEST" name="testCaseDodatakImage4" finished-at="2024-07-12T12:21:05 CEST" duration-ms="944" status="PASS">
          <reporter-output>
          </reporter-output>
        </test-method> <!-- testCaseDodatakImage4 -->
        <test-method is-config="true" signature="deleteCookie()[pri:0, instance:projectSauceDemo.TestSauceDemoClass@59505b48]" started-at="2024-07-12T12:21:05 CEST" name="deleteCookie" finished-at="2024-07-12T12:21:05 CEST" duration-ms="16" status="PASS">
          <reporter-output>
          </reporter-output>
        </test-method> <!-- deleteCookie -->
        <test-method is-config="true" signature="navigation()[pri:0, instance:projectSauceDemo.TestSauceDemoClass@59505b48]" started-at="2024-07-12T12:21:05 CEST" name="navigation" finished-at="2024-07-12T12:21:06 CEST" duration-ms="377" status="PASS">
          <reporter-output>
          </reporter-output>
        </test-method> <!-- navigation -->
        <test-method signature="testCaseDodatakImage5()[pri:0, instance:projectSauceDemo.TestSauceDemoClass@59505b48]" started-at="2024-07-12T12:21:06 CEST" name="testCaseDodatakImage5" finished-at="2024-07-12T12:21:06 CEST" duration-ms="858" status="PASS">
          <reporter-output>
          </reporter-output>
        </test-method> <!-- testCaseDodatakImage5 -->
        <test-method is-config="true" signature="deleteCookie()[pri:0, instance:projectSauceDemo.TestSauceDemoClass@59505b48]" started-at="2024-07-12T12:21:06 CEST" name="deleteCookie" finished-at="2024-07-12T12:21:07 CEST" duration-ms="16" status="PASS">
          <reporter-output>
          </reporter-output>
        </test-method> <!-- deleteCookie -->
        <test-method is-config="true" signature="navigation()[pri:0, instance:projectSauceDemo.TestSauceDemoClass@59505b48]" started-at="2024-07-12T12:21:07 CEST" name="navigation" finished-at="2024-07-12T12:21:07 CEST" duration-ms="376" status="PASS">
          <reporter-output>
          </reporter-output>
        </test-method> <!-- navigation -->
        <test-method signature="testCaseDodatakImageErrorUser0()[pri:0, instance:projectSauceDemo.TestSauceDemoClass@59505b48]" started-at="2024-07-12T12:21:07 CEST" name="testCaseDodatakImageErrorUser0" finished-at="2024-07-12T12:21:08 CEST" duration-ms="858" status="PASS">
          <reporter-output>
          </reporter-output>
        </test-method> <!-- testCaseDodatakImageErrorUser0 -->
        <test-method is-config="true" signature="deleteCookie()[pri:0, instance:projectSauceDemo.TestSauceDemoClass@59505b48]" started-at="2024-07-12T12:21:08 CEST" name="deleteCookie" finished-at="2024-07-12T12:21:08 CEST" duration-ms="16" status="PASS">
          <reporter-output>
          </reporter-output>
        </test-method> <!-- deleteCookie -->
        <test-method is-config="true" signature="navigation()[pri:0, instance:projectSauceDemo.TestSauceDemoClass@59505b48]" started-at="2024-07-12T12:21:08 CEST" name="navigation" finished-at="2024-07-12T12:21:08 CEST" duration-ms="366" status="PASS">
          <reporter-output>
          </reporter-output>
        </test-method> <!-- navigation -->
        <test-method signature="testCaseDodatakImageErrorUser1()[pri:0, instance:projectSauceDemo.TestSauceDemoClass@59505b48]" started-at="2024-07-12T12:21:08 CEST" name="testCaseDodatakImageErrorUser1" finished-at="2024-07-12T12:21:09 CEST" duration-ms="864" status="PASS">
          <reporter-output>
          </reporter-output>
        </test-method> <!-- testCaseDodatakImageErrorUser1 -->
        <test-method is-config="true" signature="deleteCookie()[pri:0, instance:projectSauceDemo.TestSauceDemoClass@59505b48]" started-at="2024-07-12T12:21:09 CEST" name="deleteCookie" finished-at="2024-07-12T12:21:09 CEST" duration-ms="14" status="PASS">
          <reporter-output>
          </reporter-output>
        </test-method> <!-- deleteCookie -->
        <test-method is-config="true" signature="navigation()[pri:0, instance:projectSauceDemo.TestSauceDemoClass@59505b48]" started-at="2024-07-12T12:21:09 CEST" name="navigation" finished-at="2024-07-12T12:21:09 CEST" duration-ms="354" status="PASS">
          <reporter-output>
          </reporter-output>
        </test-method> <!-- navigation -->
        <test-method signature="testCaseDodatakImageErrorUser2()[pri:0, instance:projectSauceDemo.TestSauceDemoClass@59505b48]" started-at="2024-07-12T12:21:09 CEST" name="testCaseDodatakImageErrorUser2" finished-at="2024-07-12T12:21:10 CEST" duration-ms="883" status="PASS">
          <reporter-output>
          </reporter-output>
        </test-method> <!-- testCaseDodatakImageErrorUser2 -->
        <test-method is-config="true" signature="deleteCookie()[pri:0, instance:projectSauceDemo.TestSauceDemoClass@59505b48]" started-at="2024-07-12T12:21:10 CEST" name="deleteCookie" finished-at="2024-07-12T12:21:10 CEST" duration-ms="15" status="PASS">
          <reporter-output>
          </reporter-output>
        </test-method> <!-- deleteCookie -->
        <test-method is-config="true" signature="navigation()[pri:0, instance:projectSauceDemo.TestSauceDemoClass@59505b48]" started-at="2024-07-12T12:21:10 CEST" name="navigation" finished-at="2024-07-12T12:21:11 CEST" duration-ms="369" status="PASS">
          <reporter-output>
          </reporter-output>
        </test-method> <!-- navigation -->
        <test-method signature="testCaseDodatakImageErrorUser3()[pri:0, instance:projectSauceDemo.TestSauceDemoClass@59505b48]" started-at="2024-07-12T12:21:11 CEST" name="testCaseDodatakImageErrorUser3" finished-at="2024-07-12T12:21:12 CEST" duration-ms="932" status="PASS">
          <reporter-output>
          </reporter-output>
        </test-method> <!-- testCaseDodatakImageErrorUser3 -->
        <test-method is-config="true" signature="deleteCookie()[pri:0, instance:projectSauceDemo.TestSauceDemoClass@59505b48]" started-at="2024-07-12T12:21:12 CEST" name="deleteCookie" finished-at="2024-07-12T12:21:12 CEST" duration-ms="16" status="PASS">
          <reporter-output>
          </reporter-output>
        </test-method> <!-- deleteCookie -->
        <test-method is-config="true" signature="navigation()[pri:0, instance:projectSauceDemo.TestSauceDemoClass@59505b48]" started-at="2024-07-12T12:21:12 CEST" name="navigation" finished-at="2024-07-12T12:21:12 CEST" duration-ms="365" status="PASS">
          <reporter-output>
          </reporter-output>
        </test-method> <!-- navigation -->
        <test-method signature="testCaseDodatakImageErrorUser4()[pri:0, instance:projectSauceDemo.TestSauceDemoClass@59505b48]" started-at="2024-07-12T12:21:12 CEST" name="testCaseDodatakImageErrorUser4" finished-at="2024-07-12T12:21:13 CEST" duration-ms="886" status="PASS">
          <reporter-output>
          </reporter-output>
        </test-method> <!-- testCaseDodatakImageErrorUser4 -->
        <test-method is-config="true" signature="deleteCookie()[pri:0, instance:projectSauceDemo.TestSauceDemoClass@59505b48]" started-at="2024-07-12T12:21:13 CEST" name="deleteCookie" finished-at="2024-07-12T12:21:13 CEST" duration-ms="17" status="PASS">
          <reporter-output>
          </reporter-output>
        </test-method> <!-- deleteCookie -->
        <test-method is-config="true" signature="navigation()[pri:0, instance:projectSauceDemo.TestSauceDemoClass@59505b48]" started-at="2024-07-12T12:21:13 CEST" name="navigation" finished-at="2024-07-12T12:21:13 CEST" duration-ms="356" status="PASS">
          <reporter-output>
          </reporter-output>
        </test-method> <!-- navigation -->
        <test-method signature="testCaseDodatakImageErrorUser5()[pri:0, instance:projectSauceDemo.TestSauceDemoClass@59505b48]" started-at="2024-07-12T12:21:13 CEST" name="testCaseDodatakImageErrorUser5" finished-at="2024-07-12T12:21:14 CEST" duration-ms="1193" status="PASS">
          <reporter-output>
          </reporter-output>
        </test-method> <!-- testCaseDodatakImageErrorUser5 -->
        <test-method is-config="true" signature="deleteCookie()[pri:0, instance:projectSauceDemo.TestSauceDemoClass@59505b48]" started-at="2024-07-12T12:21:14 CEST" name="deleteCookie" finished-at="2024-07-12T12:21:14 CEST" duration-ms="87" status="PASS">
          <reporter-output>
          </reporter-output>
        </test-method> <!-- deleteCookie -->
        <test-method is-config="true" signature="navigation()[pri:0, instance:projectSauceDemo.TestSauceDemoClass@59505b48]" started-at="2024-07-12T12:21:14 CEST" name="navigation" finished-at="2024-07-12T12:21:15 CEST" duration-ms="318" status="PASS">
          <reporter-output>
          </reporter-output>
        </test-method> <!-- navigation -->
        <test-method signature="testCaseDodatakImagePerformance0()[pri:0, instance:projectSauceDemo.TestSauceDemoClass@59505b48]" started-at="2024-07-12T12:21:15 CEST" name="testCaseDodatakImagePerformance0" finished-at="2024-07-12T12:21:21 CEST" duration-ms="6002" status="PASS">
          <reporter-output>
          </reporter-output>
        </test-method> <!-- testCaseDodatakImagePerformance0 -->
        <test-method is-config="true" signature="deleteCookie()[pri:0, instance:projectSauceDemo.TestSauceDemoClass@59505b48]" started-at="2024-07-12T12:21:21 CEST" name="deleteCookie" finished-at="2024-07-12T12:21:21 CEST" duration-ms="15" status="PASS">
          <reporter-output>
          </reporter-output>
        </test-method> <!-- deleteCookie -->
        <test-method is-config="true" signature="navigation()[pri:0, instance:projectSauceDemo.TestSauceDemoClass@59505b48]" started-at="2024-07-12T12:21:21 CEST" name="navigation" finished-at="2024-07-12T12:21:21 CEST" duration-ms="442" status="PASS">
          <reporter-output>
          </reporter-output>
        </test-method> <!-- navigation -->
        <test-method signature="testCaseDodatakImagePerformance1()[pri:0, instance:projectSauceDemo.TestSauceDemoClass@59505b48]" started-at="2024-07-12T12:21:21 CEST" name="testCaseDodatakImagePerformance1" finished-at="2024-07-12T12:21:27 CEST" duration-ms="6033" status="PASS">
          <reporter-output>
          </reporter-output>
        </test-method> <!-- testCaseDodatakImagePerformance1 -->
        <test-method is-config="true" signature="deleteCookie()[pri:0, instance:projectSauceDemo.TestSauceDemoClass@59505b48]" started-at="2024-07-12T12:21:27 CEST" name="deleteCookie" finished-at="2024-07-12T12:21:27 CEST" duration-ms="20" status="PASS">
          <reporter-output>
          </reporter-output>
        </test-method> <!-- deleteCookie -->
        <test-method is-config="true" signature="navigation()[pri:0, instance:projectSauceDemo.TestSauceDemoClass@59505b48]" started-at="2024-07-12T12:21:27 CEST" name="navigation" finished-at="2024-07-12T12:21:28 CEST" duration-ms="443" status="PASS">
          <reporter-output>
          </reporter-output>
        </test-method> <!-- navigation -->
        <test-method signature="testCaseDodatakImagePerformance2()[pri:0, instance:projectSauceDemo.TestSauceDemoClass@59505b48]" started-at="2024-07-12T12:21:28 CEST" name="testCaseDodatakImagePerformance2" finished-at="2024-07-12T12:21:34 CEST" duration-ms="5995" status="PASS">
          <reporter-output>
          </reporter-output>
        </test-method> <!-- testCaseDodatakImagePerformance2 -->
        <test-method is-config="true" signature="deleteCookie()[pri:0, instance:projectSauceDemo.TestSauceDemoClass@59505b48]" started-at="2024-07-12T12:21:34 CEST" name="deleteCookie" finished-at="2024-07-12T12:21:34 CEST" duration-ms="21" status="PASS">
          <reporter-output>
          </reporter-output>
        </test-method> <!-- deleteCookie -->
        <test-method is-config="true" signature="navigation()[pri:0, instance:projectSauceDemo.TestSauceDemoClass@59505b48]" started-at="2024-07-12T12:21:34 CEST" name="navigation" finished-at="2024-07-12T12:21:34 CEST" duration-ms="412" status="PASS">
          <reporter-output>
          </reporter-output>
        </test-method> <!-- navigation -->
        <test-method signature="testCaseDodatakImagePerformance3()[pri:0, instance:projectSauceDemo.TestSauceDemoClass@59505b48]" started-at="2024-07-12T12:21:34 CEST" name="testCaseDodatakImagePerformance3" finished-at="2024-07-12T12:21:40 CEST" duration-ms="5890" status="PASS">
          <reporter-output>
          </reporter-output>
        </test-method> <!-- testCaseDodatakImagePerformance3 -->
        <test-method is-config="true" signature="deleteCookie()[pri:0, instance:projectSauceDemo.TestSauceDemoClass@59505b48]" started-at="2024-07-12T12:21:40 CEST" name="deleteCookie" finished-at="2024-07-12T12:21:40 CEST" duration-ms="19" status="PASS">
          <reporter-output>
          </reporter-output>
        </test-method> <!-- deleteCookie -->
        <test-method is-config="true" signature="navigation()[pri:0, instance:projectSauceDemo.TestSauceDemoClass@59505b48]" started-at="2024-07-12T12:21:40 CEST" name="navigation" finished-at="2024-07-12T12:21:41 CEST" duration-ms="394" status="PASS">
          <reporter-output>
          </reporter-output>
        </test-method> <!-- navigation -->
        <test-method signature="testCaseDodatakImagePerformance4()[pri:0, instance:projectSauceDemo.TestSauceDemoClass@59505b48]" started-at="2024-07-12T12:21:41 CEST" name="testCaseDodatakImagePerformance4" finished-at="2024-07-12T12:21:46 CEST" duration-ms="5930" status="PASS">
          <reporter-output>
          </reporter-output>
        </test-method> <!-- testCaseDodatakImagePerformance4 -->
        <test-method is-config="true" signature="deleteCookie()[pri:0, instance:projectSauceDemo.TestSauceDemoClass@59505b48]" started-at="2024-07-12T12:21:46 CEST" name="deleteCookie" finished-at="2024-07-12T12:21:46 CEST" duration-ms="21" status="PASS">
          <reporter-output>
          </reporter-output>
        </test-method> <!-- deleteCookie -->
        <test-method is-config="true" signature="navigation()[pri:0, instance:projectSauceDemo.TestSauceDemoClass@59505b48]" started-at="2024-07-12T12:21:46 CEST" name="navigation" finished-at="2024-07-12T12:21:47 CEST" duration-ms="422" status="PASS">
          <reporter-output>
          </reporter-output>
        </test-method> <!-- navigation -->
        <test-method signature="testCaseDodatakImagePerformance5()[pri:0, instance:projectSauceDemo.TestSauceDemoClass@59505b48]" started-at="2024-07-12T12:21:47 CEST" name="testCaseDodatakImagePerformance5" finished-at="2024-07-12T12:21:53 CEST" duration-ms="5915" status="PASS">
          <reporter-output>
          </reporter-output>
        </test-method> <!-- testCaseDodatakImagePerformance5 -->
        <test-method is-config="true" signature="deleteCookie()[pri:0, instance:projectSauceDemo.TestSauceDemoClass@59505b48]" started-at="2024-07-12T12:21:53 CEST" name="deleteCookie" finished-at="2024-07-12T12:21:53 CEST" duration-ms="19" status="PASS">
          <reporter-output>
          </reporter-output>
        </test-method> <!-- deleteCookie -->
        <test-method is-config="true" signature="navigation()[pri:0, instance:projectSauceDemo.TestSauceDemoClass@59505b48]" started-at="2024-07-12T12:21:53 CEST" name="navigation" finished-at="2024-07-12T12:21:53 CEST" duration-ms="432" status="PASS">
          <reporter-output>
          </reporter-output>
        </test-method> <!-- navigation -->
        <test-method signature="testCaseDodatakImageProblemUser0()[pri:0, instance:projectSauceDemo.TestSauceDemoClass@59505b48]" started-at="2024-07-12T12:21:53 CEST" name="testCaseDodatakImageProblemUser0" finished-at="2024-07-12T12:21:54 CEST" duration-ms="872" status="PASS">
          <reporter-output>
          </reporter-output>
        </test-method> <!-- testCaseDodatakImageProblemUser0 -->
        <test-method is-config="true" signature="deleteCookie()[pri:0, instance:projectSauceDemo.TestSauceDemoClass@59505b48]" started-at="2024-07-12T12:21:54 CEST" name="deleteCookie" finished-at="2024-07-12T12:21:54 CEST" duration-ms="13" status="PASS">
          <reporter-output>
          </reporter-output>
        </test-method> <!-- deleteCookie -->
        <test-method is-config="true" signature="navigation()[pri:0, instance:projectSauceDemo.TestSauceDemoClass@59505b48]" started-at="2024-07-12T12:21:54 CEST" name="navigation" finished-at="2024-07-12T12:21:55 CEST" duration-ms="424" status="PASS">
          <reporter-output>
          </reporter-output>
        </test-method> <!-- navigation -->
        <test-method signature="testCaseDodatakImageProblemUser1()[pri:0, instance:projectSauceDemo.TestSauceDemoClass@59505b48]" started-at="2024-07-12T12:21:55 CEST" name="testCaseDodatakImageProblemUser1" finished-at="2024-07-12T12:21:55 CEST" duration-ms="867" status="PASS">
          <reporter-output>
          </reporter-output>
        </test-method> <!-- testCaseDodatakImageProblemUser1 -->
        <test-method is-config="true" signature="deleteCookie()[pri:0, instance:projectSauceDemo.TestSauceDemoClass@59505b48]" started-at="2024-07-12T12:21:55 CEST" name="deleteCookie" finished-at="2024-07-12T12:21:55 CEST" duration-ms="18" status="PASS">
          <reporter-output>
          </reporter-output>
        </test-method> <!-- deleteCookie -->
        <test-method is-config="true" signature="navigation()[pri:0, instance:projectSauceDemo.TestSauceDemoClass@59505b48]" started-at="2024-07-12T12:21:55 CEST" name="navigation" finished-at="2024-07-12T12:21:56 CEST" duration-ms="342" status="PASS">
          <reporter-output>
          </reporter-output>
        </test-method> <!-- navigation -->
        <test-method signature="testCaseDodatakImageProblemUser2()[pri:0, instance:projectSauceDemo.TestSauceDemoClass@59505b48]" started-at="2024-07-12T12:21:56 CEST" name="testCaseDodatakImageProblemUser2" finished-at="2024-07-12T12:21:57 CEST" duration-ms="907" status="PASS">
          <reporter-output>
          </reporter-output>
        </test-method> <!-- testCaseDodatakImageProblemUser2 -->
        <test-method is-config="true" signature="deleteCookie()[pri:0, instance:projectSauceDemo.TestSauceDemoClass@59505b48]" started-at="2024-07-12T12:21:57 CEST" name="deleteCookie" finished-at="2024-07-12T12:21:57 CEST" duration-ms="16" status="PASS">
          <reporter-output>
          </reporter-output>
        </test-method> <!-- deleteCookie -->
        <test-method is-config="true" signature="navigation()[pri:0, instance:projectSauceDemo.TestSauceDemoClass@59505b48]" started-at="2024-07-12T12:21:57 CEST" name="navigation" finished-at="2024-07-12T12:21:57 CEST" duration-ms="373" status="PASS">
          <reporter-output>
          </reporter-output>
        </test-method> <!-- navigation -->
        <test-method signature="testCaseDodatakImageProblemUser3()[pri:0, instance:projectSauceDemo.TestSauceDemoClass@59505b48]" started-at="2024-07-12T12:21:57 CEST" name="testCaseDodatakImageProblemUser3" finished-at="2024-07-12T12:21:58 CEST" duration-ms="988" status="FAIL">
          <exception class="java.lang.AssertionError">
            <message>
              <![CDATA[The following asserts failed:
The images are the same! did not expect [https://www.saucedemo.com/static/media/sl-404.168b1cce.jpg] but found [https://www.saucedemo.com/static/media/sl-404.168b1cce.jpg]]]>
            </message>
            <full-stacktrace>
              <![CDATA[java.lang.AssertionError: The following asserts failed:
The images are the same! did not expect [https://www.saucedemo.com/static/media/sl-404.168b1cce.jpg] but found [https://www.saucedemo.com/static/media/sl-404.168b1cce.jpg]
at org.testng.asserts.SoftAssert.assertAll(SoftAssert.java:47)
at org.testng.asserts.SoftAssert.assertAll(SoftAssert.java:31)
at projectSauceDemo.TestSauceDemoClass.testCaseDodatakImageProblemUser3(TestSauceDemoClass.java:343)
at java.base/jdk.internal.reflect.NativeMethodAccessorImpl.invoke0(Native Method)
at java.base/jdk.internal.reflect.NativeMethodAccessorImpl.invoke(NativeMethodAccessorImpl.java:77)
at java.base/jdk.internal.reflect.DelegatingMethodAccessorImpl.invoke(DelegatingMethodAccessorImpl.java:43)
at java.base/java.lang.reflect.Method.invoke(Method.java:568)
at org.testng.internal.MethodInvocationHelper.invokeMethod(MethodInvocationHelper.java:133)
at org.testng.internal.TestInvoker.invokeMethod(TestInvoker.java:598)
at org.testng.internal.TestInvoker.invokeTestMethod(TestInvoker.java:173)
at org.testng.internal.MethodRunner.runInSequence(MethodRunner.java:46)
at org.testng.internal.TestInvoker$MethodInvocationAgent.invoke(TestInvoker.java:824)
at org.testng.internal.TestInvoker.invokeTestMethods(TestInvoker.java:146)
at org.testng.internal.TestMethodWorker.invokeTestMethods(TestMethodWorker.java:146)
at org.testng.internal.TestMethodWorker.run(TestMethodWorker.java:128)
at java.base/java.util.ArrayList.forEach(ArrayList.java:1511)
at org.testng.TestRunner.privateRun(TestRunner.java:794)
at org.testng.TestRunner.run(TestRunner.java:596)
at org.testng.SuiteRunner.runTest(SuiteRunner.java:377)
at org.testng.SuiteRunner.runSequentially(SuiteRunner.java:371)
at org.testng.SuiteRunner.privateRun(SuiteRunner.java:332)
at org.testng.SuiteRunner.run(SuiteRunner.java:276)
at org.testng.SuiteRunnerWorker.runSuite(SuiteRunnerWorker.java:53)
at org.testng.SuiteRunnerWorker.run(SuiteRunnerWorker.java:96)
at org.testng.TestNG.runSuitesSequentially(TestNG.java:1212)
at org.testng.TestNG.runSuitesLocally(TestNG.java:1134)
at org.testng.TestNG.runSuites(TestNG.java:1063)
at org.testng.TestNG.run(TestNG.java:1031)
at org.testng.remote.AbstractRemoteTestNG.run(AbstractRemoteTestNG.java:115)
at org.testng.remote.RemoteTestNG.initAndRun(RemoteTestNG.java:293)
at org.testng.remote.RemoteTestNG.main(RemoteTestNG.java:91)
]]>
            </full-stacktrace>
          </exception> <!-- java.lang.AssertionError -->
          <reporter-output>
          </reporter-output>
        </test-method> <!-- testCaseDodatakImageProblemUser3 -->
        <test-method is-config="true" signature="deleteCookie()[pri:0, instance:projectSauceDemo.TestSauceDemoClass@59505b48]" started-at="2024-07-12T12:21:58 CEST" name="deleteCookie" finished-at="2024-07-12T12:21:58 CEST" duration-ms="16" status="PASS">
          <reporter-output>
          </reporter-output>
        </test-method> <!-- deleteCookie -->
        <test-method is-config="true" signature="navigation()[pri:0, instance:projectSauceDemo.TestSauceDemoClass@59505b48]" started-at="2024-07-12T12:21:58 CEST" name="navigation" finished-at="2024-07-12T12:21:58 CEST" duration-ms="346" status="PASS">
          <reporter-output>
          </reporter-output>
        </test-method> <!-- navigation -->
        <test-method signature="testCaseDodatakImageProblemUser4()[pri:0, instance:projectSauceDemo.TestSauceDemoClass@59505b48]" started-at="2024-07-12T12:21:58 CEST" name="testCaseDodatakImageProblemUser4" finished-at="2024-07-12T12:21:59 CEST" duration-ms="924" status="PASS">
          <reporter-output>
          </reporter-output>
        </test-method> <!-- testCaseDodatakImageProblemUser4 -->
        <test-method is-config="true" signature="deleteCookie()[pri:0, instance:projectSauceDemo.TestSauceDemoClass@59505b48]" started-at="2024-07-12T12:21:59 CEST" name="deleteCookie" finished-at="2024-07-12T12:21:59 CEST" duration-ms="17" status="PASS">
          <reporter-output>
          </reporter-output>
        </test-method> <!-- deleteCookie -->
        <test-method is-config="true" signature="navigation()[pri:0, instance:projectSauceDemo.TestSauceDemoClass@59505b48]" started-at="2024-07-12T12:21:59 CEST" name="navigation" finished-at="2024-07-12T12:22:00 CEST" duration-ms="378" status="PASS">
          <reporter-output>
          </reporter-output>
        </test-method> <!-- navigation -->
        <test-method signature="testCaseDodatakImageProblemUser5()[pri:0, instance:projectSauceDemo.TestSauceDemoClass@59505b48]" started-at="2024-07-12T12:22:00 CEST" name="testCaseDodatakImageProblemUser5" finished-at="2024-07-12T12:22:01 CEST" duration-ms="951" status="PASS">
          <reporter-output>
          </reporter-output>
        </test-method> <!-- testCaseDodatakImageProblemUser5 -->
        <test-method is-config="true" signature="deleteCookie()[pri:0, instance:projectSauceDemo.TestSauceDemoClass@59505b48]" started-at="2024-07-12T12:22:01 CEST" name="deleteCookie" finished-at="2024-07-12T12:22:01 CEST" duration-ms="18" status="PASS">
          <reporter-output>
          </reporter-output>
        </test-method> <!-- deleteCookie -->
        <test-method is-config="true" signature="navigation()[pri:0, instance:projectSauceDemo.TestSauceDemoClass@59505b48]" started-at="2024-07-12T12:22:01 CEST" name="navigation" finished-at="2024-07-12T12:22:01 CEST" duration-ms="449" status="PASS">
          <reporter-output>
          </reporter-output>
        </test-method> <!-- navigation -->
        <test-method signature="testCaseDodatakVisualImage1()[pri:0, instance:projectSauceDemo.TestSauceDemoClass@59505b48]" started-at="2024-07-12T12:22:01 CEST" name="testCaseDodatakVisualImage1" finished-at="2024-07-12T12:22:02 CEST" duration-ms="1029" status="PASS">
          <reporter-output>
          </reporter-output>
        </test-method> <!-- testCaseDodatakVisualImage1 -->
        <test-method is-config="true" signature="deleteCookie()[pri:0, instance:projectSauceDemo.TestSauceDemoClass@59505b48]" started-at="2024-07-12T12:22:02 CEST" name="deleteCookie" finished-at="2024-07-12T12:22:02 CEST" duration-ms="14" status="PASS">
          <reporter-output>
          </reporter-output>
        </test-method> <!-- deleteCookie -->
        <test-method is-config="true" signature="navigation()[pri:0, instance:projectSauceDemo.TestSauceDemoClass@59505b48]" started-at="2024-07-12T12:22:02 CEST" name="navigation" finished-at="2024-07-12T12:22:03 CEST" duration-ms="379" status="PASS">
          <reporter-output>
          </reporter-output>
        </test-method> <!-- navigation -->
        <test-method signature="testCaseDodatakVisualImage2()[pri:0, instance:projectSauceDemo.TestSauceDemoClass@59505b48]" started-at="2024-07-12T12:22:03 CEST" name="testCaseDodatakVisualImage2" finished-at="2024-07-12T12:22:04 CEST" duration-ms="998" status="PASS">
          <reporter-output>
          </reporter-output>
        </test-method> <!-- testCaseDodatakVisualImage2 -->
        <test-method is-config="true" signature="deleteCookie()[pri:0, instance:projectSauceDemo.TestSauceDemoClass@59505b48]" started-at="2024-07-12T12:22:04 CEST" name="deleteCookie" finished-at="2024-07-12T12:22:04 CEST" duration-ms="13" status="PASS">
          <reporter-output>
          </reporter-output>
        </test-method> <!-- deleteCookie -->
        <test-method is-config="true" signature="navigation()[pri:0, instance:projectSauceDemo.TestSauceDemoClass@59505b48]" started-at="2024-07-12T12:22:04 CEST" name="navigation" finished-at="2024-07-12T12:22:04 CEST" duration-ms="365" status="PASS">
          <reporter-output>
          </reporter-output>
        </test-method> <!-- navigation -->
        <test-method signature="testCaseDodatakVisualImage3()[pri:0, instance:projectSauceDemo.TestSauceDemoClass@59505b48]" started-at="2024-07-12T12:22:04 CEST" name="testCaseDodatakVisualImage3" finished-at="2024-07-12T12:22:05 CEST" duration-ms="975" status="PASS">
          <reporter-output>
          </reporter-output>
        </test-method> <!-- testCaseDodatakVisualImage3 -->
        <test-method is-config="true" signature="deleteCookie()[pri:0, instance:projectSauceDemo.TestSauceDemoClass@59505b48]" started-at="2024-07-12T12:22:05 CEST" name="deleteCookie" finished-at="2024-07-12T12:22:05 CEST" duration-ms="21" status="PASS">
          <reporter-output>
          </reporter-output>
        </test-method> <!-- deleteCookie -->
        <test-method is-config="true" signature="navigation()[pri:0, instance:projectSauceDemo.TestSauceDemoClass@59505b48]" started-at="2024-07-12T12:22:05 CEST" name="navigation" finished-at="2024-07-12T12:22:05 CEST" duration-ms="368" status="PASS">
          <reporter-output>
          </reporter-output>
        </test-method> <!-- navigation -->
        <test-method signature="testCaseDodatakVisualImage4()[pri:0, instance:projectSauceDemo.TestSauceDemoClass@59505b48]" started-at="2024-07-12T12:22:05 CEST" name="testCaseDodatakVisualImage4" finished-at="2024-07-12T12:22:06 CEST" duration-ms="1055" status="PASS">
          <reporter-output>
          </reporter-output>
        </test-method> <!-- testCaseDodatakVisualImage4 -->
        <test-method is-config="true" signature="deleteCookie()[pri:0, instance:projectSauceDemo.TestSauceDemoClass@59505b48]" started-at="2024-07-12T12:22:06 CEST" name="deleteCookie" finished-at="2024-07-12T12:22:06 CEST" duration-ms="17" status="PASS">
          <reporter-output>
          </reporter-output>
        </test-method> <!-- deleteCookie -->
        <test-method is-config="true" signature="navigation()[pri:0, instance:projectSauceDemo.TestSauceDemoClass@59505b48]" started-at="2024-07-12T12:22:06 CEST" name="navigation" finished-at="2024-07-12T12:22:07 CEST" duration-ms="403" status="PASS">
          <reporter-output>
          </reporter-output>
        </test-method> <!-- navigation -->
        <test-method signature="testCaseDodatakVisualImage5()[pri:0, instance:projectSauceDemo.TestSauceDemoClass@59505b48]" started-at="2024-07-12T12:22:07 CEST" name="testCaseDodatakVisualImage5" finished-at="2024-07-12T12:22:08 CEST" duration-ms="1049" status="PASS">
          <reporter-output>
          </reporter-output>
        </test-method> <!-- testCaseDodatakVisualImage5 -->
        <test-method is-config="true" signature="deleteCookie()[pri:0, instance:projectSauceDemo.TestSauceDemoClass@59505b48]" started-at="2024-07-12T12:22:08 CEST" name="deleteCookie" finished-at="2024-07-12T12:22:08 CEST" duration-ms="13" status="PASS">
          <reporter-output>
          </reporter-output>
        </test-method> <!-- deleteCookie -->
        <test-method is-config="true" signature="closeDriver()[pri:0, instance:projectSauceDemo.TestSauceDemoClass@59505b48]" started-at="2024-07-12T12:22:08 CEST" name="closeDriver" finished-at="2024-07-12T12:22:08 CEST" duration-ms="390" status="PASS">
          <reporter-output>
          </reporter-output>
        </test-method> <!-- closeDriver -->
      </class> <!-- projectSauceDemo.TestSauceDemoClass -->
    </test> <!-- Default test -->
  </suite> <!-- Default suite -->
</testng-results>
