<?xml version="1.0" encoding="UTF-8"?>
<!-- Generated by org.testng.reporters.JUnitReportReporter -->
<testsuite hostname="Damjan" failures="2" tests="42" name="projectPCPress.TestPCPressClass" time="118.901" errors="0" timestamp="2024-07-09T15:20:00 CEST" skipped="0">
  <testcase classname="projectPCPress.TestPCPressClass" name="testCase20" time="2.806"/>
  <system-out/>
  <testcase classname="projectPCPress.TestPCPressClass" name="testCase27" time="3.257"/>
  <system-out/>
  <testcase classname="projectPCPress.TestPCPressClass" name="testCase7" time="5.931"/>
  <system-out/>
  <testcase classname="projectPCPress.TestPCPressClass" name="testCase25" time="2.426"/>
  <system-out/>
  <testcase classname="projectPCPress.TestPCPressClass" name="testCase25" time="2.468"/>
  <system-out/>
  <testcase classname="projectPCPress.TestPCPressClass" name="testCase2" time="3.635">
    <failure message="The following asserts failed:
	expected [false] but found [true]" type="java.lang.AssertionError">
      <![CDATA[java.lang.AssertionError: The following asserts failed:
expected [false] but found [true]
at org.testng.asserts.SoftAssert.assertAll(SoftAssert.java:47)
at org.testng.asserts.SoftAssert.assertAll(SoftAssert.java:31)
at projectPCPress.TestPCPressClass.testCase2(TestPCPressClass.java:65)
at java.base/jdk.internal.reflect.NativeMethodAccessorImpl.invoke0(Native Method)
at java.base/jdk.internal.reflect.NativeMethodAccessorImpl.invoke(NativeMethodAccessorImpl.java:77)
at java.base/jdk.internal.reflect.DelegatingMethodAccessorImpl.invoke(DelegatingMethodAccessorImpl.java:43)
at java.base/java.lang.reflect.Method.invoke(Method.java:568)
at org.testng.internal.MethodInvocationHelper.invokeMethod(MethodInvocationHelper.java:133)
at org.testng.internal.TestInvoker.invokeMethod(TestInvoker.java:598)
at org.testng.internal.TestInvoker.invokeTestMethod(TestInvoker.java:173)
at org.testng.internal.MethodRunner.runInSequence(MethodRunner.java:46)
at org.testng.internal.TestInvoker$MethodInvocationAgent.invoke(TestInvoker.java:824)
at org.testng.internal.TestInvoker.invokeTestMethods(TestInvoker.java:146)
at org.testng.internal.TestMethodWorker.invokeTestMethods(TestMethodWorker.java:146)
at org.testng.internal.TestMethodWorker.run(TestMethodWorker.java:128)
at java.base/java.util.ArrayList.forEach(ArrayList.java:1511)
at org.testng.TestRunner.privateRun(TestRunner.java:794)
at org.testng.TestRunner.run(TestRunner.java:596)
at org.testng.SuiteRunner.runTest(SuiteRunner.java:377)
at org.testng.SuiteRunner.runSequentially(SuiteRunner.java:371)
at org.testng.SuiteRunner.privateRun(SuiteRunner.java:332)
at org.testng.SuiteRunner.run(SuiteRunner.java:276)
at org.testng.SuiteRunnerWorker.runSuite(SuiteRunnerWorker.java:53)
at org.testng.SuiteRunnerWorker.run(SuiteRunnerWorker.java:96)
at org.testng.TestNG.runSuitesSequentially(TestNG.java:1212)
at org.testng.TestNG.runSuitesLocally(TestNG.java:1134)
at org.testng.TestNG.runSuites(TestNG.java:1063)
at org.testng.TestNG.run(TestNG.java:1031)
at org.testng.remote.AbstractRemoteTestNG.run(AbstractRemoteTestNG.java:115)
at org.testng.remote.RemoteTestNG.initAndRun(RemoteTestNG.java:293)
at org.testng.remote.RemoteTestNG.main(RemoteTestNG.java:91)
]]>
    </failure>
  </testcase> <!-- testCase2 -->
  <system-out/>
  <testcase classname="projectPCPress.TestPCPressClass" name="testCase25" time="2.612"/>
  <system-out/>
  <testcase classname="projectPCPress.TestPCPressClass" name="testCase23" time="2.568"/>
  <system-out/>
  <testcase classname="projectPCPress.TestPCPressClass" name="testCase20" time="2.607"/>
  <system-out/>
  <testcase classname="projectPCPress.TestPCPressClass" name="testCase24" time="2.907"/>
  <system-out/>
  <testcase classname="projectPCPress.TestPCPressClass" name="testCase6" time="3.093"/>
  <system-out/>
  <testcase classname="projectPCPress.TestPCPressClass" name="testCase23" time="2.566"/>
  <system-out/>
  <testcase classname="projectPCPress.TestPCPressClass" name="testCase20" time="3.474"/>
  <system-out/>
  <testcase classname="projectPCPress.TestPCPressClass" name="testCase23" time="3.142"/>
  <system-out/>
  <testcase classname="projectPCPress.TestPCPressClass" name="testCase20" time="3.709"/>
  <system-out/>
  <testcase classname="projectPCPress.TestPCPressClass" name="testCase5" time="3.229"/>
  <system-out/>
  <testcase classname="projectPCPress.TestPCPressClass" name="testCase3" time="3.357"/>
  <system-out/>
  <testcase classname="projectPCPress.TestPCPressClass" name="testCase8" time="1.828"/>
  <system-out/>
  <testcase classname="projectPCPress.TestPCPressClass" name="testCase23" time="2.481"/>
  <system-out/>
  <testcase classname="projectPCPress.TestPCPressClass" name="testCase24" time="2.691"/>
  <system-out/>
  <testcase classname="projectPCPress.TestPCPressClass" name="testCase25" time="2.616"/>
  <system-out/>
  <testcase classname="projectPCPress.TestPCPressClass" name="testCase24" time="2.697"/>
  <system-out/>
  <testcase classname="projectPCPress.TestPCPressClass" name="testCase24" time="2.757"/>
  <system-out/>
  <testcase classname="projectPCPress.TestPCPressClass" name="testCase25" time="2.295"/>
  <system-out/>
  <testcase classname="projectPCPress.TestPCPressClass" name="testCase4" time="3.345"/>
  <system-out/>
  <testcase classname="projectPCPress.TestPCPressClass" name="testCase27" time="2.598"/>
  <system-out/>
  <testcase classname="projectPCPress.TestPCPressClass" name="testCase27" time="2.448"/>
  <system-out/>
  <testcase classname="projectPCPress.TestPCPressClass" name="testCase27" time="2.758"/>
  <system-out/>
  <testcase classname="projectPCPress.TestPCPressClass" name="testCase1" time="2.831">
    <failure message="The following asserts failed:
	expected [false] but found [true]" type="java.lang.AssertionError">
      <![CDATA[java.lang.AssertionError: The following asserts failed:
expected [false] but found [true]
at org.testng.asserts.SoftAssert.assertAll(SoftAssert.java:47)
at org.testng.asserts.SoftAssert.assertAll(SoftAssert.java:31)
at projectPCPress.TestPCPressClass.testCase1(TestPCPressClass.java:44)
at java.base/jdk.internal.reflect.NativeMethodAccessorImpl.invoke0(Native Method)
at java.base/jdk.internal.reflect.NativeMethodAccessorImpl.invoke(NativeMethodAccessorImpl.java:77)
at java.base/jdk.internal.reflect.DelegatingMethodAccessorImpl.invoke(DelegatingMethodAccessorImpl.java:43)
at java.base/java.lang.reflect.Method.invoke(Method.java:568)
at org.testng.internal.MethodInvocationHelper.invokeMethod(MethodInvocationHelper.java:133)
at org.testng.internal.TestInvoker.invokeMethod(TestInvoker.java:598)
at org.testng.internal.TestInvoker.invokeTestMethod(TestInvoker.java:173)
at org.testng.internal.MethodRunner.runInSequence(MethodRunner.java:46)
at org.testng.internal.TestInvoker$MethodInvocationAgent.invoke(TestInvoker.java:824)
at org.testng.internal.TestInvoker.invokeTestMethods(TestInvoker.java:146)
at org.testng.internal.TestMethodWorker.invokeTestMethods(TestMethodWorker.java:146)
at org.testng.internal.TestMethodWorker.run(TestMethodWorker.java:128)
at java.base/java.util.ArrayList.forEach(ArrayList.java:1511)
at org.testng.TestRunner.privateRun(TestRunner.java:794)
at org.testng.TestRunner.run(TestRunner.java:596)
at org.testng.SuiteRunner.runTest(SuiteRunner.java:377)
at org.testng.SuiteRunner.runSequentially(SuiteRunner.java:371)
at org.testng.SuiteRunner.privateRun(SuiteRunner.java:332)
at org.testng.SuiteRunner.run(SuiteRunner.java:276)
at org.testng.SuiteRunnerWorker.runSuite(SuiteRunnerWorker.java:53)
at org.testng.SuiteRunnerWorker.run(SuiteRunnerWorker.java:96)
at org.testng.TestNG.runSuitesSequentially(TestNG.java:1212)
at org.testng.TestNG.runSuitesLocally(TestNG.java:1134)
at org.testng.TestNG.runSuites(TestNG.java:1063)
at org.testng.TestNG.run(TestNG.java:1031)
at org.testng.remote.AbstractRemoteTestNG.run(AbstractRemoteTestNG.java:115)
at org.testng.remote.RemoteTestNG.initAndRun(RemoteTestNG.java:293)
at org.testng.remote.RemoteTestNG.main(RemoteTestNG.java:91)
]]>
    </failure>
  </testcase> <!-- testCase1 -->
  <system-out/>
  <testcase classname="projectPCPress.TestPCPressClass" name="testCase9" time="4.767"/>
  <system-out/>
  <testcase classname="projectPCPress.TestPCPressClass" name="testCase10" time="1.153"/>
  <system-out/>
  <testcase classname="projectPCPress.TestPCPressClass" name="testCase11" time="2.606"/>
  <system-out/>
  <testcase classname="projectPCPress.TestPCPressClass" name="testCase13" time="3.005"/>
  <system-out/>
  <testcase classname="projectPCPress.TestPCPressClass" name="testCase14" time="4.664"/>
  <system-out/>
  <testcase classname="projectPCPress.TestPCPressClass" name="testCase15" time="3.122"/>
  <system-out/>
  <testcase classname="projectPCPress.TestPCPressClass" name="testCase16" time="3.182"/>
  <system-out/>
  <testcase classname="projectPCPress.TestPCPressClass" name="testCase17" time="2.565"/>
  <system-out/>
  <testcase classname="projectPCPress.TestPCPressClass" name="testCase18" time="1.389"/>
  <system-out/>
  <testcase classname="projectPCPress.TestPCPressClass" name="testCase19" time="1.360"/>
  <system-out/>
  <testcase classname="projectPCPress.TestPCPressClass" name="testCase21" time="3.045"/>
  <system-out/>
  <testcase classname="projectPCPress.TestPCPressClass" name="testCase22" time="1.199"/>
  <system-out/>
  <testcase classname="projectPCPress.TestPCPressClass" name="testCase26" time="1.712"/>
  <system-out/>
</testsuite> <!-- projectPCPress.TestPCPressClass -->
