<?xml version="1.0" encoding="UTF-8"?>
<!-- Generated by org.testng.reporters.JUnitReportReporter -->
<testsuite hostname="Damjan" failures="0" tests="24" name="projectDemoBlaze.TestDemoBlazeClass7" time="44.885" errors="1" timestamp="2024-07-13T19:30:06 CEST" skipped="0">
  <testcase classname="projectDemoBlaze.TestDemoBlazeClass7" name="verifyNameSonySecond" time="1.036"/>
  <system-out/>
  <testcase classname="projectDemoBlaze.TestDemoBlazeClass7" name="verifyDescriptionSonyFourth" time="1.675"/>
  <system-out/>
  <testcase classname="projectDemoBlaze.TestDemoBlazeClass7" name="verifyPricesFromSecondToThirdPageThird" time="2.985"/>
  <system-out/>
  <testcase classname="projectDemoBlaze.TestDemoBlazeClass7" name="verifyNameSonyThird" time="1.723"/>
  <system-out/>
  <testcase classname="projectDemoBlaze.TestDemoBlazeClass7" name="verifyPricesFromSecondToThirdPage" time="3.877"/>
  <system-out/>
  <testcase classname="projectDemoBlaze.TestDemoBlazeClass7" name="verifyDescriptionSonySecond" time="1.421"/>
  <system-out/>
  <testcase classname="projectDemoBlaze.TestDemoBlazeClass7" name="verifyDescriptionSonyThird" time="1.616"/>
  <system-out/>
  <testcase classname="projectDemoBlaze.TestDemoBlazeClass7" name="verifyPriceSonyThird" time="1.525"/>
  <system-out/>
  <testcase classname="projectDemoBlaze.TestDemoBlazeClass7" name="verifyPricesFromSecondToThirdPageFifth" time="2.938"/>
  <system-out/>
  <testcase classname="projectDemoBlaze.TestDemoBlazeClass7" name="verifyNameSonyFifth" time="1.591"/>
  <system-out/>
  <testcase classname="projectDemoBlaze.TestDemoBlazeClass7" name="verifyPriceSony" time="1.508"/>
  <system-out/>
  <testcase classname="projectDemoBlaze.TestDemoBlazeClass7" name="verifyPriceSonyFifth" time="1.177"/>
  <system-out/>
  <testcase classname="projectDemoBlaze.TestDemoBlazeClass7" name="verifyPriceSonySecond" time="1.313"/>
  <system-out/>
  <testcase classname="projectDemoBlaze.TestDemoBlazeClass7" name="verifyPriceSonySixth" time="1.440"/>
  <system-out/>
  <testcase classname="projectDemoBlaze.TestDemoBlazeClass7" name="verifyDescriptionSony" time="2.018"/>
  <system-out/>
  <testcase classname="projectDemoBlaze.TestDemoBlazeClass7" name="verifyDescriptionSonyFifth" time="2.185"/>
  <system-out/>
  <testcase classname="projectDemoBlaze.TestDemoBlazeClass7" name="verifyDescriptionSonySixth" time="1.628"/>
  <system-out/>
  <testcase classname="projectDemoBlaze.TestDemoBlazeClass7" name="verifyPricesFromSecondToThirdPageFourth" time="2.855"/>
  <system-out/>
  <testcase classname="projectDemoBlaze.TestDemoBlazeClass7" name="verifyNameSonySixth" time="1.020"/>
  <system-out/>
  <testcase classname="projectDemoBlaze.TestDemoBlazeClass7" name="verifyPricesFromSecondToThirdPageSixth" time="4.398"/>
  <system-out/>
  <testcase classname="projectDemoBlaze.TestDemoBlazeClass7" name="verifyNameSonyFourth" time="1.405"/>
  <system-out/>
  <testcase classname="projectDemoBlaze.TestDemoBlazeClass7" name="verifyPriceSonyFourth" time="1.169"/>
  <system-out/>
  <testcase classname="projectDemoBlaze.TestDemoBlazeClass7" name="verifyNameSony" time="0.580"/>
  <system-out/>
  <testcase classname="projectDemoBlaze.TestDemoBlazeClass7" name="verifyPricesFromSecondToThirdPageSecond" time="1.802">
    <error message="unexpected alert open: {Alert text : Product added}
  (Session info: chrome=126.0.6478.127): Product added
Build info: version: &#039;4.22.0&#039;, revision: &#039;c5f3146703*&#039;
System info: os.name: &#039;Windows 11&#039;, os.arch: &#039;amd64&#039;, os.version: &#039;10.0&#039;, java.version: &#039;17.0.10&#039;
Driver info: org.openqa.selenium.chrome.ChromeDriver
Command: [1a0cbe06568f90692053e18dc70e1279, findElement {using=css selector, value=button.btn.btn-success}]
Capabilities {acceptInsecureCerts: false, browserName: chrome, browserVersion: 126.0.6478.127, chrome: {chromedriverVersion: 126.0.6478.126 (d36ace6122e..., userDataDir: C:\Users\Damja\AppData\Loca...}, fedcm:accounts: true, goog:chromeOptions: {debuggerAddress: localhost:63580}, networkConnectionEnabled: false, pageLoadStrategy: normal, platformName: windows, proxy: Proxy(), se:cdp: ws://localhost:63580/devtoo..., se:cdpVersion: 126.0.6478.127, setWindowRect: true, strictFileInteractability: false, timeouts: {implicit: 0, pageLoad: 300000, script: 30000}, unhandledPromptBehavior: dismiss and notify, webauthn:extension:credBlob: true, webauthn:extension:largeBlob: true, webauthn:extension:minPinLength: true, webauthn:extension:prf: true, webauthn:virtualAuthenticators: true}
Session ID: 1a0cbe06568f90692053e18dc70e1279" type="org.openqa.selenium.UnhandledAlertException">
      <![CDATA[org.openqa.selenium.UnhandledAlertException: unexpected alert open: {Alert text : Product added}
  (Session info: chrome=126.0.6478.127): Product added
Build info: version: '4.22.0', revision: 'c5f3146703*'
System info: os.name: 'Windows 11', os.arch: 'amd64', os.version: '10.0', java.version: '17.0.10'
Driver info: org.openqa.selenium.chrome.ChromeDriver
Command: [1a0cbe06568f90692053e18dc70e1279, findElement {using=css selector, value=button.btn.btn-success}]
Capabilities {acceptInsecureCerts: false, browserName: chrome, browserVersion: 126.0.6478.127, chrome: {chromedriverVersion: 126.0.6478.126 (d36ace6122e..., userDataDir: C:\Users\Damja\AppData\Loca...}, fedcm:accounts: true, goog:chromeOptions: {debuggerAddress: localhost:63580}, networkConnectionEnabled: false, pageLoadStrategy: normal, platformName: windows, proxy: Proxy(), se:cdp: ws://localhost:63580/devtoo..., se:cdpVersion: 126.0.6478.127, setWindowRect: true, strictFileInteractability: false, timeouts: {implicit: 0, pageLoad: 300000, script: 30000}, unhandledPromptBehavior: dismiss and notify, webauthn:extension:credBlob: true, webauthn:extension:largeBlob: true, webauthn:extension:minPinLength: true, webauthn:extension:prf: true, webauthn:virtualAuthenticators: true}
Session ID: 1a0cbe06568f90692053e18dc70e1279
at org.openqa.selenium.remote.codec.w3c.W3CHttpResponseCodec.decode(W3CHttpResponseCodec.java:136)
at org.openqa.selenium.remote.codec.w3c.W3CHttpResponseCodec.decode(W3CHttpResponseCodec.java:50)
at org.openqa.selenium.remote.HttpCommandExecutor.execute(HttpCommandExecutor.java:190)
at org.openqa.selenium.remote.service.DriverCommandExecutor.invokeExecute(DriverCommandExecutor.java:216)
at org.openqa.selenium.remote.service.DriverCommandExecutor.execute(DriverCommandExecutor.java:174)
at org.openqa.selenium.remote.RemoteWebDriver.execute(RemoteWebDriver.java:518)
at org.openqa.selenium.remote.ElementLocation$ElementFinder$2.findElement(ElementLocation.java:165)
at org.openqa.selenium.remote.ElementLocation.findElement(ElementLocation.java:59)
at org.openqa.selenium.remote.RemoteWebDriver.findElement(RemoteWebDriver.java:355)
at org.openqa.selenium.remote.RemoteWebDriver.findElement(RemoteWebDriver.java:349)
at org.openqa.selenium.support.pagefactory.DefaultElementLocator.findElement(DefaultElementLocator.java:68)
at org.openqa.selenium.support.pagefactory.internal.LocatingElementHandler.invoke(LocatingElementHandler.java:38)
at jdk.proxy2/jdk.proxy2.$Proxy16.isDisplayed(Unknown Source)
at org.openqa.selenium.support.ui.ExpectedConditions.elementIfVisible(ExpectedConditions.java:304)
at org.openqa.selenium.support.ui.ExpectedConditions$10.apply(ExpectedConditions.java:290)
at org.openqa.selenium.support.ui.ExpectedConditions$10.apply(ExpectedConditions.java:287)
at org.openqa.selenium.support.ui.ExpectedConditions$23.apply(ExpectedConditions.java:656)
at org.openqa.selenium.support.ui.ExpectedConditions$23.apply(ExpectedConditions.java:652)
at org.openqa.selenium.support.ui.FluentWait.until(FluentWait.java:203)
at projectDemoBlaze.LoginPageDemoBlaze.clickTheButtonPlaceOrder(LoginPageDemoBlaze.java:636)
at projectDemoBlaze.TestDemoBlazeClass7.verifyPricesFromSecondToThirdPageSecond(TestDemoBlazeClass7.java:96)
at java.base/jdk.internal.reflect.NativeMethodAccessorImpl.invoke0(Native Method)
at java.base/jdk.internal.reflect.NativeMethodAccessorImpl.invoke(NativeMethodAccessorImpl.java:77)
at java.base/jdk.internal.reflect.DelegatingMethodAccessorImpl.invoke(DelegatingMethodAccessorImpl.java:43)
at java.base/java.lang.reflect.Method.invoke(Method.java:568)
at org.testng.internal.MethodInvocationHelper.invokeMethod(MethodInvocationHelper.java:133)
at org.testng.internal.TestInvoker.invokeMethod(TestInvoker.java:598)
at org.testng.internal.TestInvoker.invokeTestMethod(TestInvoker.java:173)
at org.testng.internal.MethodRunner.runInSequence(MethodRunner.java:46)
at org.testng.internal.TestInvoker$MethodInvocationAgent.invoke(TestInvoker.java:824)
at org.testng.internal.TestInvoker.invokeTestMethods(TestInvoker.java:146)
at org.testng.internal.TestMethodWorker.invokeTestMethods(TestMethodWorker.java:146)
at org.testng.internal.TestMethodWorker.run(TestMethodWorker.java:128)
at java.base/java.util.ArrayList.forEach(ArrayList.java:1511)
at org.testng.TestRunner.privateRun(TestRunner.java:794)
at org.testng.TestRunner.run(TestRunner.java:596)
at org.testng.SuiteRunner.runTest(SuiteRunner.java:377)
at org.testng.SuiteRunner.runSequentially(SuiteRunner.java:371)
at org.testng.SuiteRunner.privateRun(SuiteRunner.java:332)
at org.testng.SuiteRunner.run(SuiteRunner.java:276)
at org.testng.SuiteRunnerWorker.runSuite(SuiteRunnerWorker.java:53)
at org.testng.SuiteRunnerWorker.run(SuiteRunnerWorker.java:96)
at org.testng.TestNG.runSuitesSequentially(TestNG.java:1212)
at org.testng.TestNG.runSuitesLocally(TestNG.java:1134)
at org.testng.TestNG.runSuites(TestNG.java:1063)
at org.testng.TestNG.run(TestNG.java:1031)
at org.testng.remote.AbstractRemoteTestNG.run(AbstractRemoteTestNG.java:115)
at org.testng.remote.RemoteTestNG.initAndRun(RemoteTestNG.java:293)
at org.testng.remote.RemoteTestNG.main(RemoteTestNG.java:91)
]]>
    </error>
  </testcase> <!-- verifyPricesFromSecondToThirdPageSecond -->
  <system-out/>
</testsuite> <!-- projectDemoBlaze.TestDemoBlazeClass7 -->
