<?xml version="1.0" encoding="UTF-8"?>
<!-- Generated by org.testng.reporters.JUnitReportReporter -->
<testsuite hostname="Damjan" failures="0" tests="19" name="projectDemoBlaze.TestDemoBlazeClass5" time="57.295" errors="1" timestamp="2024-07-13T10:44:37 CEST" skipped="0">
  <testcase classname="projectDemoBlaze.TestDemoBlazeClass5" name="negativeTestCase1" time="3.057"/>
  <system-out/>
  <testcase classname="projectDemoBlaze.TestDemoBlazeClass5" name="negativeTestCase1" time="3.523"/>
  <system-out/>
  <testcase classname="projectDemoBlaze.TestDemoBlazeClass5" name="negativeTestCase2" time="3.096"/>
  <system-out/>
  <testcase classname="projectDemoBlaze.TestDemoBlazeClass5" name="negativeTestCase2" time="3.323"/>
  <system-out/>
  <testcase classname="projectDemoBlaze.TestDemoBlazeClass5" name="negativeTestCase1" time="3.011"/>
  <system-out/>
  <testcase classname="projectDemoBlaze.TestDemoBlazeClass5" name="negativeTestCase1" time="3.069"/>
  <system-out/>
  <testcase classname="projectDemoBlaze.TestDemoBlazeClass5" name="negativeTestCase2" time="2.570"/>
  <system-out/>
  <testcase classname="projectDemoBlaze.TestDemoBlazeClass5" name="negativeTestCase1" time="2.798"/>
  <system-out/>
  <testcase classname="projectDemoBlaze.TestDemoBlazeClass5" name="testCase16" time="0.995"/>
  <system-out/>
  <testcase classname="projectDemoBlaze.TestDemoBlazeClass5" name="negativeTestCase1" time="3.846"/>
  <system-out/>
  <testcase classname="projectDemoBlaze.TestDemoBlazeClass5" name="negativeTestCase2" time="3.598"/>
  <system-out/>
  <testcase classname="projectDemoBlaze.TestDemoBlazeClass5" name="negativeTestCase2" time="3.480"/>
  <system-out/>
  <testcase classname="projectDemoBlaze.TestDemoBlazeClass5" name="negativeTestCase2" time="3.260"/>
  <system-out/>
  <testcase classname="projectDemoBlaze.TestDemoBlazeClass5" name="negativeTestCase2" time="3.818"/>
  <system-out/>
  <testcase classname="projectDemoBlaze.TestDemoBlazeClass5" name="negativeTestCase2" time="2.891"/>
  <system-out/>
  <testcase classname="projectDemoBlaze.TestDemoBlazeClass5" name="negativeTestCase1" time="2.662"/>
  <system-out/>
  <testcase classname="projectDemoBlaze.TestDemoBlazeClass5" name="negativeTestCase1" time="5.736"/>
  <system-out/>
  <testcase classname="projectDemoBlaze.TestDemoBlazeClass5" name="negativeTestCase2" time="2.422"/>
  <system-out/>
  <testcase classname="projectDemoBlaze.TestDemoBlazeClass5" name="testCase17" time="0.140">
    <error message="stale element reference: stale element not found in the current frame
  (Session info: chrome=126.0.6478.127)
For documentation on this error, please visit: https://www.selenium.dev/documentation/webdriver/troubleshooting/errors#stale-element-reference-exception
Build info: version: &#039;4.22.0&#039;, revision: &#039;c5f3146703*&#039;
System info: os.name: &#039;Windows 11&#039;, os.arch: &#039;amd64&#039;, os.version: &#039;10.0&#039;, java.version: &#039;17.0.10&#039;
Driver info: org.openqa.selenium.chrome.ChromeDriver
Command: [7d6ef5049b3453af33f6f5ff2a14a923, isElementDisplayed {id=f.30EFFFCD8AAA6D6491A6C20314716768.d.5DEC17E6060B1DD6C0A1623DA6CCE837.e.3243}]
Capabilities {acceptInsecureCerts: false, browserName: chrome, browserVersion: 126.0.6478.127, chrome: {chromedriverVersion: 126.0.6478.126 (d36ace6122e..., userDataDir: C:\Users\Damja\AppData\Loca...}, fedcm:accounts: true, goog:chromeOptions: {debuggerAddress: localhost:62830}, networkConnectionEnabled: false, pageLoadStrategy: normal, platformName: windows, proxy: Proxy(), se:cdp: ws://localhost:62830/devtoo..., se:cdpVersion: 126.0.6478.127, setWindowRect: true, strictFileInteractability: false, timeouts: {implicit: 0, pageLoad: 300000, script: 30000}, unhandledPromptBehavior: dismiss and notify, webauthn:extension:credBlob: true, webauthn:extension:largeBlob: true, webauthn:extension:minPinLength: true, webauthn:extension:prf: true, webauthn:virtualAuthenticators: true}
Element: [[ChromeDriver: chrome on windows (7d6ef5049b3453af33f6f5ff2a14a923)] -&gt; css selector: div#tbodyid div:nth-child(1)]
Session ID: 7d6ef5049b3453af33f6f5ff2a14a923" type="org.openqa.selenium.StaleElementReferenceException">
      <![CDATA[org.openqa.selenium.StaleElementReferenceException: stale element reference: stale element not found in the current frame
  (Session info: chrome=126.0.6478.127)
For documentation on this error, please visit: https://www.selenium.dev/documentation/webdriver/troubleshooting/errors#stale-element-reference-exception
Build info: version: '4.22.0', revision: 'c5f3146703*'
System info: os.name: 'Windows 11', os.arch: 'amd64', os.version: '10.0', java.version: '17.0.10'
Driver info: org.openqa.selenium.chrome.ChromeDriver
Command: [7d6ef5049b3453af33f6f5ff2a14a923, isElementDisplayed {id=f.30EFFFCD8AAA6D6491A6C20314716768.d.5DEC17E6060B1DD6C0A1623DA6CCE837.e.3243}]
Capabilities {acceptInsecureCerts: false, browserName: chrome, browserVersion: 126.0.6478.127, chrome: {chromedriverVersion: 126.0.6478.126 (d36ace6122e..., userDataDir: C:\Users\Damja\AppData\Loca...}, fedcm:accounts: true, goog:chromeOptions: {debuggerAddress: localhost:62830}, networkConnectionEnabled: false, pageLoadStrategy: normal, platformName: windows, proxy: Proxy(), se:cdp: ws://localhost:62830/devtoo..., se:cdpVersion: 126.0.6478.127, setWindowRect: true, strictFileInteractability: false, timeouts: {implicit: 0, pageLoad: 300000, script: 30000}, unhandledPromptBehavior: dismiss and notify, webauthn:extension:credBlob: true, webauthn:extension:largeBlob: true, webauthn:extension:minPinLength: true, webauthn:extension:prf: true, webauthn:virtualAuthenticators: true}
Element: [[ChromeDriver: chrome on windows (7d6ef5049b3453af33f6f5ff2a14a923)] -> css selector: div#tbodyid div:nth-child(1)]
Session ID: 7d6ef5049b3453af33f6f5ff2a14a923
at java.base/jdk.internal.reflect.NativeConstructorAccessorImpl.newInstance0(Native Method)
at java.base/jdk.internal.reflect.NativeConstructorAccessorImpl.newInstance(NativeConstructorAccessorImpl.java:77)
at java.base/jdk.internal.reflect.DelegatingConstructorAccessorImpl.newInstance(DelegatingConstructorAccessorImpl.java:45)
at java.base/java.lang.reflect.Constructor.newInstanceWithCaller(Constructor.java:499)
at java.base/java.lang.reflect.Constructor.newInstance(Constructor.java:480)
at org.openqa.selenium.remote.ErrorCodec.decode(ErrorCodec.java:167)
at org.openqa.selenium.remote.codec.w3c.W3CHttpResponseCodec.decode(W3CHttpResponseCodec.java:138)
at org.openqa.selenium.remote.codec.w3c.W3CHttpResponseCodec.decode(W3CHttpResponseCodec.java:50)
at org.openqa.selenium.remote.HttpCommandExecutor.execute(HttpCommandExecutor.java:190)
at org.openqa.selenium.remote.service.DriverCommandExecutor.invokeExecute(DriverCommandExecutor.java:216)
at org.openqa.selenium.remote.service.DriverCommandExecutor.execute(DriverCommandExecutor.java:174)
at org.openqa.selenium.remote.RemoteWebDriver.execute(RemoteWebDriver.java:518)
at org.openqa.selenium.remote.RemoteWebElement.execute(RemoteWebElement.java:223)
at org.openqa.selenium.remote.RemoteWebElement.isDisplayed(RemoteWebElement.java:282)
at org.openqa.selenium.support.ui.ExpectedConditions$9.apply(ExpectedConditions.java:264)
at org.openqa.selenium.support.ui.ExpectedConditions$9.apply(ExpectedConditions.java:260)
at org.openqa.selenium.support.ui.FluentWait.until(FluentWait.java:203)
at projectDemoBlaze.LoginPageDemoBlaze.clickOnTheFirstItem(LoginPageDemoBlaze.java:646)
at projectDemoBlaze.TestDemoBlazeClass5.testCase17(TestDemoBlazeClass5.java:56)
at java.base/jdk.internal.reflect.NativeMethodAccessorImpl.invoke0(Native Method)
at java.base/jdk.internal.reflect.NativeMethodAccessorImpl.invoke(NativeMethodAccessorImpl.java:77)
at java.base/jdk.internal.reflect.DelegatingMethodAccessorImpl.invoke(DelegatingMethodAccessorImpl.java:43)
at java.base/java.lang.reflect.Method.invoke(Method.java:568)
at org.testng.internal.MethodInvocationHelper.invokeMethod(MethodInvocationHelper.java:133)
at org.testng.internal.TestInvoker.invokeMethod(TestInvoker.java:598)
at org.testng.internal.TestInvoker.invokeTestMethod(TestInvoker.java:173)
at org.testng.internal.MethodRunner.runInSequence(MethodRunner.java:46)
at org.testng.internal.TestInvoker$MethodInvocationAgent.invoke(TestInvoker.java:824)
at org.testng.internal.TestInvoker.invokeTestMethods(TestInvoker.java:146)
at org.testng.internal.TestMethodWorker.invokeTestMethods(TestMethodWorker.java:146)
at org.testng.internal.TestMethodWorker.run(TestMethodWorker.java:128)
at java.base/java.util.ArrayList.forEach(ArrayList.java:1511)
at org.testng.TestRunner.privateRun(TestRunner.java:794)
at org.testng.TestRunner.run(TestRunner.java:596)
at org.testng.SuiteRunner.runTest(SuiteRunner.java:377)
at org.testng.SuiteRunner.runSequentially(SuiteRunner.java:371)
at org.testng.SuiteRunner.privateRun(SuiteRunner.java:332)
at org.testng.SuiteRunner.run(SuiteRunner.java:276)
at org.testng.SuiteRunnerWorker.runSuite(SuiteRunnerWorker.java:53)
at org.testng.SuiteRunnerWorker.run(SuiteRunnerWorker.java:96)
at org.testng.TestNG.runSuitesSequentially(TestNG.java:1212)
at org.testng.TestNG.runSuitesLocally(TestNG.java:1134)
at org.testng.TestNG.runSuites(TestNG.java:1063)
at org.testng.TestNG.run(TestNG.java:1031)
at org.testng.remote.AbstractRemoteTestNG.run(AbstractRemoteTestNG.java:115)
at org.testng.remote.RemoteTestNG.initAndRun(RemoteTestNG.java:293)
at org.testng.remote.RemoteTestNG.main(RemoteTestNG.java:91)
]]>
    </error>
  </testcase> <!-- testCase17 -->
  <system-out/>
</testsuite> <!-- projectDemoBlaze.TestDemoBlazeClass5 -->
